2025-10-16 19:46:24.106 [info] Latency measurements for local backend
window<->ptyhost (message port): 4.10ms
window<->ptyhostservice<->ptyhost: 9.20ms
ptyhostservice<->ptyhost: 1.79ms []
2025-10-16 20:19:31.337 [info] Latency measurements for local backend
window<->ptyhost (message port): 0.40ms
window<->ptyhostservice<->ptyhost: 0.70ms
ptyhostservice<->ptyhost: 0.31ms []
2025-10-16 20:19:52.747 [info] Latency measurements for local backend
window<->ptyhost (message port): 0.30ms
window<->ptyhostservice<->ptyhost: 0.80ms
ptyhostservice<->ptyhost: 0.32ms []
2025-10-16 20:20:46.067 [info] Latency measurements for local backend
window<->ptyhost (message port): 0.60ms
window<->ptyhostservice<->ptyhost: 0.80ms
ptyhostservice<->ptyhost: 0.28ms []
2025-10-16 20:20:53.252 [info] Latency measurements for local backend
window<->ptyhost (message port): 0.30ms
window<->ptyhostservice<->ptyhost: 0.80ms
ptyhostservice<->ptyhost: 0.25ms []
2025-10-16 20:20:53.463 [info] Latency measurements for local backend
window<->ptyhost (message port): 0.20ms
window<->ptyhostservice<->ptyhost: 0.80ms
ptyhostservice<->ptyhost: 0.32ms []
2025-10-16 20:24:03.796 [info] Latency measurements for local backend
window<->ptyhost (message port): 0.60ms
window<->ptyhostservice<->ptyhost: 0.90ms
ptyhostservice<->ptyhost: 0.38ms []
2025-10-16 20:24:06.825 [info] Latency measurements for local backend
window<->ptyhost (message port): 0.30ms
window<->ptyhostservice<->ptyhost: 0.90ms
ptyhostservice<->ptyhost: 0.32ms []
2025-10-16 20:24:08.487 [info] Latency measurements for local backend
window<->ptyhost (message port): 0.40ms
window<->ptyhostservice<->ptyhost: 1.00ms
ptyhostservice<->ptyhost: 0.47ms []
2025-10-16 20:26:46.079 [info] Latency measurements for local backend
window<->ptyhost (message port): 0.30ms
window<->ptyhostservice<->ptyhost: 0.60ms
ptyhostservice<->ptyhost: 0.25ms []
2025-10-16 20:26:49.676 [info] Latency measurements for local backend
window<->ptyhost (message port): 0.40ms
window<->ptyhostservice<->ptyhost: 1.00ms
ptyhostservice<->ptyhost: 0.34ms []
2025-10-16 20:26:51.348 [info] Latency measurements for local backend
window<->ptyhost (message port): 0.60ms
window<->ptyhostservice<->ptyhost: 0.90ms
ptyhostservice<->ptyhost: 0.37ms []
2025-10-16 20:30:54.509 [info] Latency measurements for local backend
window<->ptyhost (message port): 0.40ms
window<->ptyhostservice<->ptyhost: 0.80ms
ptyhostservice<->ptyhost: 0.32ms []
2025-10-16 20:30:59.125 [info] Latency measurements for local backend
window<->ptyhost (message port): 0.40ms
window<->ptyhostservice<->ptyhost: 0.80ms
ptyhostservice<->ptyhost: 0.31ms []
2025-10-16 20:31:00.849 [info] Latency measurements for local backend
window<->ptyhost (message port): 0.40ms
window<->ptyhostservice<->ptyhost: 0.80ms
ptyhostservice<->ptyhost: 0.35ms []
2025-10-16 20:32:02.276 [info] Latency measurements for local backend
window<->ptyhost (message port): 0.40ms
window<->ptyhostservice<->ptyhost: 0.90ms
ptyhostservice<->ptyhost: 0.30ms []
2025-10-16 20:32:05.689 [info] Latency measurements for local backend
window<->ptyhost (message port): 0.30ms
window<->ptyhostservice<->ptyhost: 0.60ms
ptyhostservice<->ptyhost: 0.25ms []
2025-10-16 20:32:07.370 [info] Latency measurements for local backend
window<->ptyhost (message port): 0.30ms
window<->ptyhostservice<->ptyhost: 1.00ms
ptyhostservice<->ptyhost: 0.53ms []
2025-10-16 20:33:15.243 [info] Latency measurements for local backend
window<->ptyhost (message port): 0.40ms
window<->ptyhostservice<->ptyhost: 1.00ms
ptyhostservice<->ptyhost: 0.47ms []
2025-10-16 20:33:18.740 [info] Latency measurements for local backend
window<->ptyhost (message port): 0.30ms
window<->ptyhostservice<->ptyhost: 0.60ms
ptyhostservice<->ptyhost: 0.28ms []
2025-10-16 20:33:20.376 [info] Latency measurements for local backend
window<->ptyhost (message port): 0.60ms
window<->ptyhostservice<->ptyhost: 1.10ms
ptyhostservice<->ptyhost: 0.39ms []
2025-10-16 20:45:56.373 [info] Latency measurements for local backend
window<->ptyhost (message port): 0.40ms
window<->ptyhostservice<->ptyhost: 0.50ms
ptyhostservice<->ptyhost: 0.23ms []
2025-10-16 20:46:00.040 [info] Latency measurements for local backend
window<->ptyhost (message port): 0.30ms
window<->ptyhostservice<->ptyhost: 0.60ms
ptyhostservice<->ptyhost: 0.28ms []
2025-10-16 20:46:01.692 [info] Latency measurements for local backend
window<->ptyhost (message port): 0.50ms
window<->ptyhostservice<->ptyhost: 0.70ms
ptyhostservice<->ptyhost: 0.30ms []
2025-10-16 20:54:54.238 [info] Latency measurements for local backend
window<->ptyhost (message port): 0.40ms
window<->ptyhostservice<->ptyhost: 0.70ms
ptyhostservice<->ptyhost: 0.25ms []
2025-10-16 20:54:57.927 [info] Latency measurements for local backend
window<->ptyhost (message port): 0.30ms
window<->ptyhostservice<->ptyhost: 0.90ms
ptyhostservice<->ptyhost: 0.35ms []
2025-10-16 20:54:59.615 [info] Latency measurements for local backend
window<->ptyhost (message port): 0.50ms
window<->ptyhostservice<->ptyhost: 0.80ms
ptyhostservice<->ptyhost: 0.30ms []
2025-10-19 13:50:15.976 [info] Latency measurements for local backend
window<->ptyhost (message port): 1.20ms
window<->ptyhostservice<->ptyhost: 2.70ms
ptyhostservice<->ptyhost: 0.81ms []
2025-10-19 13:51:10.464 [info] Latency measurements for local backend
window<->ptyhost (message port): 0.60ms
window<->ptyhostservice<->ptyhost: 1.70ms
ptyhostservice<->ptyhost: 0.83ms []
2025-10-19 13:51:17.695 [info] Latency measurements for local backend
window<->ptyhost (message port): 0.80ms
window<->ptyhostservice<->ptyhost: 1.10ms
ptyhostservice<->ptyhost: 0.51ms []
2025-10-19 13:51:41.664 [info] Latency measurements for local backend
window<->ptyhost (message port): 0.80ms
window<->ptyhostservice<->ptyhost: 1.40ms
ptyhostservice<->ptyhost: 0.66ms []
2025-10-19 13:52:07.315 [error] Exception occurred during xterm disposal [{}]
2025-10-19 13:52:11.601 [info] Latency measurements for local backend
window<->ptyhost (message port): 0.50ms
window<->ptyhostservice<->ptyhost: 1.60ms
ptyhostservice<->ptyhost: 0.65ms []
2025-10-19 13:53:09.269 [info] Latency measurements for local backend
window<->ptyhost (message port): 0.70ms
window<->ptyhostservice<->ptyhost: 1.50ms
ptyhostservice<->ptyhost: 0.47ms []
2025-10-19 13:54:58.871 [info] Latency measurements for local backend
window<->ptyhost (message port): 0.50ms
window<->ptyhostservice<->ptyhost: 1.60ms
ptyhostservice<->ptyhost: 0.77ms []
2025-10-19 13:55:35.790 [info] Latency measurements for local backend
window<->ptyhost (message port): 0.50ms
window<->ptyhostservice<->ptyhost: 1.00ms
ptyhostservice<->ptyhost: 0.52ms []
2025-10-19 13:56:07.235 [error] Exception occurred during xterm disposal [{}]
2025-10-19 13:56:10.733 [info] Latency measurements for local backend
window<->ptyhost (message port): 0.40ms
window<->ptyhostservice<->ptyhost: 1.40ms
ptyhostservice<->ptyhost: 0.41ms []
2025-10-19 13:56:15.851 [info] Latency measurements for local backend
window<->ptyhost (message port): 0.70ms
window<->ptyhostservice<->ptyhost: 1.00ms
ptyhostservice<->ptyhost: 0.50ms []
2025-10-19 14:10:32.839 [info] Latency measurements for local backend
window<->ptyhost (message port): 0.60ms
window<->ptyhostservice<->ptyhost: 0.80ms
ptyhostservice<->ptyhost: 0.36ms []
2025-10-19 14:12:34.819 [info] Latency measurements for local backend
window<->ptyhost (message port): 0.50ms
window<->ptyhostservice<->ptyhost: 0.80ms
ptyhostservice<->ptyhost: 0.33ms []
2025-10-19 14:13:30.352 [info] Latency measurements for local backend
window<->ptyhost (message port): 0.40ms
window<->ptyhostservice<->ptyhost: 1.20ms
ptyhostservice<->ptyhost: 0.59ms []
2025-10-19 14:13:38.452 [info] Latency measurements for local backend
window<->ptyhost (message port): 0.50ms
window<->ptyhostservice<->ptyhost: 1.00ms
ptyhostservice<->ptyhost: 0.40ms []
2025-10-19 14:16:06.430 [info] Latency measurements for local backend
window<->ptyhost (message port): 0.40ms
window<->ptyhostservice<->ptyhost: 0.50ms
ptyhostservice<->ptyhost: 0.26ms []
2025-10-19 14:16:06.995 [info] Latency measurements for local backend
window<->ptyhost (message port): 0.40ms
window<->ptyhostservice<->ptyhost: 1.40ms
ptyhostservice<->ptyhost: 0.55ms []
2025-10-19 14:16:08.662 [info] Latency measurements for local backend
window<->ptyhost (message port): 0.70ms
window<->ptyhostservice<->ptyhost: 1.10ms
ptyhostservice<->ptyhost: 0.47ms []
2025-10-19 14:21:52.114 [info] Latency measurements for local backend
window<->ptyhost (message port): 0.40ms
window<->ptyhostservice<->ptyhost: 0.60ms
ptyhostservice<->ptyhost: 0.28ms []
2025-10-19 14:22:07.049 [info] Latency measurements for local backend
window<->ptyhost (message port): 0.40ms
window<->ptyhostservice<->ptyhost: 0.90ms
ptyhostservice<->ptyhost: 0.33ms []
2025-10-19 14:22:10.632 [info] Latency measurements for local backend
window<->ptyhost (message port): 1.30ms
window<->ptyhostservice<->ptyhost: 0.90ms
ptyhostservice<->ptyhost: 0.30ms []
2025-10-19 14:22:12.309 [info] Latency measurements for local backend
window<->ptyhost (message port): 0.40ms
window<->ptyhostservice<->ptyhost: 0.60ms
ptyhostservice<->ptyhost: 0.28ms []
2025-10-19 14:37:47.297 [info] Latency measurements for local backend
window<->ptyhost (message port): 2.60ms
window<->ptyhostservice<->ptyhost: 1.40ms
ptyhostservice<->ptyhost: 0.34ms []
2025-10-19 14:39:11.993 [info] Latency measurements for local backend
window<->ptyhost (message port): 0.40ms
window<->ptyhostservice<->ptyhost: 0.90ms
ptyhostservice<->ptyhost: 0.30ms []
2025-10-19 14:40:02.672 [info] Latency measurements for local backend
window<->ptyhost (message port): 0.50ms
window<->ptyhostservice<->ptyhost: 0.80ms
ptyhostservice<->ptyhost: 0.28ms []
2025-10-19 14:40:08.104 [info] Latency measurements for local backend
window<->ptyhost (message port): 1.50ms
window<->ptyhostservice<->ptyhost: 1.30ms
ptyhostservice<->ptyhost: 0.53ms []
2025-10-19 14:40:09.776 [info] Latency measurements for local backend
window<->ptyhost (message port): 0.40ms
window<->ptyhostservice<->ptyhost: 0.70ms
ptyhostservice<->ptyhost: 0.27ms []
2025-10-19 14:41:40.176 [info] Latency measurements for local backend
window<->ptyhost (message port): 1.60ms
window<->ptyhostservice<->ptyhost: 0.80ms
ptyhostservice<->ptyhost: 0.30ms []
2025-10-19 14:41:45.119 [info] Latency measurements for local backend
window<->ptyhost (message port): 0.50ms
window<->ptyhostservice<->ptyhost: 1.00ms
ptyhostservice<->ptyhost: 0.47ms []
2025-10-19 14:41:46.900 [info] Latency measurements for local backend
window<->ptyhost (message port): 0.30ms
window<->ptyhostservice<->ptyhost: 0.80ms
ptyhostservice<->ptyhost: 0.33ms []
2025-10-19 14:43:51.929 [info] Latency measurements for local backend
window<->ptyhost (message port): 0.40ms
window<->ptyhostservice<->ptyhost: 0.70ms
ptyhostservice<->ptyhost: 0.35ms []
2025-10-19 14:43:55.467 [info] Latency measurements for local backend
window<->ptyhost (message port): 0.40ms
window<->ptyhostservice<->ptyhost: 0.70ms
ptyhostservice<->ptyhost: 0.29ms []
2025-10-19 14:43:57.114 [info] Latency measurements for local backend
window<->ptyhost (message port): 0.30ms
window<->ptyhostservice<->ptyhost: 0.80ms
ptyhostservice<->ptyhost: 0.32ms []
2025-10-19 14:44:47.625 [info] Latency measurements for local backend
window<->ptyhost (message port): 0.30ms
window<->ptyhostservice<->ptyhost: 0.90ms
ptyhostservice<->ptyhost: 0.34ms []
2025-10-19 14:44:51.027 [error] Exception occurred during xterm disposal [{}]
2025-10-19 14:46:11.778 [info] Latency measurements for local backend
window<->ptyhost (message port): 0.20ms
window<->ptyhostservice<->ptyhost: 0.70ms
ptyhostservice<->ptyhost: 0.23ms []
2025-10-19 14:49:48.785 [info] Latency measurements for local backend
window<->ptyhost (message port): 0.40ms
window<->ptyhostservice<->ptyhost: 1.00ms
ptyhostservice<->ptyhost: 0.42ms []
2025-10-19 14:49:52.847 [info] Latency measurements for local backend
window<->ptyhost (message port): 0.40ms
window<->ptyhostservice<->ptyhost: 0.60ms
ptyhostservice<->ptyhost: 0.28ms []
2025-10-19 14:49:54.144 [info] Latency measurements for local backend
window<->ptyhost (message port): 0.50ms
window<->ptyhostservice<->ptyhost: 0.70ms
ptyhostservice<->ptyhost: 0.35ms []
2025-10-19 14:52:48.139 [info] Latency measurements for local backend
window<->ptyhost (message port): 0.30ms
window<->ptyhostservice<->ptyhost: 0.50ms
ptyhostservice<->ptyhost: 0.31ms []
2025-10-19 14:52:51.639 [info] Latency measurements for local backend
window<->ptyhost (message port): 0.40ms
window<->ptyhostservice<->ptyhost: 0.70ms
ptyhostservice<->ptyhost: 0.26ms []
2025-10-19 14:52:53.280 [info] Latency measurements for local backend
window<->ptyhost (message port): 0.40ms
window<->ptyhostservice<->ptyhost: 3.00ms
ptyhostservice<->ptyhost: 2.54ms []
2025-10-19 14:55:11.337 [info] Latency measurements for local backend
window<->ptyhost (message port): 0.30ms
window<->ptyhostservice<->ptyhost: 0.70ms
ptyhostservice<->ptyhost: 0.25ms []
2025-10-19 14:55:14.861 [info] Latency measurements for local backend
window<->ptyhost (message port): 0.20ms
window<->ptyhostservice<->ptyhost: 0.70ms
ptyhostservice<->ptyhost: 0.29ms []
2025-10-19 14:55:16.504 [info] Latency measurements for local backend
window<->ptyhost (message port): 0.30ms
window<->ptyhostservice<->ptyhost: 0.70ms
ptyhostservice<->ptyhost: 0.27ms []
2025-10-19 15:01:07.478 [info] Latency measurements for local backend
window<->ptyhost (message port): 0.70ms
window<->ptyhostservice<->ptyhost: 0.70ms
ptyhostservice<->ptyhost: 0.41ms []
2025-10-19 15:02:28.630 [info] Latency measurements for local backend
window<->ptyhost (message port): 0.30ms
window<->ptyhostservice<->ptyhost: 0.70ms
ptyhostservice<->ptyhost: 0.29ms []
2025-10-19 15:03:30.597 [info] Latency measurements for local backend
window<->ptyhost (message port): 0.50ms
window<->ptyhostservice<->ptyhost: 1.10ms
ptyhostservice<->ptyhost: 0.49ms []
2025-10-19 15:04:32.151 [info] Latency measurements for local backend
window<->ptyhost (message port): 0.60ms
window<->ptyhostservice<->ptyhost: 0.80ms
ptyhostservice<->ptyhost: 0.33ms []
2025-10-19 15:04:47.452 [info] Latency measurements for local backend
window<->ptyhost (message port): 0.90ms
window<->ptyhostservice<->ptyhost: 0.80ms
ptyhostservice<->ptyhost: 0.29ms []
2025-10-19 15:04:51.205 [info] Latency measurements for local backend
window<->ptyhost (message port): 0.50ms
window<->ptyhostservice<->ptyhost: 0.90ms
ptyhostservice<->ptyhost: 0.31ms []
2025-10-19 15:04:53.012 [info] Latency measurements for local backend
window<->ptyhost (message port): 0.50ms
window<->ptyhostservice<->ptyhost: 0.70ms
ptyhostservice<->ptyhost: 0.28ms []
2025-10-19 15:05:33.151 [info] Latency measurements for local backend
window<->ptyhost (message port): 0.60ms
window<->ptyhostservice<->ptyhost: 0.60ms
ptyhostservice<->ptyhost: 0.28ms []
2025-10-19 15:05:36.676 [info] Latency measurements for local backend
window<->ptyhost (message port): 1.60ms
window<->ptyhostservice<->ptyhost: 2.50ms
ptyhostservice<->ptyhost: 0.40ms []
2025-10-19 15:05:38.393 [info] Latency measurements for local backend
window<->ptyhost (message port): 0.40ms
window<->ptyhostservice<->ptyhost: 0.80ms
ptyhostservice<->ptyhost: 0.29ms []
2025-10-19 15:09:27.779 [info] Latency measurements for local backend
window<->ptyhost (message port): 0.40ms
window<->ptyhostservice<->ptyhost: 0.90ms
ptyhostservice<->ptyhost: 0.30ms []
2025-10-19 15:09:31.606 [info] Latency measurements for local backend
window<->ptyhost (message port): 0.50ms
window<->ptyhostservice<->ptyhost: 0.80ms
ptyhostservice<->ptyhost: 0.33ms []
2025-10-19 15:09:33.358 [info] Latency measurements for local backend
window<->ptyhost (message port): 0.60ms
window<->ptyhostservice<->ptyhost: 1.30ms
ptyhostservice<->ptyhost: 0.69ms []
2025-10-19 15:13:49.830 [info] Latency measurements for local backend
window<->ptyhost (message port): 0.40ms
window<->ptyhostservice<->ptyhost: 0.90ms
ptyhostservice<->ptyhost: 0.34ms []
2025-10-19 15:13:53.485 [info] Latency measurements for local backend
window<->ptyhost (message port): 0.40ms
window<->ptyhostservice<->ptyhost: 0.70ms
ptyhostservice<->ptyhost: 0.32ms []
2025-10-19 15:13:55.117 [info] Latency measurements for local backend
window<->ptyhost (message port): 0.40ms
window<->ptyhostservice<->ptyhost: 0.80ms
ptyhostservice<->ptyhost: 0.30ms []
2025-10-19 15:14:48.723 [info] Latency measurements for local backend
window<->ptyhost (message port): 0.90ms
window<->ptyhostservice<->ptyhost: 0.70ms
ptyhostservice<->ptyhost: 0.27ms []
2025-10-19 15:14:52.362 [info] Latency measurements for local backend
window<->ptyhost (message port): 0.20ms
window<->ptyhostservice<->ptyhost: 0.70ms
ptyhostservice<->ptyhost: 0.26ms []
2025-10-19 15:14:54.062 [info] Latency measurements for local backend
window<->ptyhost (message port): 0.60ms
window<->ptyhostservice<->ptyhost: 0.90ms
ptyhostservice<->ptyhost: 0.29ms []
2025-10-19 15:15:32.892 [info] Latency measurements for local backend
window<->ptyhost (message port): 0.40ms
window<->ptyhostservice<->ptyhost: 0.90ms
ptyhostservice<->ptyhost: 0.28ms []
2025-10-19 15:15:33.396 [info] Latency measurements for local backend
window<->ptyhost (message port): 0.30ms
window<->ptyhostservice<->ptyhost: 1.00ms
ptyhostservice<->ptyhost: 0.34ms []
2025-10-19 15:15:35.036 [info] Latency measurements for local backend
window<->ptyhost (message port): 0.80ms
window<->ptyhostservice<->ptyhost: 0.70ms
ptyhostservice<->ptyhost: 0.27ms []
2025-10-19 15:16:05.398 [info] Latency measurements for local backend
window<->ptyhost (message port): 0.30ms
window<->ptyhostservice<->ptyhost: 0.80ms
ptyhostservice<->ptyhost: 0.25ms []
2025-10-19 15:16:08.795 [info] Latency measurements for local backend
window<->ptyhost (message port): 0.30ms
window<->ptyhostservice<->ptyhost: 0.80ms
ptyhostservice<->ptyhost: 0.32ms []
2025-10-19 15:16:10.484 [info] Latency measurements for local backend
window<->ptyhost (message port): 0.50ms
window<->ptyhostservice<->ptyhost: 1.90ms
ptyhostservice<->ptyhost: 0.60ms []
2025-10-19 15:16:28.359 [info] Latency measurements for local backend
window<->ptyhost (message port): 0.80ms
window<->ptyhostservice<->ptyhost: 1.00ms
ptyhostservice<->ptyhost: 0.42ms []
2025-10-19 15:16:31.840 [info] Latency measurements for local backend
window<->ptyhost (message port): 0.50ms
window<->ptyhostservice<->ptyhost: 0.70ms
ptyhostservice<->ptyhost: 0.31ms []
2025-10-19 15:16:33.533 [info] Latency measurements for local backend
window<->ptyhost (message port): 0.70ms
window<->ptyhostservice<->ptyhost: 1.20ms
ptyhostservice<->ptyhost: 0.64ms []
2025-10-19 15:19:39.284 [info] Latency measurements for local backend
window<->ptyhost (message port): 0.20ms
window<->ptyhostservice<->ptyhost: 0.70ms
ptyhostservice<->ptyhost: 0.31ms []
2025-10-19 15:19:42.864 [info] Latency measurements for local backend
window<->ptyhost (message port): 0.30ms
window<->ptyhostservice<->ptyhost: 0.80ms
ptyhostservice<->ptyhost: 0.25ms []
2025-10-19 15:19:44.554 [info] Latency measurements for local backend
window<->ptyhost (message port): 0.40ms
window<->ptyhostservice<->ptyhost: 0.60ms
ptyhostservice<->ptyhost: 0.22ms []
2025-10-19 15:29:39.190 [info] Latency measurements for local backend
window<->ptyhost (message port): 0.30ms
window<->ptyhostservice<->ptyhost: 4.70ms
ptyhostservice<->ptyhost: 0.32ms []
2025-10-19 15:30:09.917 [info] Latency measurements for local backend
window<->ptyhost (message port): 0.30ms
window<->ptyhostservice<->ptyhost: 0.80ms
ptyhostservice<->ptyhost: 0.26ms []
2025-10-19 15:30:13.985 [info] Latency measurements for local backend
window<->ptyhost (message port): 0.50ms
window<->ptyhostservice<->ptyhost: 1.00ms
ptyhostservice<->ptyhost: 0.37ms []
2025-10-19 15:30:15.692 [info] Latency measurements for local backend
window<->ptyhost (message port): 0.50ms
window<->ptyhostservice<->ptyhost: 0.90ms
ptyhostservice<->ptyhost: 0.36ms []
