2025-10-16 19:46:00.954 [info] Extension host with pid 2118 started
2025-10-16 19:46:00.954 [info] Skipping acquiring lock for /home/cgar/.config/Code/User/workspaceStorage/b111155b8223734e2ad0dad899bfe624.
2025-10-16 19:46:01.187 [info] ExtensionService#_doActivateExtension vscode.github-authentication, startup: false, activationEvent: 'onAuthenticationRequest:github'
2025-10-16 19:46:01.207 [info] ExtensionService#_doActivateExtension vscode.emmet, startup: false, activationEvent: 'onLanguage'
2025-10-16 19:46:01.222 [info] ExtensionService#_doActivateExtension ms-vscode.cmake-tools, startup: false, activationEvent: 'onLanguage:cmake'
2025-10-16 19:46:01.377 [info] ExtensionService#_doActivateExtension vscode.terminal-suggest, startup: false, activationEvent: 'onTerminalShellIntegration:*'
2025-10-16 19:46:01.629 [info] ExtensionService#_doActivateExtension vscode.git-base, startup: true, activationEvent: '*', root cause: vscode.git
2025-10-16 19:46:01.643 [info] ExtensionService#_doActivateExtension vscode.git, startup: true, activationEvent: '*'
2025-10-16 19:46:01.682 [info] ExtensionService#_doActivateExtension vscode.github, startup: true, activationEvent: '*'
2025-10-16 19:46:01.724 [info] ExtensionService#_doActivateExtension espressif.esp-idf-extension, startup: true, activationEvent: 'workspaceContains:**/project_description.json,**/sdkconfig,**/CMakeLists.txt'
2025-10-16 19:46:02.423 [info] Eager extensions activated
2025-10-16 19:46:02.451 [info] ExtensionService#_doActivateExtension vscode.debug-auto-launch, startup: false, activationEvent: 'onStartupFinished'
2025-10-16 19:46:02.456 [info] ExtensionService#_doActivateExtension vscode.merge-conflict, startup: false, activationEvent: 'onStartupFinished'
2025-10-16 19:46:02.496 [info] ExtensionService#_doActivateExtension monokai.theme-monokai-pro-vscode, startup: false, activationEvent: 'onStartupFinished'
2025-10-16 19:46:29.040 [error] CodeExpectedError: Task to terminate not found
    at vscode-file://vscode-app/opt/visual-studio-code/resources/app/out/vs/workbench/workbench.desktop.main.js:586:28247
2025-10-16 20:12:57.202 [error] [ms-vscode.cmake-tools] provider FAILED
2025-10-16 20:12:57.202 [error] TypeError: Cannot read properties of undefined (reading 'description')
	at LanguageServiceData.provideHover (/home/cgar/.vscode/extensions/ms-vscode.cmake-tools-1.21.36/dist/main.js:103543:50)
	at ZP.provideHover (file:///opt/visual-studio-code/resources/app/out/vs/workbench/api/node/extensionHostProcess.js:140:131425)
	at file:///opt/visual-studio-code/resources/app/out/vs/workbench/api/node/extensionHostProcess.js:140:159186
	at Kt.G (file:///opt/visual-studio-code/resources/app/out/vs/workbench/api/node/extensionHostProcess.js:140:156654)
	at Kt.$provideHover (file:///opt/visual-studio-code/resources/app/out/vs/workbench/api/node/extensionHostProcess.js:140:159174)
	at j4.S (file:///opt/visual-studio-code/resources/app/out/vs/workbench/api/node/extensionHostProcess.js:29:120180)
	at j4.Q (file:///opt/visual-studio-code/resources/app/out/vs/workbench/api/node/extensionHostProcess.js:29:119960)
	at j4.M (file:///opt/visual-studio-code/resources/app/out/vs/workbench/api/node/extensionHostProcess.js:29:119011)
	at j4.L (file:///opt/visual-studio-code/resources/app/out/vs/workbench/api/node/extensionHostProcess.js:29:118154)
	at od.value (file:///opt/visual-studio-code/resources/app/out/vs/workbench/api/node/extensionHostProcess.js:29:116951)
	at $.C (file:///opt/visual-studio-code/resources/app/out/vs/workbench/api/node/extensionHostProcess.js:27:2373)
	at $.fire (file:///opt/visual-studio-code/resources/app/out/vs/workbench/api/node/extensionHostProcess.js:27:2591)
	at vo.fire (file:///opt/visual-studio-code/resources/app/out/vs/workbench/api/node/extensionHostProcess.js:29:9458)
	at od.value (file:///opt/visual-studio-code/resources/app/out/vs/workbench/api/node/extensionHostProcess.js:391:8617)
	at $.C (file:///opt/visual-studio-code/resources/app/out/vs/workbench/api/node/extensionHostProcess.js:27:2373)
	at $.fire (file:///opt/visual-studio-code/resources/app/out/vs/workbench/api/node/extensionHostProcess.js:27:2591)
	at vo.fire (file:///opt/visual-studio-code/resources/app/out/vs/workbench/api/node/extensionHostProcess.js:29:9458)
	at MessagePortMain.<anonymous> (file:///opt/visual-studio-code/resources/app/out/vs/workbench/api/node/extensionHostProcess.js:391:6909)
	at MessagePortMain.emit (node:events:518:28)
	at MessagePortMain._internalPort.emit (node:electron/js2c/utility_init:2:2949)
2025-10-16 20:19:37.955 [error] CodeExpectedError: Task to terminate not found
    at vscode-file://vscode-app/opt/visual-studio-code/resources/app/out/vs/workbench/workbench.desktop.main.js:586:28247
2025-10-16 20:19:54.010 [error] CodeExpectedError: Task to terminate not found
    at vscode-file://vscode-app/opt/visual-studio-code/resources/app/out/vs/workbench/workbench.desktop.main.js:586:28247
2025-10-16 20:20:29.914 [error] [ms-vscode.cmake-tools] provider FAILED
2025-10-16 20:20:29.914 [error] TypeError: Cannot read properties of undefined (reading 'description')
	at LanguageServiceData.provideHover (/home/cgar/.vscode/extensions/ms-vscode.cmake-tools-1.21.36/dist/main.js:103543:50)
	at ZP.provideHover (file:///opt/visual-studio-code/resources/app/out/vs/workbench/api/node/extensionHostProcess.js:140:131425)
	at file:///opt/visual-studio-code/resources/app/out/vs/workbench/api/node/extensionHostProcess.js:140:159186
	at Kt.G (file:///opt/visual-studio-code/resources/app/out/vs/workbench/api/node/extensionHostProcess.js:140:156654)
	at Kt.$provideHover (file:///opt/visual-studio-code/resources/app/out/vs/workbench/api/node/extensionHostProcess.js:140:159174)
	at j4.S (file:///opt/visual-studio-code/resources/app/out/vs/workbench/api/node/extensionHostProcess.js:29:120180)
	at j4.Q (file:///opt/visual-studio-code/resources/app/out/vs/workbench/api/node/extensionHostProcess.js:29:119960)
	at j4.M (file:///opt/visual-studio-code/resources/app/out/vs/workbench/api/node/extensionHostProcess.js:29:119011)
	at j4.L (file:///opt/visual-studio-code/resources/app/out/vs/workbench/api/node/extensionHostProcess.js:29:118154)
	at od.value (file:///opt/visual-studio-code/resources/app/out/vs/workbench/api/node/extensionHostProcess.js:29:116951)
	at $.C (file:///opt/visual-studio-code/resources/app/out/vs/workbench/api/node/extensionHostProcess.js:27:2373)
	at $.fire (file:///opt/visual-studio-code/resources/app/out/vs/workbench/api/node/extensionHostProcess.js:27:2591)
	at vo.fire (file:///opt/visual-studio-code/resources/app/out/vs/workbench/api/node/extensionHostProcess.js:29:9458)
	at od.value (file:///opt/visual-studio-code/resources/app/out/vs/workbench/api/node/extensionHostProcess.js:391:8617)
	at $.C (file:///opt/visual-studio-code/resources/app/out/vs/workbench/api/node/extensionHostProcess.js:27:2373)
	at $.fire (file:///opt/visual-studio-code/resources/app/out/vs/workbench/api/node/extensionHostProcess.js:27:2591)
	at vo.fire (file:///opt/visual-studio-code/resources/app/out/vs/workbench/api/node/extensionHostProcess.js:29:9458)
	at MessagePortMain.<anonymous> (file:///opt/visual-studio-code/resources/app/out/vs/workbench/api/node/extensionHostProcess.js:391:6909)
	at MessagePortMain.emit (node:events:518:28)
	at MessagePortMain._internalPort.emit (node:electron/js2c/utility_init:2:2949)
2025-10-16 20:20:38.170 [error] [ms-vscode.cmake-tools] provider FAILED
2025-10-16 20:20:38.170 [error] TypeError: Cannot read properties of undefined (reading 'description')
	at LanguageServiceData.provideHover (/home/cgar/.vscode/extensions/ms-vscode.cmake-tools-1.21.36/dist/main.js:103543:50)
	at ZP.provideHover (file:///opt/visual-studio-code/resources/app/out/vs/workbench/api/node/extensionHostProcess.js:140:131425)
	at file:///opt/visual-studio-code/resources/app/out/vs/workbench/api/node/extensionHostProcess.js:140:159186
	at Kt.G (file:///opt/visual-studio-code/resources/app/out/vs/workbench/api/node/extensionHostProcess.js:140:156654)
	at Kt.$provideHover (file:///opt/visual-studio-code/resources/app/out/vs/workbench/api/node/extensionHostProcess.js:140:159174)
	at j4.S (file:///opt/visual-studio-code/resources/app/out/vs/workbench/api/node/extensionHostProcess.js:29:120180)
	at j4.Q (file:///opt/visual-studio-code/resources/app/out/vs/workbench/api/node/extensionHostProcess.js:29:119960)
	at j4.M (file:///opt/visual-studio-code/resources/app/out/vs/workbench/api/node/extensionHostProcess.js:29:119011)
	at j4.L (file:///opt/visual-studio-code/resources/app/out/vs/workbench/api/node/extensionHostProcess.js:29:118154)
	at od.value (file:///opt/visual-studio-code/resources/app/out/vs/workbench/api/node/extensionHostProcess.js:29:116951)
	at $.C (file:///opt/visual-studio-code/resources/app/out/vs/workbench/api/node/extensionHostProcess.js:27:2373)
	at $.fire (file:///opt/visual-studio-code/resources/app/out/vs/workbench/api/node/extensionHostProcess.js:27:2591)
	at vo.fire (file:///opt/visual-studio-code/resources/app/out/vs/workbench/api/node/extensionHostProcess.js:29:9458)
	at od.value (file:///opt/visual-studio-code/resources/app/out/vs/workbench/api/node/extensionHostProcess.js:391:8617)
	at $.C (file:///opt/visual-studio-code/resources/app/out/vs/workbench/api/node/extensionHostProcess.js:27:2373)
	at $.fire (file:///opt/visual-studio-code/resources/app/out/vs/workbench/api/node/extensionHostProcess.js:27:2591)
	at vo.fire (file:///opt/visual-studio-code/resources/app/out/vs/workbench/api/node/extensionHostProcess.js:29:9458)
	at MessagePortMain.<anonymous> (file:///opt/visual-studio-code/resources/app/out/vs/workbench/api/node/extensionHostProcess.js:391:6909)
	at MessagePortMain.emit (node:events:518:28)
	at MessagePortMain._internalPort.emit (node:electron/js2c/utility_init:2:2949)
2025-10-16 20:20:51.505 [error] CodeExpectedError: Task to terminate not found
    at vscode-file://vscode-app/opt/visual-studio-code/resources/app/out/vs/workbench/workbench.desktop.main.js:586:28247
2025-10-16 20:20:52.247 [error] CodeExpectedError: Task to terminate not found
    at vscode-file://vscode-app/opt/visual-studio-code/resources/app/out/vs/workbench/workbench.desktop.main.js:586:28247
2025-10-16 20:20:59.774 [error] CodeExpectedError: Task to terminate not found
    at vscode-file://vscode-app/opt/visual-studio-code/resources/app/out/vs/workbench/workbench.desktop.main.js:586:28247
2025-10-16 20:24:06.608 [error] CodeExpectedError: Task to terminate not found
    at vscode-file://vscode-app/opt/visual-studio-code/resources/app/out/vs/workbench/workbench.desktop.main.js:586:28247
2025-10-16 20:24:07.250 [error] CodeExpectedError: Task to terminate not found
    at vscode-file://vscode-app/opt/visual-studio-code/resources/app/out/vs/workbench/workbench.desktop.main.js:586:28247
2025-10-16 20:24:13.389 [error] CodeExpectedError: Task to terminate not found
    at vscode-file://vscode-app/opt/visual-studio-code/resources/app/out/vs/workbench/workbench.desktop.main.js:586:28247
2025-10-16 20:26:49.447 [error] CodeExpectedError: Task to terminate not found
    at vscode-file://vscode-app/opt/visual-studio-code/resources/app/out/vs/workbench/workbench.desktop.main.js:586:28247
2025-10-16 20:26:50.086 [error] CodeExpectedError: Task to terminate not found
    at vscode-file://vscode-app/opt/visual-studio-code/resources/app/out/vs/workbench/workbench.desktop.main.js:586:28247
2025-10-16 20:26:56.378 [error] CodeExpectedError: Task to terminate not found
    at vscode-file://vscode-app/opt/visual-studio-code/resources/app/out/vs/workbench/workbench.desktop.main.js:586:28247
2025-10-16 20:30:58.808 [error] CodeExpectedError: Task to terminate not found
    at vscode-file://vscode-app/opt/visual-studio-code/resources/app/out/vs/workbench/workbench.desktop.main.js:586:28247
2025-10-16 20:30:59.622 [error] CodeExpectedError: Task to terminate not found
    at vscode-file://vscode-app/opt/visual-studio-code/resources/app/out/vs/workbench/workbench.desktop.main.js:586:28247
2025-10-16 20:31:05.773 [error] CodeExpectedError: Task to terminate not found
    at vscode-file://vscode-app/opt/visual-studio-code/resources/app/out/vs/workbench/workbench.desktop.main.js:586:28247
2025-10-16 20:32:05.474 [error] CodeExpectedError: Task to terminate not found
    at vscode-file://vscode-app/opt/visual-studio-code/resources/app/out/vs/workbench/workbench.desktop.main.js:586:28247
2025-10-16 20:32:06.112 [error] CodeExpectedError: Task to terminate not found
    at vscode-file://vscode-app/opt/visual-studio-code/resources/app/out/vs/workbench/workbench.desktop.main.js:586:28247
2025-10-16 20:32:12.418 [error] CodeExpectedError: Task to terminate not found
    at vscode-file://vscode-app/opt/visual-studio-code/resources/app/out/vs/workbench/workbench.desktop.main.js:586:28247
2025-10-16 20:33:18.531 [error] CodeExpectedError: Task to terminate not found
    at vscode-file://vscode-app/opt/visual-studio-code/resources/app/out/vs/workbench/workbench.desktop.main.js:586:28247
2025-10-16 20:33:19.167 [error] CodeExpectedError: Task to terminate not found
    at vscode-file://vscode-app/opt/visual-studio-code/resources/app/out/vs/workbench/workbench.desktop.main.js:586:28247
2025-10-16 20:33:25.444 [error] CodeExpectedError: Task to terminate not found
    at vscode-file://vscode-app/opt/visual-studio-code/resources/app/out/vs/workbench/workbench.desktop.main.js:586:28247
2025-10-16 20:45:59.809 [error] CodeExpectedError: Task to terminate not found
    at vscode-file://vscode-app/opt/visual-studio-code/resources/app/out/vs/workbench/workbench.desktop.main.js:586:28247
2025-10-16 20:46:00.470 [error] CodeExpectedError: Task to terminate not found
    at vscode-file://vscode-app/opt/visual-studio-code/resources/app/out/vs/workbench/workbench.desktop.main.js:586:28247
2025-10-16 20:46:06.689 [error] CodeExpectedError: Task to terminate not found
    at vscode-file://vscode-app/opt/visual-studio-code/resources/app/out/vs/workbench/workbench.desktop.main.js:586:28247
2025-10-16 20:54:57.712 [error] CodeExpectedError: Task to terminate not found
    at vscode-file://vscode-app/opt/visual-studio-code/resources/app/out/vs/workbench/workbench.desktop.main.js:586:28247
2025-10-16 20:54:58.350 [error] CodeExpectedError: Task to terminate not found
    at vscode-file://vscode-app/opt/visual-studio-code/resources/app/out/vs/workbench/workbench.desktop.main.js:586:28247
2025-10-16 20:55:04.583 [error] CodeExpectedError: Task to terminate not found
    at vscode-file://vscode-app/opt/visual-studio-code/resources/app/out/vs/workbench/workbench.desktop.main.js:586:28247
2025-10-18 10:22:26.487 [error] [ms-vscode.cmake-tools] provider FAILED
2025-10-18 10:22:26.488 [error] TypeError: Cannot read properties of undefined (reading 'description')
	at LanguageServiceData.provideHover (/home/cgar/.vscode/extensions/ms-vscode.cmake-tools-1.21.36/dist/main.js:103543:50)
	at ZP.provideHover (file:///opt/visual-studio-code/resources/app/out/vs/workbench/api/node/extensionHostProcess.js:140:131425)
	at file:///opt/visual-studio-code/resources/app/out/vs/workbench/api/node/extensionHostProcess.js:140:159186
	at Kt.G (file:///opt/visual-studio-code/resources/app/out/vs/workbench/api/node/extensionHostProcess.js:140:156654)
	at Kt.$provideHover (file:///opt/visual-studio-code/resources/app/out/vs/workbench/api/node/extensionHostProcess.js:140:159174)
	at j4.S (file:///opt/visual-studio-code/resources/app/out/vs/workbench/api/node/extensionHostProcess.js:29:120180)
	at j4.Q (file:///opt/visual-studio-code/resources/app/out/vs/workbench/api/node/extensionHostProcess.js:29:119960)
	at j4.M (file:///opt/visual-studio-code/resources/app/out/vs/workbench/api/node/extensionHostProcess.js:29:119011)
	at j4.L (file:///opt/visual-studio-code/resources/app/out/vs/workbench/api/node/extensionHostProcess.js:29:118154)
	at od.value (file:///opt/visual-studio-code/resources/app/out/vs/workbench/api/node/extensionHostProcess.js:29:116951)
	at $.C (file:///opt/visual-studio-code/resources/app/out/vs/workbench/api/node/extensionHostProcess.js:27:2373)
	at $.fire (file:///opt/visual-studio-code/resources/app/out/vs/workbench/api/node/extensionHostProcess.js:27:2591)
	at vo.fire (file:///opt/visual-studio-code/resources/app/out/vs/workbench/api/node/extensionHostProcess.js:29:9458)
	at od.value (file:///opt/visual-studio-code/resources/app/out/vs/workbench/api/node/extensionHostProcess.js:391:8617)
	at $.C (file:///opt/visual-studio-code/resources/app/out/vs/workbench/api/node/extensionHostProcess.js:27:2373)
	at $.fire (file:///opt/visual-studio-code/resources/app/out/vs/workbench/api/node/extensionHostProcess.js:27:2591)
	at vo.fire (file:///opt/visual-studio-code/resources/app/out/vs/workbench/api/node/extensionHostProcess.js:29:9458)
	at MessagePortMain.<anonymous> (file:///opt/visual-studio-code/resources/app/out/vs/workbench/api/node/extensionHostProcess.js:391:6909)
	at MessagePortMain.emit (node:events:518:28)
	at MessagePortMain._internalPort.emit (node:electron/js2c/utility_init:2:2949)
2025-10-19 13:49:45.130 [error] [ms-vscode.cmake-tools] provider FAILED
2025-10-19 13:49:45.130 [error] TypeError: Cannot read properties of undefined (reading 'description')
	at LanguageServiceData.provideHover (/home/cgar/.vscode/extensions/ms-vscode.cmake-tools-1.21.36/dist/main.js:103543:50)
	at ZP.provideHover (file:///opt/visual-studio-code/resources/app/out/vs/workbench/api/node/extensionHostProcess.js:140:131425)
	at file:///opt/visual-studio-code/resources/app/out/vs/workbench/api/node/extensionHostProcess.js:140:159186
	at Kt.G (file:///opt/visual-studio-code/resources/app/out/vs/workbench/api/node/extensionHostProcess.js:140:156654)
	at Kt.$provideHover (file:///opt/visual-studio-code/resources/app/out/vs/workbench/api/node/extensionHostProcess.js:140:159174)
	at j4.S (file:///opt/visual-studio-code/resources/app/out/vs/workbench/api/node/extensionHostProcess.js:29:120180)
	at j4.Q (file:///opt/visual-studio-code/resources/app/out/vs/workbench/api/node/extensionHostProcess.js:29:119960)
	at j4.M (file:///opt/visual-studio-code/resources/app/out/vs/workbench/api/node/extensionHostProcess.js:29:119011)
	at j4.L (file:///opt/visual-studio-code/resources/app/out/vs/workbench/api/node/extensionHostProcess.js:29:118154)
	at od.value (file:///opt/visual-studio-code/resources/app/out/vs/workbench/api/node/extensionHostProcess.js:29:116951)
	at $.C (file:///opt/visual-studio-code/resources/app/out/vs/workbench/api/node/extensionHostProcess.js:27:2373)
	at $.fire (file:///opt/visual-studio-code/resources/app/out/vs/workbench/api/node/extensionHostProcess.js:27:2591)
	at vo.fire (file:///opt/visual-studio-code/resources/app/out/vs/workbench/api/node/extensionHostProcess.js:29:9458)
	at od.value (file:///opt/visual-studio-code/resources/app/out/vs/workbench/api/node/extensionHostProcess.js:391:8617)
	at $.C (file:///opt/visual-studio-code/resources/app/out/vs/workbench/api/node/extensionHostProcess.js:27:2373)
	at $.fire (file:///opt/visual-studio-code/resources/app/out/vs/workbench/api/node/extensionHostProcess.js:27:2591)
	at vo.fire (file:///opt/visual-studio-code/resources/app/out/vs/workbench/api/node/extensionHostProcess.js:29:9458)
	at MessagePortMain.<anonymous> (file:///opt/visual-studio-code/resources/app/out/vs/workbench/api/node/extensionHostProcess.js:391:6909)
	at MessagePortMain.emit (node:events:518:28)
	at MessagePortMain._internalPort.emit (node:electron/js2c/utility_init:2:2949)
2025-10-19 13:50:20.641 [error] CodeExpectedError: Task to terminate not found
    at vscode-file://vscode-app/opt/visual-studio-code/resources/app/out/vs/workbench/workbench.desktop.main.js:586:28247
2025-10-19 13:51:10.775 [error] CodeExpectedError: Task to terminate not found
    at vscode-file://vscode-app/opt/visual-studio-code/resources/app/out/vs/workbench/workbench.desktop.main.js:586:28247
2025-10-19 13:51:18.014 [error] CodeExpectedError: Task to terminate not found
    at vscode-file://vscode-app/opt/visual-studio-code/resources/app/out/vs/workbench/workbench.desktop.main.js:586:28247
2025-10-19 13:51:41.967 [error] CodeExpectedError: Task to terminate not found
    at vscode-file://vscode-app/opt/visual-studio-code/resources/app/out/vs/workbench/workbench.desktop.main.js:586:28247
2025-10-19 13:52:02.177 [error] [ms-vscode.cmake-tools] provider FAILED
2025-10-19 13:52:02.177 [error] TypeError: Cannot read properties of undefined (reading 'description')
	at LanguageServiceData.provideHover (/home/cgar/.vscode/extensions/ms-vscode.cmake-tools-1.21.36/dist/main.js:103543:50)
	at ZP.provideHover (file:///opt/visual-studio-code/resources/app/out/vs/workbench/api/node/extensionHostProcess.js:140:131425)
	at file:///opt/visual-studio-code/resources/app/out/vs/workbench/api/node/extensionHostProcess.js:140:159186
	at Kt.G (file:///opt/visual-studio-code/resources/app/out/vs/workbench/api/node/extensionHostProcess.js:140:156654)
	at Kt.$provideHover (file:///opt/visual-studio-code/resources/app/out/vs/workbench/api/node/extensionHostProcess.js:140:159174)
	at j4.S (file:///opt/visual-studio-code/resources/app/out/vs/workbench/api/node/extensionHostProcess.js:29:120180)
	at j4.Q (file:///opt/visual-studio-code/resources/app/out/vs/workbench/api/node/extensionHostProcess.js:29:119960)
	at j4.M (file:///opt/visual-studio-code/resources/app/out/vs/workbench/api/node/extensionHostProcess.js:29:119011)
	at j4.L (file:///opt/visual-studio-code/resources/app/out/vs/workbench/api/node/extensionHostProcess.js:29:118154)
	at od.value (file:///opt/visual-studio-code/resources/app/out/vs/workbench/api/node/extensionHostProcess.js:29:116951)
	at $.C (file:///opt/visual-studio-code/resources/app/out/vs/workbench/api/node/extensionHostProcess.js:27:2373)
	at $.fire (file:///opt/visual-studio-code/resources/app/out/vs/workbench/api/node/extensionHostProcess.js:27:2591)
	at vo.fire (file:///opt/visual-studio-code/resources/app/out/vs/workbench/api/node/extensionHostProcess.js:29:9458)
	at od.value (file:///opt/visual-studio-code/resources/app/out/vs/workbench/api/node/extensionHostProcess.js:391:8617)
	at $.C (file:///opt/visual-studio-code/resources/app/out/vs/workbench/api/node/extensionHostProcess.js:27:2373)
	at $.fire (file:///opt/visual-studio-code/resources/app/out/vs/workbench/api/node/extensionHostProcess.js:27:2591)
	at vo.fire (file:///opt/visual-studio-code/resources/app/out/vs/workbench/api/node/extensionHostProcess.js:29:9458)
	at MessagePortMain.<anonymous> (file:///opt/visual-studio-code/resources/app/out/vs/workbench/api/node/extensionHostProcess.js:391:6909)
	at MessagePortMain.emit (node:events:518:28)
	at MessagePortMain._internalPort.emit (node:electron/js2c/utility_init:2:2949)
2025-10-19 13:52:15.289 [error] CodeExpectedError: Task to terminate not found
    at vscode-file://vscode-app/opt/visual-studio-code/resources/app/out/vs/workbench/workbench.desktop.main.js:586:28247
2025-10-19 13:53:09.556 [error] CodeExpectedError: Task to terminate not found
    at vscode-file://vscode-app/opt/visual-studio-code/resources/app/out/vs/workbench/workbench.desktop.main.js:586:28247
2025-10-19 13:54:59.115 [error] CodeExpectedError: Task to terminate not found
    at vscode-file://vscode-app/opt/visual-studio-code/resources/app/out/vs/workbench/workbench.desktop.main.js:586:28247
2025-10-19 13:55:05.759 [error] [ms-vscode.cmake-tools] provider FAILED
2025-10-19 13:55:05.759 [error] TypeError: Cannot read properties of undefined (reading 'description')
	at LanguageServiceData.provideHover (/home/cgar/.vscode/extensions/ms-vscode.cmake-tools-1.21.36/dist/main.js:103543:50)
	at ZP.provideHover (file:///opt/visual-studio-code/resources/app/out/vs/workbench/api/node/extensionHostProcess.js:140:131425)
	at file:///opt/visual-studio-code/resources/app/out/vs/workbench/api/node/extensionHostProcess.js:140:159186
	at Kt.G (file:///opt/visual-studio-code/resources/app/out/vs/workbench/api/node/extensionHostProcess.js:140:156654)
	at Kt.$provideHover (file:///opt/visual-studio-code/resources/app/out/vs/workbench/api/node/extensionHostProcess.js:140:159174)
	at j4.S (file:///opt/visual-studio-code/resources/app/out/vs/workbench/api/node/extensionHostProcess.js:29:120180)
	at j4.Q (file:///opt/visual-studio-code/resources/app/out/vs/workbench/api/node/extensionHostProcess.js:29:119960)
	at j4.M (file:///opt/visual-studio-code/resources/app/out/vs/workbench/api/node/extensionHostProcess.js:29:119011)
	at j4.L (file:///opt/visual-studio-code/resources/app/out/vs/workbench/api/node/extensionHostProcess.js:29:118154)
	at od.value (file:///opt/visual-studio-code/resources/app/out/vs/workbench/api/node/extensionHostProcess.js:29:116951)
	at $.C (file:///opt/visual-studio-code/resources/app/out/vs/workbench/api/node/extensionHostProcess.js:27:2373)
	at $.fire (file:///opt/visual-studio-code/resources/app/out/vs/workbench/api/node/extensionHostProcess.js:27:2591)
	at vo.fire (file:///opt/visual-studio-code/resources/app/out/vs/workbench/api/node/extensionHostProcess.js:29:9458)
	at od.value (file:///opt/visual-studio-code/resources/app/out/vs/workbench/api/node/extensionHostProcess.js:391:8617)
	at $.C (file:///opt/visual-studio-code/resources/app/out/vs/workbench/api/node/extensionHostProcess.js:27:2373)
	at $.fire (file:///opt/visual-studio-code/resources/app/out/vs/workbench/api/node/extensionHostProcess.js:27:2591)
	at vo.fire (file:///opt/visual-studio-code/resources/app/out/vs/workbench/api/node/extensionHostProcess.js:29:9458)
	at MessagePortMain.<anonymous> (file:///opt/visual-studio-code/resources/app/out/vs/workbench/api/node/extensionHostProcess.js:391:6909)
	at MessagePortMain.emit (node:events:518:28)
	at MessagePortMain._internalPort.emit (node:electron/js2c/utility_init:2:2949)
2025-10-19 13:55:36.103 [error] CodeExpectedError: Task to terminate not found
    at vscode-file://vscode-app/opt/visual-studio-code/resources/app/out/vs/workbench/workbench.desktop.main.js:586:28247
2025-10-19 13:56:15.514 [error] CodeExpectedError: Task to terminate not found
    at vscode-file://vscode-app/opt/visual-studio-code/resources/app/out/vs/workbench/workbench.desktop.main.js:586:28247
2025-10-19 13:56:16.364 [error] CodeExpectedError: Task to terminate not found
    at vscode-file://vscode-app/opt/visual-studio-code/resources/app/out/vs/workbench/workbench.desktop.main.js:586:28247
2025-10-19 14:02:27.195 [error] [ms-vscode.cmake-tools] provider FAILED
2025-10-19 14:02:27.195 [error] TypeError: Cannot read properties of undefined (reading 'description')
	at LanguageServiceData.provideHover (/home/cgar/.vscode/extensions/ms-vscode.cmake-tools-1.21.36/dist/main.js:103543:50)
	at ZP.provideHover (file:///opt/visual-studio-code/resources/app/out/vs/workbench/api/node/extensionHostProcess.js:140:131425)
	at file:///opt/visual-studio-code/resources/app/out/vs/workbench/api/node/extensionHostProcess.js:140:159186
	at Kt.G (file:///opt/visual-studio-code/resources/app/out/vs/workbench/api/node/extensionHostProcess.js:140:156654)
	at Kt.$provideHover (file:///opt/visual-studio-code/resources/app/out/vs/workbench/api/node/extensionHostProcess.js:140:159174)
	at j4.S (file:///opt/visual-studio-code/resources/app/out/vs/workbench/api/node/extensionHostProcess.js:29:120180)
	at j4.Q (file:///opt/visual-studio-code/resources/app/out/vs/workbench/api/node/extensionHostProcess.js:29:119960)
	at j4.M (file:///opt/visual-studio-code/resources/app/out/vs/workbench/api/node/extensionHostProcess.js:29:119011)
	at j4.L (file:///opt/visual-studio-code/resources/app/out/vs/workbench/api/node/extensionHostProcess.js:29:118154)
	at od.value (file:///opt/visual-studio-code/resources/app/out/vs/workbench/api/node/extensionHostProcess.js:29:116951)
	at $.C (file:///opt/visual-studio-code/resources/app/out/vs/workbench/api/node/extensionHostProcess.js:27:2373)
	at $.fire (file:///opt/visual-studio-code/resources/app/out/vs/workbench/api/node/extensionHostProcess.js:27:2591)
	at vo.fire (file:///opt/visual-studio-code/resources/app/out/vs/workbench/api/node/extensionHostProcess.js:29:9458)
	at od.value (file:///opt/visual-studio-code/resources/app/out/vs/workbench/api/node/extensionHostProcess.js:391:8617)
	at $.C (file:///opt/visual-studio-code/resources/app/out/vs/workbench/api/node/extensionHostProcess.js:27:2373)
	at $.fire (file:///opt/visual-studio-code/resources/app/out/vs/workbench/api/node/extensionHostProcess.js:27:2591)
	at vo.fire (file:///opt/visual-studio-code/resources/app/out/vs/workbench/api/node/extensionHostProcess.js:29:9458)
	at MessagePortMain.<anonymous> (file:///opt/visual-studio-code/resources/app/out/vs/workbench/api/node/extensionHostProcess.js:391:6909)
	at MessagePortMain.emit (node:events:518:28)
	at MessagePortMain._internalPort.emit (node:electron/js2c/utility_init:2:2949)
2025-10-19 14:02:27.911 [error] [ms-vscode.cmake-tools] provider FAILED
2025-10-19 14:02:27.911 [error] TypeError: Cannot read properties of undefined (reading 'description')
	at LanguageServiceData.provideHover (/home/cgar/.vscode/extensions/ms-vscode.cmake-tools-1.21.36/dist/main.js:103543:50)
	at ZP.provideHover (file:///opt/visual-studio-code/resources/app/out/vs/workbench/api/node/extensionHostProcess.js:140:131425)
	at file:///opt/visual-studio-code/resources/app/out/vs/workbench/api/node/extensionHostProcess.js:140:159186
	at Kt.G (file:///opt/visual-studio-code/resources/app/out/vs/workbench/api/node/extensionHostProcess.js:140:156654)
	at Kt.$provideHover (file:///opt/visual-studio-code/resources/app/out/vs/workbench/api/node/extensionHostProcess.js:140:159174)
	at j4.S (file:///opt/visual-studio-code/resources/app/out/vs/workbench/api/node/extensionHostProcess.js:29:120180)
	at j4.Q (file:///opt/visual-studio-code/resources/app/out/vs/workbench/api/node/extensionHostProcess.js:29:119960)
	at j4.M (file:///opt/visual-studio-code/resources/app/out/vs/workbench/api/node/extensionHostProcess.js:29:119011)
	at j4.L (file:///opt/visual-studio-code/resources/app/out/vs/workbench/api/node/extensionHostProcess.js:29:118154)
	at od.value (file:///opt/visual-studio-code/resources/app/out/vs/workbench/api/node/extensionHostProcess.js:29:116951)
	at $.C (file:///opt/visual-studio-code/resources/app/out/vs/workbench/api/node/extensionHostProcess.js:27:2373)
	at $.fire (file:///opt/visual-studio-code/resources/app/out/vs/workbench/api/node/extensionHostProcess.js:27:2591)
	at vo.fire (file:///opt/visual-studio-code/resources/app/out/vs/workbench/api/node/extensionHostProcess.js:29:9458)
	at od.value (file:///opt/visual-studio-code/resources/app/out/vs/workbench/api/node/extensionHostProcess.js:391:8617)
	at $.C (file:///opt/visual-studio-code/resources/app/out/vs/workbench/api/node/extensionHostProcess.js:27:2373)
	at $.fire (file:///opt/visual-studio-code/resources/app/out/vs/workbench/api/node/extensionHostProcess.js:27:2591)
	at vo.fire (file:///opt/visual-studio-code/resources/app/out/vs/workbench/api/node/extensionHostProcess.js:29:9458)
	at MessagePortMain.<anonymous> (file:///opt/visual-studio-code/resources/app/out/vs/workbench/api/node/extensionHostProcess.js:391:6909)
	at MessagePortMain.emit (node:events:518:28)
	at MessagePortMain._internalPort.emit (node:electron/js2c/utility_init:2:2949)
2025-10-19 14:02:31.244 [error] [ms-vscode.cmake-tools] provider FAILED
2025-10-19 14:02:31.245 [error] TypeError: Cannot read properties of undefined (reading 'description')
	at LanguageServiceData.provideHover (/home/cgar/.vscode/extensions/ms-vscode.cmake-tools-1.21.36/dist/main.js:103543:50)
	at ZP.provideHover (file:///opt/visual-studio-code/resources/app/out/vs/workbench/api/node/extensionHostProcess.js:140:131425)
	at file:///opt/visual-studio-code/resources/app/out/vs/workbench/api/node/extensionHostProcess.js:140:159186
	at Kt.G (file:///opt/visual-studio-code/resources/app/out/vs/workbench/api/node/extensionHostProcess.js:140:156654)
	at Kt.$provideHover (file:///opt/visual-studio-code/resources/app/out/vs/workbench/api/node/extensionHostProcess.js:140:159174)
	at j4.S (file:///opt/visual-studio-code/resources/app/out/vs/workbench/api/node/extensionHostProcess.js:29:120180)
	at j4.Q (file:///opt/visual-studio-code/resources/app/out/vs/workbench/api/node/extensionHostProcess.js:29:119960)
	at j4.M (file:///opt/visual-studio-code/resources/app/out/vs/workbench/api/node/extensionHostProcess.js:29:119011)
	at j4.L (file:///opt/visual-studio-code/resources/app/out/vs/workbench/api/node/extensionHostProcess.js:29:118154)
	at od.value (file:///opt/visual-studio-code/resources/app/out/vs/workbench/api/node/extensionHostProcess.js:29:116951)
	at $.C (file:///opt/visual-studio-code/resources/app/out/vs/workbench/api/node/extensionHostProcess.js:27:2373)
	at $.fire (file:///opt/visual-studio-code/resources/app/out/vs/workbench/api/node/extensionHostProcess.js:27:2591)
	at vo.fire (file:///opt/visual-studio-code/resources/app/out/vs/workbench/api/node/extensionHostProcess.js:29:9458)
	at od.value (file:///opt/visual-studio-code/resources/app/out/vs/workbench/api/node/extensionHostProcess.js:391:8617)
	at $.C (file:///opt/visual-studio-code/resources/app/out/vs/workbench/api/node/extensionHostProcess.js:27:2373)
	at $.fire (file:///opt/visual-studio-code/resources/app/out/vs/workbench/api/node/extensionHostProcess.js:27:2591)
	at vo.fire (file:///opt/visual-studio-code/resources/app/out/vs/workbench/api/node/extensionHostProcess.js:29:9458)
	at MessagePortMain.<anonymous> (file:///opt/visual-studio-code/resources/app/out/vs/workbench/api/node/extensionHostProcess.js:391:6909)
	at MessagePortMain.emit (node:events:518:28)
	at MessagePortMain._internalPort.emit (node:electron/js2c/utility_init:2:2949)
2025-10-19 14:02:32.087 [error] [ms-vscode.cmake-tools] provider FAILED
2025-10-19 14:02:32.087 [error] TypeError: Cannot read properties of undefined (reading 'description')
	at LanguageServiceData.provideHover (/home/cgar/.vscode/extensions/ms-vscode.cmake-tools-1.21.36/dist/main.js:103543:50)
	at ZP.provideHover (file:///opt/visual-studio-code/resources/app/out/vs/workbench/api/node/extensionHostProcess.js:140:131425)
	at file:///opt/visual-studio-code/resources/app/out/vs/workbench/api/node/extensionHostProcess.js:140:159186
	at Kt.G (file:///opt/visual-studio-code/resources/app/out/vs/workbench/api/node/extensionHostProcess.js:140:156654)
	at Kt.$provideHover (file:///opt/visual-studio-code/resources/app/out/vs/workbench/api/node/extensionHostProcess.js:140:159174)
	at j4.S (file:///opt/visual-studio-code/resources/app/out/vs/workbench/api/node/extensionHostProcess.js:29:120180)
	at j4.Q (file:///opt/visual-studio-code/resources/app/out/vs/workbench/api/node/extensionHostProcess.js:29:119960)
	at j4.M (file:///opt/visual-studio-code/resources/app/out/vs/workbench/api/node/extensionHostProcess.js:29:119011)
	at j4.L (file:///opt/visual-studio-code/resources/app/out/vs/workbench/api/node/extensionHostProcess.js:29:118154)
	at od.value (file:///opt/visual-studio-code/resources/app/out/vs/workbench/api/node/extensionHostProcess.js:29:116951)
	at $.C (file:///opt/visual-studio-code/resources/app/out/vs/workbench/api/node/extensionHostProcess.js:27:2373)
	at $.fire (file:///opt/visual-studio-code/resources/app/out/vs/workbench/api/node/extensionHostProcess.js:27:2591)
	at vo.fire (file:///opt/visual-studio-code/resources/app/out/vs/workbench/api/node/extensionHostProcess.js:29:9458)
	at od.value (file:///opt/visual-studio-code/resources/app/out/vs/workbench/api/node/extensionHostProcess.js:391:8617)
	at $.C (file:///opt/visual-studio-code/resources/app/out/vs/workbench/api/node/extensionHostProcess.js:27:2373)
	at $.fire (file:///opt/visual-studio-code/resources/app/out/vs/workbench/api/node/extensionHostProcess.js:27:2591)
	at vo.fire (file:///opt/visual-studio-code/resources/app/out/vs/workbench/api/node/extensionHostProcess.js:29:9458)
	at MessagePortMain.<anonymous> (file:///opt/visual-studio-code/resources/app/out/vs/workbench/api/node/extensionHostProcess.js:391:6909)
	at MessagePortMain.emit (node:events:518:28)
	at MessagePortMain._internalPort.emit (node:electron/js2c/utility_init:2:2949)
2025-10-19 14:10:24.910 [error] [ms-vscode.cmake-tools] provider FAILED
2025-10-19 14:10:24.910 [error] TypeError: Cannot read properties of undefined (reading 'description')
	at LanguageServiceData.provideHover (/home/cgar/.vscode/extensions/ms-vscode.cmake-tools-1.21.36/dist/main.js:103543:50)
	at ZP.provideHover (file:///opt/visual-studio-code/resources/app/out/vs/workbench/api/node/extensionHostProcess.js:140:131425)
	at file:///opt/visual-studio-code/resources/app/out/vs/workbench/api/node/extensionHostProcess.js:140:159186
	at Kt.G (file:///opt/visual-studio-code/resources/app/out/vs/workbench/api/node/extensionHostProcess.js:140:156654)
	at Kt.$provideHover (file:///opt/visual-studio-code/resources/app/out/vs/workbench/api/node/extensionHostProcess.js:140:159174)
	at j4.S (file:///opt/visual-studio-code/resources/app/out/vs/workbench/api/node/extensionHostProcess.js:29:120180)
	at j4.Q (file:///opt/visual-studio-code/resources/app/out/vs/workbench/api/node/extensionHostProcess.js:29:119960)
	at j4.M (file:///opt/visual-studio-code/resources/app/out/vs/workbench/api/node/extensionHostProcess.js:29:119011)
	at j4.L (file:///opt/visual-studio-code/resources/app/out/vs/workbench/api/node/extensionHostProcess.js:29:118154)
	at od.value (file:///opt/visual-studio-code/resources/app/out/vs/workbench/api/node/extensionHostProcess.js:29:116951)
	at $.C (file:///opt/visual-studio-code/resources/app/out/vs/workbench/api/node/extensionHostProcess.js:27:2373)
	at $.fire (file:///opt/visual-studio-code/resources/app/out/vs/workbench/api/node/extensionHostProcess.js:27:2591)
	at vo.fire (file:///opt/visual-studio-code/resources/app/out/vs/workbench/api/node/extensionHostProcess.js:29:9458)
	at od.value (file:///opt/visual-studio-code/resources/app/out/vs/workbench/api/node/extensionHostProcess.js:391:8617)
	at $.C (file:///opt/visual-studio-code/resources/app/out/vs/workbench/api/node/extensionHostProcess.js:27:2373)
	at $.fire (file:///opt/visual-studio-code/resources/app/out/vs/workbench/api/node/extensionHostProcess.js:27:2591)
	at vo.fire (file:///opt/visual-studio-code/resources/app/out/vs/workbench/api/node/extensionHostProcess.js:29:9458)
	at MessagePortMain.<anonymous> (file:///opt/visual-studio-code/resources/app/out/vs/workbench/api/node/extensionHostProcess.js:391:6909)
	at MessagePortMain.emit (node:events:518:28)
	at MessagePortMain._internalPort.emit (node:electron/js2c/utility_init:2:2949)
2025-10-19 14:10:36.086 [error] CodeExpectedError: Task to terminate not found
    at vscode-file://vscode-app/opt/visual-studio-code/resources/app/out/vs/workbench/workbench.desktop.main.js:586:28247
2025-10-19 14:12:12.540 [error] [ms-vscode.cmake-tools] provider FAILED
2025-10-19 14:12:12.540 [error] TypeError: Cannot read properties of undefined (reading 'description')
	at LanguageServiceData.provideHover (/home/cgar/.vscode/extensions/ms-vscode.cmake-tools-1.21.36/dist/main.js:103543:50)
	at ZP.provideHover (file:///opt/visual-studio-code/resources/app/out/vs/workbench/api/node/extensionHostProcess.js:140:131425)
	at file:///opt/visual-studio-code/resources/app/out/vs/workbench/api/node/extensionHostProcess.js:140:159186
	at Kt.G (file:///opt/visual-studio-code/resources/app/out/vs/workbench/api/node/extensionHostProcess.js:140:156654)
	at Kt.$provideHover (file:///opt/visual-studio-code/resources/app/out/vs/workbench/api/node/extensionHostProcess.js:140:159174)
	at j4.S (file:///opt/visual-studio-code/resources/app/out/vs/workbench/api/node/extensionHostProcess.js:29:120180)
	at j4.Q (file:///opt/visual-studio-code/resources/app/out/vs/workbench/api/node/extensionHostProcess.js:29:119960)
	at j4.M (file:///opt/visual-studio-code/resources/app/out/vs/workbench/api/node/extensionHostProcess.js:29:119011)
	at j4.L (file:///opt/visual-studio-code/resources/app/out/vs/workbench/api/node/extensionHostProcess.js:29:118154)
	at od.value (file:///opt/visual-studio-code/resources/app/out/vs/workbench/api/node/extensionHostProcess.js:29:116951)
	at $.C (file:///opt/visual-studio-code/resources/app/out/vs/workbench/api/node/extensionHostProcess.js:27:2373)
	at $.fire (file:///opt/visual-studio-code/resources/app/out/vs/workbench/api/node/extensionHostProcess.js:27:2591)
	at vo.fire (file:///opt/visual-studio-code/resources/app/out/vs/workbench/api/node/extensionHostProcess.js:29:9458)
	at od.value (file:///opt/visual-studio-code/resources/app/out/vs/workbench/api/node/extensionHostProcess.js:391:8617)
	at $.C (file:///opt/visual-studio-code/resources/app/out/vs/workbench/api/node/extensionHostProcess.js:27:2373)
	at $.fire (file:///opt/visual-studio-code/resources/app/out/vs/workbench/api/node/extensionHostProcess.js:27:2591)
	at vo.fire (file:///opt/visual-studio-code/resources/app/out/vs/workbench/api/node/extensionHostProcess.js:29:9458)
	at MessagePortMain.<anonymous> (file:///opt/visual-studio-code/resources/app/out/vs/workbench/api/node/extensionHostProcess.js:391:6909)
	at MessagePortMain.emit (node:events:518:28)
	at MessagePortMain._internalPort.emit (node:electron/js2c/utility_init:2:2949)
2025-10-19 14:12:13.940 [error] [ms-vscode.cmake-tools] provider FAILED
2025-10-19 14:12:13.941 [error] TypeError: Cannot read properties of undefined (reading 'description')
	at LanguageServiceData.provideHover (/home/cgar/.vscode/extensions/ms-vscode.cmake-tools-1.21.36/dist/main.js:103543:50)
	at ZP.provideHover (file:///opt/visual-studio-code/resources/app/out/vs/workbench/api/node/extensionHostProcess.js:140:131425)
	at file:///opt/visual-studio-code/resources/app/out/vs/workbench/api/node/extensionHostProcess.js:140:159186
	at Kt.G (file:///opt/visual-studio-code/resources/app/out/vs/workbench/api/node/extensionHostProcess.js:140:156654)
	at Kt.$provideHover (file:///opt/visual-studio-code/resources/app/out/vs/workbench/api/node/extensionHostProcess.js:140:159174)
	at j4.S (file:///opt/visual-studio-code/resources/app/out/vs/workbench/api/node/extensionHostProcess.js:29:120180)
	at j4.Q (file:///opt/visual-studio-code/resources/app/out/vs/workbench/api/node/extensionHostProcess.js:29:119960)
	at j4.M (file:///opt/visual-studio-code/resources/app/out/vs/workbench/api/node/extensionHostProcess.js:29:119011)
	at j4.L (file:///opt/visual-studio-code/resources/app/out/vs/workbench/api/node/extensionHostProcess.js:29:118154)
	at od.value (file:///opt/visual-studio-code/resources/app/out/vs/workbench/api/node/extensionHostProcess.js:29:116951)
	at $.C (file:///opt/visual-studio-code/resources/app/out/vs/workbench/api/node/extensionHostProcess.js:27:2373)
	at $.fire (file:///opt/visual-studio-code/resources/app/out/vs/workbench/api/node/extensionHostProcess.js:27:2591)
	at vo.fire (file:///opt/visual-studio-code/resources/app/out/vs/workbench/api/node/extensionHostProcess.js:29:9458)
	at od.value (file:///opt/visual-studio-code/resources/app/out/vs/workbench/api/node/extensionHostProcess.js:391:8617)
	at $.C (file:///opt/visual-studio-code/resources/app/out/vs/workbench/api/node/extensionHostProcess.js:27:2373)
	at $.fire (file:///opt/visual-studio-code/resources/app/out/vs/workbench/api/node/extensionHostProcess.js:27:2591)
	at vo.fire (file:///opt/visual-studio-code/resources/app/out/vs/workbench/api/node/extensionHostProcess.js:29:9458)
	at MessagePortMain.<anonymous> (file:///opt/visual-studio-code/resources/app/out/vs/workbench/api/node/extensionHostProcess.js:391:6909)
	at MessagePortMain.emit (node:events:518:28)
	at MessagePortMain._internalPort.emit (node:electron/js2c/utility_init:2:2949)
2025-10-19 14:12:38.957 [error] CodeExpectedError: Task to terminate not found
    at vscode-file://vscode-app/opt/visual-studio-code/resources/app/out/vs/workbench/workbench.desktop.main.js:586:28247
2025-10-19 14:13:38.003 [error] CodeExpectedError: Task to terminate not found
    at vscode-file://vscode-app/opt/visual-studio-code/resources/app/out/vs/workbench/workbench.desktop.main.js:586:28247
2025-10-19 14:13:38.925 [error] CodeExpectedError: Task to terminate not found
    at vscode-file://vscode-app/opt/visual-studio-code/resources/app/out/vs/workbench/workbench.desktop.main.js:586:28247
2025-10-19 14:16:06.738 [error] CodeExpectedError: Task to terminate not found
    at vscode-file://vscode-app/opt/visual-studio-code/resources/app/out/vs/workbench/workbench.desktop.main.js:586:28247
2025-10-19 14:16:07.429 [error] CodeExpectedError: Task to terminate not found
    at vscode-file://vscode-app/opt/visual-studio-code/resources/app/out/vs/workbench/workbench.desktop.main.js:586:28247
2025-10-19 14:16:13.672 [error] CodeExpectedError: Task to terminate not found
    at vscode-file://vscode-app/opt/visual-studio-code/resources/app/out/vs/workbench/workbench.desktop.main.js:586:28247
2025-10-19 14:21:52.396 [error] CodeExpectedError: Task to terminate not found
    at vscode-file://vscode-app/opt/visual-studio-code/resources/app/out/vs/workbench/workbench.desktop.main.js:586:28247
2025-10-19 14:22:10.376 [error] CodeExpectedError: Task to terminate not found
    at vscode-file://vscode-app/opt/visual-studio-code/resources/app/out/vs/workbench/workbench.desktop.main.js:586:28247
2025-10-19 14:22:11.070 [error] CodeExpectedError: Task to terminate not found
    at vscode-file://vscode-app/opt/visual-studio-code/resources/app/out/vs/workbench/workbench.desktop.main.js:586:28247
2025-10-19 14:22:17.360 [error] CodeExpectedError: Task to terminate not found
    at vscode-file://vscode-app/opt/visual-studio-code/resources/app/out/vs/workbench/workbench.desktop.main.js:586:28247
2025-10-19 14:37:47.614 [error] CodeExpectedError: Task to terminate not found
    at vscode-file://vscode-app/opt/visual-studio-code/resources/app/out/vs/workbench/workbench.desktop.main.js:586:28247
2025-10-19 14:39:12.278 [error] CodeExpectedError: Task to terminate not found
    at vscode-file://vscode-app/opt/visual-studio-code/resources/app/out/vs/workbench/workbench.desktop.main.js:586:28247
2025-10-19 14:40:07.721 [error] CodeExpectedError: Task to terminate not found
    at vscode-file://vscode-app/opt/visual-studio-code/resources/app/out/vs/workbench/workbench.desktop.main.js:586:28247
2025-10-19 14:40:08.564 [error] CodeExpectedError: Task to terminate not found
    at vscode-file://vscode-app/opt/visual-studio-code/resources/app/out/vs/workbench/workbench.desktop.main.js:586:28247
2025-10-19 14:40:14.676 [error] CodeExpectedError: Task to terminate not found
    at vscode-file://vscode-app/opt/visual-studio-code/resources/app/out/vs/workbench/workbench.desktop.main.js:586:28247
2025-10-19 14:41:44.828 [error] CodeExpectedError: Task to terminate not found
    at vscode-file://vscode-app/opt/visual-studio-code/resources/app/out/vs/workbench/workbench.desktop.main.js:586:28247
2025-10-19 14:41:45.612 [error] CodeExpectedError: Task to terminate not found
    at vscode-file://vscode-app/opt/visual-studio-code/resources/app/out/vs/workbench/workbench.desktop.main.js:586:28247
2025-10-19 14:41:52.096 [error] CodeExpectedError: Task to terminate not found
    at vscode-file://vscode-app/opt/visual-studio-code/resources/app/out/vs/workbench/workbench.desktop.main.js:586:28247
2025-10-19 14:43:55.251 [error] CodeExpectedError: Task to terminate not found
    at vscode-file://vscode-app/opt/visual-studio-code/resources/app/out/vs/workbench/workbench.desktop.main.js:586:28247
2025-10-19 14:43:55.895 [error] CodeExpectedError: Task to terminate not found
    at vscode-file://vscode-app/opt/visual-studio-code/resources/app/out/vs/workbench/workbench.desktop.main.js:586:28247
2025-10-19 14:44:02.465 [error] CodeExpectedError: Task to terminate not found
    at vscode-file://vscode-app/opt/visual-studio-code/resources/app/out/vs/workbench/workbench.desktop.main.js:586:28247
2025-10-19 14:46:11.994 [error] CodeExpectedError: Task to terminate not found
    at vscode-file://vscode-app/opt/visual-studio-code/resources/app/out/vs/workbench/workbench.desktop.main.js:586:28247
2025-10-19 14:49:52.227 [error] CodeExpectedError: Task to terminate not found
    at vscode-file://vscode-app/opt/visual-studio-code/resources/app/out/vs/workbench/workbench.desktop.main.js:586:28247
2025-10-19 14:49:52.889 [error] CodeExpectedError: Task to terminate not found
    at vscode-file://vscode-app/opt/visual-studio-code/resources/app/out/vs/workbench/workbench.desktop.main.js:586:28247
2025-10-19 14:49:59.170 [error] CodeExpectedError: Task to terminate not found
    at vscode-file://vscode-app/opt/visual-studio-code/resources/app/out/vs/workbench/workbench.desktop.main.js:586:28247
2025-10-19 14:52:51.421 [error] CodeExpectedError: Task to terminate not found
    at vscode-file://vscode-app/opt/visual-studio-code/resources/app/out/vs/workbench/workbench.desktop.main.js:586:28247
2025-10-19 14:52:52.064 [error] CodeExpectedError: Task to terminate not found
    at vscode-file://vscode-app/opt/visual-studio-code/resources/app/out/vs/workbench/workbench.desktop.main.js:586:28247
2025-10-19 14:52:58.324 [error] CodeExpectedError: Task to terminate not found
    at vscode-file://vscode-app/opt/visual-studio-code/resources/app/out/vs/workbench/workbench.desktop.main.js:586:28247
2025-10-19 14:55:14.651 [error] CodeExpectedError: Task to terminate not found
    at vscode-file://vscode-app/opt/visual-studio-code/resources/app/out/vs/workbench/workbench.desktop.main.js:586:28247
2025-10-19 14:55:15.286 [error] CodeExpectedError: Task to terminate not found
    at vscode-file://vscode-app/opt/visual-studio-code/resources/app/out/vs/workbench/workbench.desktop.main.js:586:28247
2025-10-19 14:55:21.552 [error] CodeExpectedError: Task to terminate not found
    at vscode-file://vscode-app/opt/visual-studio-code/resources/app/out/vs/workbench/workbench.desktop.main.js:586:28247
2025-10-19 15:01:08.107 [error] CodeExpectedError: Task to terminate not found
    at vscode-file://vscode-app/opt/visual-studio-code/resources/app/out/vs/workbench/workbench.desktop.main.js:586:28247
2025-10-19 15:02:24.752 [error] [ms-vscode.cmake-tools] provider FAILED
2025-10-19 15:02:24.752 [error] TypeError: Cannot read properties of undefined (reading 'description')
	at LanguageServiceData.provideHover (/home/cgar/.vscode/extensions/ms-vscode.cmake-tools-1.21.36/dist/main.js:103543:50)
	at ZP.provideHover (file:///opt/visual-studio-code/resources/app/out/vs/workbench/api/node/extensionHostProcess.js:140:131425)
	at file:///opt/visual-studio-code/resources/app/out/vs/workbench/api/node/extensionHostProcess.js:140:159186
	at Kt.G (file:///opt/visual-studio-code/resources/app/out/vs/workbench/api/node/extensionHostProcess.js:140:156654)
	at Kt.$provideHover (file:///opt/visual-studio-code/resources/app/out/vs/workbench/api/node/extensionHostProcess.js:140:159174)
	at j4.S (file:///opt/visual-studio-code/resources/app/out/vs/workbench/api/node/extensionHostProcess.js:29:120180)
	at j4.Q (file:///opt/visual-studio-code/resources/app/out/vs/workbench/api/node/extensionHostProcess.js:29:119960)
	at j4.M (file:///opt/visual-studio-code/resources/app/out/vs/workbench/api/node/extensionHostProcess.js:29:119011)
	at j4.L (file:///opt/visual-studio-code/resources/app/out/vs/workbench/api/node/extensionHostProcess.js:29:118154)
	at od.value (file:///opt/visual-studio-code/resources/app/out/vs/workbench/api/node/extensionHostProcess.js:29:116951)
	at $.C (file:///opt/visual-studio-code/resources/app/out/vs/workbench/api/node/extensionHostProcess.js:27:2373)
	at $.fire (file:///opt/visual-studio-code/resources/app/out/vs/workbench/api/node/extensionHostProcess.js:27:2591)
	at vo.fire (file:///opt/visual-studio-code/resources/app/out/vs/workbench/api/node/extensionHostProcess.js:29:9458)
	at od.value (file:///opt/visual-studio-code/resources/app/out/vs/workbench/api/node/extensionHostProcess.js:391:8617)
	at $.C (file:///opt/visual-studio-code/resources/app/out/vs/workbench/api/node/extensionHostProcess.js:27:2373)
	at $.fire (file:///opt/visual-studio-code/resources/app/out/vs/workbench/api/node/extensionHostProcess.js:27:2591)
	at vo.fire (file:///opt/visual-studio-code/resources/app/out/vs/workbench/api/node/extensionHostProcess.js:29:9458)
	at MessagePortMain.<anonymous> (file:///opt/visual-studio-code/resources/app/out/vs/workbench/api/node/extensionHostProcess.js:391:6909)
	at MessagePortMain.emit (node:events:518:28)
	at MessagePortMain._internalPort.emit (node:electron/js2c/utility_init:2:2949)
2025-10-19 15:02:32.263 [error] CodeExpectedError: Task to terminate not found
    at vscode-file://vscode-app/opt/visual-studio-code/resources/app/out/vs/workbench/workbench.desktop.main.js:586:28247
2025-10-19 15:03:31.204 [error] CodeExpectedError: Task to terminate not found
    at vscode-file://vscode-app/opt/visual-studio-code/resources/app/out/vs/workbench/workbench.desktop.main.js:586:28247
2025-10-19 15:04:32.757 [error] CodeExpectedError: Task to terminate not found
    at vscode-file://vscode-app/opt/visual-studio-code/resources/app/out/vs/workbench/workbench.desktop.main.js:586:28247
2025-10-19 15:04:50.905 [error] CodeExpectedError: Task to terminate not found
    at vscode-file://vscode-app/opt/visual-studio-code/resources/app/out/vs/workbench/workbench.desktop.main.js:586:28247
2025-10-19 15:04:51.737 [error] CodeExpectedError: Task to terminate not found
    at vscode-file://vscode-app/opt/visual-studio-code/resources/app/out/vs/workbench/workbench.desktop.main.js:586:28247
2025-10-19 15:04:58.071 [error] CodeExpectedError: Task to terminate not found
    at vscode-file://vscode-app/opt/visual-studio-code/resources/app/out/vs/workbench/workbench.desktop.main.js:586:28247
2025-10-19 15:05:36.455 [error] CodeExpectedError: Task to terminate not found
    at vscode-file://vscode-app/opt/visual-studio-code/resources/app/out/vs/workbench/workbench.desktop.main.js:586:28247
2025-10-19 15:05:37.118 [error] CodeExpectedError: Task to terminate not found
    at vscode-file://vscode-app/opt/visual-studio-code/resources/app/out/vs/workbench/workbench.desktop.main.js:586:28247
2025-10-19 15:05:43.412 [error] CodeExpectedError: Task to terminate not found
    at vscode-file://vscode-app/opt/visual-studio-code/resources/app/out/vs/workbench/workbench.desktop.main.js:586:28247
2025-10-19 15:09:31.321 [error] CodeExpectedError: Task to terminate not found
    at vscode-file://vscode-app/opt/visual-studio-code/resources/app/out/vs/workbench/workbench.desktop.main.js:586:28247
2025-10-19 15:09:32.124 [error] CodeExpectedError: Task to terminate not found
    at vscode-file://vscode-app/opt/visual-studio-code/resources/app/out/vs/workbench/workbench.desktop.main.js:586:28247
2025-10-19 15:09:38.422 [error] CodeExpectedError: Task to terminate not found
    at vscode-file://vscode-app/opt/visual-studio-code/resources/app/out/vs/workbench/workbench.desktop.main.js:586:28247
2025-10-19 15:13:53.230 [error] CodeExpectedError: Task to terminate not found
    at vscode-file://vscode-app/opt/visual-studio-code/resources/app/out/vs/workbench/workbench.desktop.main.js:586:28247
2025-10-19 15:13:53.903 [error] CodeExpectedError: Task to terminate not found
    at vscode-file://vscode-app/opt/visual-studio-code/resources/app/out/vs/workbench/workbench.desktop.main.js:586:28247
2025-10-19 15:14:00.187 [error] CodeExpectedError: Task to terminate not found
    at vscode-file://vscode-app/opt/visual-studio-code/resources/app/out/vs/workbench/workbench.desktop.main.js:586:28247
2025-10-19 15:14:52.148 [error] CodeExpectedError: Task to terminate not found
    at vscode-file://vscode-app/opt/visual-studio-code/resources/app/out/vs/workbench/workbench.desktop.main.js:586:28247
2025-10-19 15:14:52.788 [error] CodeExpectedError: Task to terminate not found
    at vscode-file://vscode-app/opt/visual-studio-code/resources/app/out/vs/workbench/workbench.desktop.main.js:586:28247
2025-10-19 15:14:59.240 [error] CodeExpectedError: Task to terminate not found
    at vscode-file://vscode-app/opt/visual-studio-code/resources/app/out/vs/workbench/workbench.desktop.main.js:586:28247
2025-10-19 15:15:33.181 [error] CodeExpectedError: Task to terminate not found
    at vscode-file://vscode-app/opt/visual-studio-code/resources/app/out/vs/workbench/workbench.desktop.main.js:586:28247
2025-10-19 15:15:33.822 [error] CodeExpectedError: Task to terminate not found
    at vscode-file://vscode-app/opt/visual-studio-code/resources/app/out/vs/workbench/workbench.desktop.main.js:586:28247
2025-10-19 15:15:40.394 [error] CodeExpectedError: Task to terminate not found
    at vscode-file://vscode-app/opt/visual-studio-code/resources/app/out/vs/workbench/workbench.desktop.main.js:586:28247
2025-10-19 15:16:08.586 [error] CodeExpectedError: Task to terminate not found
    at vscode-file://vscode-app/opt/visual-studio-code/resources/app/out/vs/workbench/workbench.desktop.main.js:586:28247
2025-10-19 15:16:09.221 [error] CodeExpectedError: Task to terminate not found
    at vscode-file://vscode-app/opt/visual-studio-code/resources/app/out/vs/workbench/workbench.desktop.main.js:586:28247
2025-10-19 15:16:15.672 [error] CodeExpectedError: Task to terminate not found
    at vscode-file://vscode-app/opt/visual-studio-code/resources/app/out/vs/workbench/workbench.desktop.main.js:586:28247
2025-10-19 15:16:31.616 [error] CodeExpectedError: Task to terminate not found
    at vscode-file://vscode-app/opt/visual-studio-code/resources/app/out/vs/workbench/workbench.desktop.main.js:586:28247
2025-10-19 15:16:32.253 [error] CodeExpectedError: Task to terminate not found
    at vscode-file://vscode-app/opt/visual-studio-code/resources/app/out/vs/workbench/workbench.desktop.main.js:586:28247
2025-10-19 15:16:38.852 [error] CodeExpectedError: Task to terminate not found
    at vscode-file://vscode-app/opt/visual-studio-code/resources/app/out/vs/workbench/workbench.desktop.main.js:586:28247
2025-10-19 15:19:42.648 [error] CodeExpectedError: Task to terminate not found
    at vscode-file://vscode-app/opt/visual-studio-code/resources/app/out/vs/workbench/workbench.desktop.main.js:586:28247
2025-10-19 15:19:43.296 [error] CodeExpectedError: Task to terminate not found
    at vscode-file://vscode-app/opt/visual-studio-code/resources/app/out/vs/workbench/workbench.desktop.main.js:586:28247
2025-10-19 15:19:49.599 [error] CodeExpectedError: Task to terminate not found
    at vscode-file://vscode-app/opt/visual-studio-code/resources/app/out/vs/workbench/workbench.desktop.main.js:586:28247
2025-10-19 15:29:39.446 [error] CodeExpectedError: Task to terminate not found
    at vscode-file://vscode-app/opt/visual-studio-code/resources/app/out/vs/workbench/workbench.desktop.main.js:586:28247
2025-10-19 15:30:13.626 [error] CodeExpectedError: Task to terminate not found
    at vscode-file://vscode-app/opt/visual-studio-code/resources/app/out/vs/workbench/workbench.desktop.main.js:586:28247
2025-10-19 15:30:14.462 [error] CodeExpectedError: Task to terminate not found
    at vscode-file://vscode-app/opt/visual-studio-code/resources/app/out/vs/workbench/workbench.desktop.main.js:586:28247
2025-10-19 15:30:21.219 [error] CodeExpectedError: Task to terminate not found
    at vscode-file://vscode-app/opt/visual-studio-code/resources/app/out/vs/workbench/workbench.desktop.main.js:586:28247
2025-10-19 15:58:40.703 [warning] [Decorations] CAPPING events from decorations provider vscode.git 968
2025-10-19 15:58:40.891 [warning] [Decorations] CAPPING events from decorations provider vscode.git 968
2025-10-19 16:00:04.175 [info] Extension host terminating: renderer closed the MessagePort
2025-10-19 16:00:04.199 [error] An error occurred when deactivating the extension 'espressif.esp-idf-extension':
2025-10-19 16:00:04.199 [error] TypeError: Cannot read properties of undefined (reading 'dispose')
	at Xs.dispose (/home/cgar/.vscode/extensions/espressif.esp-idf-extension-1.10.2/dist/extension.js:2:1649190)
	at Module.Cd (/home/cgar/.vscode/extensions/espressif.esp-idf-extension-1.10.2/dist/extension.js:2:1976209)
	at aJ.eb (file:///opt/visual-studio-code/resources/app/out/vs/workbench/api/node/extensionHostProcess.js:116:11836)
	at file:///opt/visual-studio-code/resources/app/out/vs/workbench/api/node/extensionHostProcess.js:116:9986
	at Array.map (<anonymous>)
	at aJ.$ (file:///opt/visual-studio-code/resources/app/out/vs/workbench/api/node/extensionHostProcess.js:116:9974)
	at aJ.terminate (file:///opt/visual-studio-code/resources/app/out/vs/workbench/api/node/extensionHostProcess.js:116:10217)
	at RP.terminate (file:///opt/visual-studio-code/resources/app/out/vs/workbench/api/node/extensionHostProcess.js:118:914)
	at bs (file:///opt/visual-studio-code/resources/app/out/vs/workbench/api/node/extensionHostProcess.js:391:10410)
	at MessagePortMain.<anonymous> (file:///opt/visual-studio-code/resources/app/out/vs/workbench/api/node/extensionHostProcess.js:391:6949)
	at MessagePortMain.emit (node:events:518:28)
	at MessagePortMain._internalPort.emit (node:electron/js2c/utility_init:2:2949)
2025-10-19 16:00:04.212 [info] Extension host with pid 2118 exiting with code 0
