2025-10-16 19:28:49.782 [info] [main] Log level: Info
2025-10-16 19:28:49.782 [info] [main] Validating found git in: "git"
2025-10-16 19:28:49.782 [info] [main] Using git "2.51.0" from "git"
2025-10-16 19:28:49.782 [info] [Model][doInitialScan] Initial repository scan started
2025-10-16 19:28:49.782 [info] [Model][doInitialScan] Initial repository scan completed - repositories (0), closed repositories (0), parent repositories (0), unsafe repositories (0)
2025-10-16 19:36:04.964 [info] [main] Log level: Info
2025-10-16 19:36:04.964 [info] [main] Validating found git in: "git"
2025-10-16 19:36:04.964 [info] [main] Using git "2.51.0" from "git"
2025-10-16 19:36:04.964 [info] [Model][doInitialScan] Initial repository scan started
2025-10-16 19:36:04.964 [info] > git rev-parse --show-toplevel [2ms]
2025-10-16 19:36:04.964 [info] fatal: not a git repository (or any parent up to mount point /)
Stopping at filesystem boundary (GIT_DISCOVERY_ACROSS_FILESYSTEM not set).
2025-10-16 19:36:04.969 [info] > git rev-parse --show-toplevel [1ms]
2025-10-16 19:36:04.969 [info] fatal: not a git repository (or any parent up to mount point /)
Stopping at filesystem boundary (GIT_DISCOVERY_ACROSS_FILESYSTEM not set).
2025-10-16 19:36:04.973 [info] > git rev-parse --show-toplevel [1ms]
2025-10-16 19:36:04.973 [info] fatal: not a git repository (or any parent up to mount point /)
Stopping at filesystem boundary (GIT_DISCOVERY_ACROSS_FILESYSTEM not set).
2025-10-16 19:36:04.976 [info] > git rev-parse --show-toplevel [1ms]
2025-10-16 19:36:04.976 [info] fatal: not a git repository (or any parent up to mount point /)
Stopping at filesystem boundary (GIT_DISCOVERY_ACROSS_FILESYSTEM not set).
2025-10-16 19:36:04.978 [info] [Model][doInitialScan] Initial repository scan completed - repositories (0), closed repositories (0), parent repositories (0), unsafe repositories (0)
2025-10-16 19:36:11.137 [info] > git rev-parse --show-toplevel [1ms]
2025-10-16 19:36:11.137 [info] fatal: not a git repository (or any parent up to mount point /)
Stopping at filesystem boundary (GIT_DISCOVERY_ACROSS_FILESYSTEM not set).
2025-10-16 19:36:24.389 [info] > git rev-parse --show-toplevel [17ms]
2025-10-16 19:36:24.389 [info] fatal: not a git repository (or any parent up to mount point /)
Stopping at filesystem boundary (GIT_DISCOVERY_ACROSS_FILESYSTEM not set).
2025-10-16 19:36:30.842 [info] > git rev-parse --show-toplevel [0ms]
2025-10-16 19:36:30.842 [info] fatal: not a git repository (or any parent up to mount point /)
Stopping at filesystem boundary (GIT_DISCOVERY_ACROSS_FILESYSTEM not set).
2025-10-16 19:36:51.722 [info] > git rev-parse --show-toplevel [1ms]
2025-10-16 19:36:51.722 [info] fatal: not a git repository (or any parent up to mount point /)
Stopping at filesystem boundary (GIT_DISCOVERY_ACROSS_FILESYSTEM not set).
2025-10-16 19:37:16.247 [info] > git rev-parse --show-toplevel [2ms]
2025-10-16 19:37:16.247 [info] fatal: not a git repository (or any parent up to mount point /)
Stopping at filesystem boundary (GIT_DISCOVERY_ACROSS_FILESYSTEM not set).
2025-10-16 19:37:17.797 [info] > git rev-parse --show-toplevel [2ms]
2025-10-16 19:37:17.797 [info] fatal: not a git repository (or any parent up to mount point /)
Stopping at filesystem boundary (GIT_DISCOVERY_ACROSS_FILESYSTEM not set).
2025-10-16 19:37:56.825 [info] > git rev-parse --show-toplevel [1ms]
2025-10-16 19:37:56.825 [info] fatal: not a git repository (or any parent up to mount point /)
Stopping at filesystem boundary (GIT_DISCOVERY_ACROSS_FILESYSTEM not set).
2025-10-16 19:37:58.488 [info] > git rev-parse --show-toplevel [1ms]
2025-10-16 19:37:58.488 [info] fatal: not a git repository (or any parent up to mount point /)
Stopping at filesystem boundary (GIT_DISCOVERY_ACROSS_FILESYSTEM not set).
2025-10-16 19:38:13.634 [info] > git rev-parse --show-toplevel [2ms]
2025-10-16 19:38:13.634 [info] fatal: not a git repository (or any parent up to mount point /)
Stopping at filesystem boundary (GIT_DISCOVERY_ACROSS_FILESYSTEM not set).
2025-10-16 19:38:20.199 [info] > git rev-parse --show-toplevel [1ms]
2025-10-16 19:38:20.199 [info] fatal: not a git repository (or any parent up to mount point /)
Stopping at filesystem boundary (GIT_DISCOVERY_ACROSS_FILESYSTEM not set).
2025-10-16 19:39:33.805 [info] > git rev-parse --show-toplevel [1ms]
2025-10-16 19:39:33.805 [info] fatal: not a git repository (or any parent up to mount point /)
Stopping at filesystem boundary (GIT_DISCOVERY_ACROSS_FILESYSTEM not set).
