2025-10-16 19:28:49.533 [info] Extension host with pid 223994 started
2025-10-16 19:28:49.569 [info] ExtensionService#_doActivateExtension vscode.github-authentication, startup: false, activationEvent: 'onAuthenticationRequest:github'
2025-10-16 19:28:49.651 [info] ExtensionService#_doActivateExtension vscode.git-base, startup: true, activationEvent: '*', root cause: vscode.git
2025-10-16 19:28:49.655 [info] ExtensionService#_doActivateExtension vscode.git, startup: true, activationEvent: '*'
2025-10-16 19:28:49.697 [info] ExtensionService#_doActivateExtension vscode.github, startup: true, activationEvent: '*'
2025-10-16 19:28:49.803 [info] Eager extensions activated
2025-10-16 19:28:49.812 [info] ExtensionService#_doActivateExtension vscode.debug-auto-launch, startup: false, activationEvent: 'onStartupFinished'
2025-10-16 19:28:49.818 [info] ExtensionService#_doActivateExtension vscode.merge-conflict, startup: false, activationEvent: 'onStartupFinished'
2025-10-16 19:28:49.830 [info] ExtensionService#_doActivateExtension monokai.theme-monokai-pro-vscode, startup: false, activationEvent: 'onStartupFinished'
2025-10-16 19:28:54.405 [info] ExtensionService#_doActivateExtension espressif.esp-idf-extension, startup: false, activationEvent: 'onWalkthrough:espIdf.walkthrough.basic-usage'
2025-10-16 19:31:44.708 [info] ExtensionService#_doActivateExtension vscode.configuration-editing, startup: false, activationEvent: 'onLanguage:jsonc'
2025-10-16 19:31:44.723 [info] ExtensionService#_doActivateExtension vscode.json-language-features, startup: false, activationEvent: 'onLanguage:jsonc'
2025-10-16 19:31:44.807 [info] ExtensionService#_doActivateExtension vscode.typescript-language-features, startup: false, activationEvent: 'onLanguage:jsonc'
2025-10-16 19:31:44.867 [info] ExtensionService#_doActivateExtension vscode.emmet, startup: false, activationEvent: 'onLanguage'
2025-10-16 19:36:01.523 [info] Extension host terminating: renderer closed the MessagePort
2025-10-16 19:36:01.552 [info] Extension host with pid 223994 exiting with code 0
2025-10-16 19:36:02.691 [info] Extension host with pid 227728 started
2025-10-16 19:36:02.691 [info] Skipping acquiring lock for /home/cgar/.config/Code/User/workspaceStorage/b111155b8223734e2ad0dad899bfe624.
2025-10-16 19:36:02.729 [info] ExtensionService#_doActivateExtension vscode.github-authentication, startup: false, activationEvent: 'onAuthenticationRequest:github'
2025-10-16 19:36:02.766 [info] ExtensionService#_doActivateExtension vscode.emmet, startup: false, activationEvent: 'onLanguage'
2025-10-16 19:36:02.824 [info] ExtensionService#_doActivateExtension vscode.git-base, startup: true, activationEvent: '*'
2025-10-16 19:36:02.848 [info] ExtensionService#_doActivateExtension vscode.github, startup: true, activationEvent: '*'
2025-10-16 19:36:02.900 [info] Eager extensions activated
2025-10-16 19:36:02.924 [info] ExtensionService#_doActivateExtension vscode.debug-auto-launch, startup: false, activationEvent: 'onStartupFinished'
2025-10-16 19:36:02.930 [info] ExtensionService#_doActivateExtension vscode.merge-conflict, startup: false, activationEvent: 'onStartupFinished'
2025-10-16 19:36:02.945 [info] ExtensionService#_doActivateExtension monokai.theme-monokai-pro-vscode, startup: false, activationEvent: 'onStartupFinished'
2025-10-16 19:36:04.872 [info] ExtensionService#_doActivateExtension vscode.git, startup: false, activationEvent: 'api', root cause: vscode.github
2025-10-16 19:36:04.981 [info] ExtensionService#_doActivateExtension espressif.esp-idf-extension, startup: false, activationEvent: 'workspaceContains:**/project_description.json,**/sdkconfig,**/CMakeLists.txt'
2025-10-16 19:36:24.265 [info] ExtensionService#_doActivateExtension vscode.configuration-editing, startup: false, activationEvent: 'onLanguage:jsonc'
2025-10-16 19:36:24.271 [info] ExtensionService#_doActivateExtension vscode.json-language-features, startup: false, activationEvent: 'onLanguage:jsonc'
2025-10-16 19:36:24.310 [info] ExtensionService#_doActivateExtension vscode.typescript-language-features, startup: false, activationEvent: 'onLanguage:jsonc'
2025-10-16 19:37:17.605 [info] ExtensionService#_doActivateExtension vscode.terminal-suggest, startup: false, activationEvent: 'onTerminalShellIntegration:*'
2025-10-16 19:38:13.809 [info] ExtensionService#_doActivateExtension ms-vscode.cmake-tools, startup: false, activationEvent: 'onLanguage:cmake'
2025-10-16 19:38:34.009 [error] CodeExpectedError: Task to terminate not found
    at vscode-file://vscode-app/opt/visual-studio-code/resources/app/out/vs/workbench/workbench.desktop.main.js:586:28247
2025-10-16 19:38:52.930 [error] CodeExpectedError: Task to terminate not found
    at vscode-file://vscode-app/opt/visual-studio-code/resources/app/out/vs/workbench/workbench.desktop.main.js:586:28247
2025-10-16 19:39:34.888 [error] [ms-vscode.cmake-tools] provider FAILED
2025-10-16 19:39:34.888 [error] TypeError: Cannot read properties of undefined (reading 'description')
	at LanguageServiceData.provideHover (/home/cgar/.vscode/extensions/ms-vscode.cmake-tools-1.21.36/dist/main.js:103543:50)
	at ZP.provideHover (file:///opt/visual-studio-code/resources/app/out/vs/workbench/api/node/extensionHostProcess.js:140:131425)
	at file:///opt/visual-studio-code/resources/app/out/vs/workbench/api/node/extensionHostProcess.js:140:159186
	at Kt.G (file:///opt/visual-studio-code/resources/app/out/vs/workbench/api/node/extensionHostProcess.js:140:156654)
	at Kt.$provideHover (file:///opt/visual-studio-code/resources/app/out/vs/workbench/api/node/extensionHostProcess.js:140:159174)
	at j4.S (file:///opt/visual-studio-code/resources/app/out/vs/workbench/api/node/extensionHostProcess.js:29:120180)
	at j4.Q (file:///opt/visual-studio-code/resources/app/out/vs/workbench/api/node/extensionHostProcess.js:29:119960)
	at j4.M (file:///opt/visual-studio-code/resources/app/out/vs/workbench/api/node/extensionHostProcess.js:29:119011)
	at j4.L (file:///opt/visual-studio-code/resources/app/out/vs/workbench/api/node/extensionHostProcess.js:29:118154)
	at od.value (file:///opt/visual-studio-code/resources/app/out/vs/workbench/api/node/extensionHostProcess.js:29:116951)
	at $.C (file:///opt/visual-studio-code/resources/app/out/vs/workbench/api/node/extensionHostProcess.js:27:2373)
	at $.fire (file:///opt/visual-studio-code/resources/app/out/vs/workbench/api/node/extensionHostProcess.js:27:2591)
	at vo.fire (file:///opt/visual-studio-code/resources/app/out/vs/workbench/api/node/extensionHostProcess.js:29:9458)
	at od.value (file:///opt/visual-studio-code/resources/app/out/vs/workbench/api/node/extensionHostProcess.js:391:8617)
	at $.C (file:///opt/visual-studio-code/resources/app/out/vs/workbench/api/node/extensionHostProcess.js:27:2373)
	at $.fire (file:///opt/visual-studio-code/resources/app/out/vs/workbench/api/node/extensionHostProcess.js:27:2591)
	at vo.fire (file:///opt/visual-studio-code/resources/app/out/vs/workbench/api/node/extensionHostProcess.js:29:9458)
	at MessagePortMain.<anonymous> (file:///opt/visual-studio-code/resources/app/out/vs/workbench/api/node/extensionHostProcess.js:391:6909)
	at MessagePortMain.emit (node:events:518:28)
	at MessagePortMain._internalPort.emit (node:electron/js2c/utility_init:2:2949)
2025-10-16 19:39:46.172 [error] [ms-vscode.cmake-tools] provider FAILED
2025-10-16 19:39:46.172 [error] TypeError: Cannot read properties of undefined (reading 'description')
	at LanguageServiceData.provideHover (/home/cgar/.vscode/extensions/ms-vscode.cmake-tools-1.21.36/dist/main.js:103543:50)
	at ZP.provideHover (file:///opt/visual-studio-code/resources/app/out/vs/workbench/api/node/extensionHostProcess.js:140:131425)
	at file:///opt/visual-studio-code/resources/app/out/vs/workbench/api/node/extensionHostProcess.js:140:159186
	at Kt.G (file:///opt/visual-studio-code/resources/app/out/vs/workbench/api/node/extensionHostProcess.js:140:156654)
	at Kt.$provideHover (file:///opt/visual-studio-code/resources/app/out/vs/workbench/api/node/extensionHostProcess.js:140:159174)
	at j4.S (file:///opt/visual-studio-code/resources/app/out/vs/workbench/api/node/extensionHostProcess.js:29:120180)
	at j4.Q (file:///opt/visual-studio-code/resources/app/out/vs/workbench/api/node/extensionHostProcess.js:29:119960)
	at j4.M (file:///opt/visual-studio-code/resources/app/out/vs/workbench/api/node/extensionHostProcess.js:29:119011)
	at j4.L (file:///opt/visual-studio-code/resources/app/out/vs/workbench/api/node/extensionHostProcess.js:29:118154)
	at od.value (file:///opt/visual-studio-code/resources/app/out/vs/workbench/api/node/extensionHostProcess.js:29:116951)
	at $.C (file:///opt/visual-studio-code/resources/app/out/vs/workbench/api/node/extensionHostProcess.js:27:2373)
	at $.fire (file:///opt/visual-studio-code/resources/app/out/vs/workbench/api/node/extensionHostProcess.js:27:2591)
	at vo.fire (file:///opt/visual-studio-code/resources/app/out/vs/workbench/api/node/extensionHostProcess.js:29:9458)
	at od.value (file:///opt/visual-studio-code/resources/app/out/vs/workbench/api/node/extensionHostProcess.js:391:8617)
	at $.C (file:///opt/visual-studio-code/resources/app/out/vs/workbench/api/node/extensionHostProcess.js:27:2373)
	at $.fire (file:///opt/visual-studio-code/resources/app/out/vs/workbench/api/node/extensionHostProcess.js:27:2591)
	at vo.fire (file:///opt/visual-studio-code/resources/app/out/vs/workbench/api/node/extensionHostProcess.js:29:9458)
	at MessagePortMain.<anonymous> (file:///opt/visual-studio-code/resources/app/out/vs/workbench/api/node/extensionHostProcess.js:391:6909)
	at MessagePortMain.emit (node:events:518:28)
	at MessagePortMain._internalPort.emit (node:electron/js2c/utility_init:2:2949)
2025-10-16 19:39:46.422 [error] [ms-vscode.cmake-tools] provider FAILED
2025-10-16 19:39:46.422 [error] TypeError: Cannot read properties of undefined (reading 'description')
	at LanguageServiceData.provideHover (/home/cgar/.vscode/extensions/ms-vscode.cmake-tools-1.21.36/dist/main.js:103543:50)
	at ZP.provideHover (file:///opt/visual-studio-code/resources/app/out/vs/workbench/api/node/extensionHostProcess.js:140:131425)
	at file:///opt/visual-studio-code/resources/app/out/vs/workbench/api/node/extensionHostProcess.js:140:159186
	at Kt.G (file:///opt/visual-studio-code/resources/app/out/vs/workbench/api/node/extensionHostProcess.js:140:156654)
	at Kt.$provideHover (file:///opt/visual-studio-code/resources/app/out/vs/workbench/api/node/extensionHostProcess.js:140:159174)
	at j4.S (file:///opt/visual-studio-code/resources/app/out/vs/workbench/api/node/extensionHostProcess.js:29:120180)
	at j4.Q (file:///opt/visual-studio-code/resources/app/out/vs/workbench/api/node/extensionHostProcess.js:29:119960)
	at j4.M (file:///opt/visual-studio-code/resources/app/out/vs/workbench/api/node/extensionHostProcess.js:29:119011)
	at j4.L (file:///opt/visual-studio-code/resources/app/out/vs/workbench/api/node/extensionHostProcess.js:29:118154)
	at od.value (file:///opt/visual-studio-code/resources/app/out/vs/workbench/api/node/extensionHostProcess.js:29:116951)
	at $.C (file:///opt/visual-studio-code/resources/app/out/vs/workbench/api/node/extensionHostProcess.js:27:2373)
	at $.fire (file:///opt/visual-studio-code/resources/app/out/vs/workbench/api/node/extensionHostProcess.js:27:2591)
	at vo.fire (file:///opt/visual-studio-code/resources/app/out/vs/workbench/api/node/extensionHostProcess.js:29:9458)
	at od.value (file:///opt/visual-studio-code/resources/app/out/vs/workbench/api/node/extensionHostProcess.js:391:8617)
	at $.C (file:///opt/visual-studio-code/resources/app/out/vs/workbench/api/node/extensionHostProcess.js:27:2373)
	at $.fire (file:///opt/visual-studio-code/resources/app/out/vs/workbench/api/node/extensionHostProcess.js:27:2591)
	at vo.fire (file:///opt/visual-studio-code/resources/app/out/vs/workbench/api/node/extensionHostProcess.js:29:9458)
	at MessagePortMain.<anonymous> (file:///opt/visual-studio-code/resources/app/out/vs/workbench/api/node/extensionHostProcess.js:391:6909)
	at MessagePortMain.emit (node:events:518:28)
	at MessagePortMain._internalPort.emit (node:electron/js2c/utility_init:2:2949)
2025-10-16 19:39:57.457 [error] [ms-vscode.cmake-tools] provider FAILED
2025-10-16 19:39:57.457 [error] TypeError: Cannot read properties of undefined (reading 'description')
	at LanguageServiceData.provideHover (/home/cgar/.vscode/extensions/ms-vscode.cmake-tools-1.21.36/dist/main.js:103543:50)
	at ZP.provideHover (file:///opt/visual-studio-code/resources/app/out/vs/workbench/api/node/extensionHostProcess.js:140:131425)
	at file:///opt/visual-studio-code/resources/app/out/vs/workbench/api/node/extensionHostProcess.js:140:159186
	at Kt.G (file:///opt/visual-studio-code/resources/app/out/vs/workbench/api/node/extensionHostProcess.js:140:156654)
	at Kt.$provideHover (file:///opt/visual-studio-code/resources/app/out/vs/workbench/api/node/extensionHostProcess.js:140:159174)
	at j4.S (file:///opt/visual-studio-code/resources/app/out/vs/workbench/api/node/extensionHostProcess.js:29:120180)
	at j4.Q (file:///opt/visual-studio-code/resources/app/out/vs/workbench/api/node/extensionHostProcess.js:29:119960)
	at j4.M (file:///opt/visual-studio-code/resources/app/out/vs/workbench/api/node/extensionHostProcess.js:29:119011)
	at j4.L (file:///opt/visual-studio-code/resources/app/out/vs/workbench/api/node/extensionHostProcess.js:29:118154)
	at od.value (file:///opt/visual-studio-code/resources/app/out/vs/workbench/api/node/extensionHostProcess.js:29:116951)
	at $.C (file:///opt/visual-studio-code/resources/app/out/vs/workbench/api/node/extensionHostProcess.js:27:2373)
	at $.fire (file:///opt/visual-studio-code/resources/app/out/vs/workbench/api/node/extensionHostProcess.js:27:2591)
	at vo.fire (file:///opt/visual-studio-code/resources/app/out/vs/workbench/api/node/extensionHostProcess.js:29:9458)
	at od.value (file:///opt/visual-studio-code/resources/app/out/vs/workbench/api/node/extensionHostProcess.js:391:8617)
	at $.C (file:///opt/visual-studio-code/resources/app/out/vs/workbench/api/node/extensionHostProcess.js:27:2373)
	at $.fire (file:///opt/visual-studio-code/resources/app/out/vs/workbench/api/node/extensionHostProcess.js:27:2591)
	at vo.fire (file:///opt/visual-studio-code/resources/app/out/vs/workbench/api/node/extensionHostProcess.js:29:9458)
	at MessagePortMain.<anonymous> (file:///opt/visual-studio-code/resources/app/out/vs/workbench/api/node/extensionHostProcess.js:391:6909)
	at MessagePortMain.emit (node:events:518:28)
	at MessagePortMain._internalPort.emit (node:electron/js2c/utility_init:2:2949)
2025-10-16 19:40:12.109 [error] [ms-vscode.cmake-tools] provider FAILED
2025-10-16 19:40:12.109 [error] TypeError: Cannot read properties of undefined (reading 'description')
	at LanguageServiceData.provideHover (/home/cgar/.vscode/extensions/ms-vscode.cmake-tools-1.21.36/dist/main.js:103543:50)
	at ZP.provideHover (file:///opt/visual-studio-code/resources/app/out/vs/workbench/api/node/extensionHostProcess.js:140:131425)
	at file:///opt/visual-studio-code/resources/app/out/vs/workbench/api/node/extensionHostProcess.js:140:159186
	at Kt.G (file:///opt/visual-studio-code/resources/app/out/vs/workbench/api/node/extensionHostProcess.js:140:156654)
	at Kt.$provideHover (file:///opt/visual-studio-code/resources/app/out/vs/workbench/api/node/extensionHostProcess.js:140:159174)
	at j4.S (file:///opt/visual-studio-code/resources/app/out/vs/workbench/api/node/extensionHostProcess.js:29:120180)
	at j4.Q (file:///opt/visual-studio-code/resources/app/out/vs/workbench/api/node/extensionHostProcess.js:29:119960)
	at j4.M (file:///opt/visual-studio-code/resources/app/out/vs/workbench/api/node/extensionHostProcess.js:29:119011)
	at j4.L (file:///opt/visual-studio-code/resources/app/out/vs/workbench/api/node/extensionHostProcess.js:29:118154)
	at od.value (file:///opt/visual-studio-code/resources/app/out/vs/workbench/api/node/extensionHostProcess.js:29:116951)
	at $.C (file:///opt/visual-studio-code/resources/app/out/vs/workbench/api/node/extensionHostProcess.js:27:2373)
	at $.fire (file:///opt/visual-studio-code/resources/app/out/vs/workbench/api/node/extensionHostProcess.js:27:2591)
	at vo.fire (file:///opt/visual-studio-code/resources/app/out/vs/workbench/api/node/extensionHostProcess.js:29:9458)
	at od.value (file:///opt/visual-studio-code/resources/app/out/vs/workbench/api/node/extensionHostProcess.js:391:8617)
	at $.C (file:///opt/visual-studio-code/resources/app/out/vs/workbench/api/node/extensionHostProcess.js:27:2373)
	at $.fire (file:///opt/visual-studio-code/resources/app/out/vs/workbench/api/node/extensionHostProcess.js:27:2591)
	at vo.fire (file:///opt/visual-studio-code/resources/app/out/vs/workbench/api/node/extensionHostProcess.js:29:9458)
	at MessagePortMain.<anonymous> (file:///opt/visual-studio-code/resources/app/out/vs/workbench/api/node/extensionHostProcess.js:391:6909)
	at MessagePortMain.emit (node:events:518:28)
	at MessagePortMain._internalPort.emit (node:electron/js2c/utility_init:2:2949)
2025-10-16 19:40:13.025 [error] [ms-vscode.cmake-tools] provider FAILED
2025-10-16 19:40:13.026 [error] TypeError: Cannot read properties of undefined (reading 'description')
	at LanguageServiceData.provideHover (/home/cgar/.vscode/extensions/ms-vscode.cmake-tools-1.21.36/dist/main.js:103543:50)
	at ZP.provideHover (file:///opt/visual-studio-code/resources/app/out/vs/workbench/api/node/extensionHostProcess.js:140:131425)
	at file:///opt/visual-studio-code/resources/app/out/vs/workbench/api/node/extensionHostProcess.js:140:159186
	at Kt.G (file:///opt/visual-studio-code/resources/app/out/vs/workbench/api/node/extensionHostProcess.js:140:156654)
	at Kt.$provideHover (file:///opt/visual-studio-code/resources/app/out/vs/workbench/api/node/extensionHostProcess.js:140:159174)
	at j4.S (file:///opt/visual-studio-code/resources/app/out/vs/workbench/api/node/extensionHostProcess.js:29:120180)
	at j4.Q (file:///opt/visual-studio-code/resources/app/out/vs/workbench/api/node/extensionHostProcess.js:29:119960)
	at j4.M (file:///opt/visual-studio-code/resources/app/out/vs/workbench/api/node/extensionHostProcess.js:29:119011)
	at j4.L (file:///opt/visual-studio-code/resources/app/out/vs/workbench/api/node/extensionHostProcess.js:29:118154)
	at od.value (file:///opt/visual-studio-code/resources/app/out/vs/workbench/api/node/extensionHostProcess.js:29:116951)
	at $.C (file:///opt/visual-studio-code/resources/app/out/vs/workbench/api/node/extensionHostProcess.js:27:2373)
	at $.fire (file:///opt/visual-studio-code/resources/app/out/vs/workbench/api/node/extensionHostProcess.js:27:2591)
	at vo.fire (file:///opt/visual-studio-code/resources/app/out/vs/workbench/api/node/extensionHostProcess.js:29:9458)
	at od.value (file:///opt/visual-studio-code/resources/app/out/vs/workbench/api/node/extensionHostProcess.js:391:8617)
	at $.C (file:///opt/visual-studio-code/resources/app/out/vs/workbench/api/node/extensionHostProcess.js:27:2373)
	at $.fire (file:///opt/visual-studio-code/resources/app/out/vs/workbench/api/node/extensionHostProcess.js:27:2591)
	at vo.fire (file:///opt/visual-studio-code/resources/app/out/vs/workbench/api/node/extensionHostProcess.js:29:9458)
	at MessagePortMain.<anonymous> (file:///opt/visual-studio-code/resources/app/out/vs/workbench/api/node/extensionHostProcess.js:391:6909)
	at MessagePortMain.emit (node:events:518:28)
	at MessagePortMain._internalPort.emit (node:electron/js2c/utility_init:2:2949)
2025-10-16 19:40:50.026 [error] CodeExpectedError: Task to terminate not found
    at vscode-file://vscode-app/opt/visual-studio-code/resources/app/out/vs/workbench/workbench.desktop.main.js:586:28247
2025-10-16 19:40:51.003 [error] CodeExpectedError: Task to terminate not found
    at vscode-file://vscode-app/opt/visual-studio-code/resources/app/out/vs/workbench/workbench.desktop.main.js:586:28247
2025-10-16 19:40:55.086 [error] CodeExpectedError: Task to terminate not found
    at vscode-file://vscode-app/opt/visual-studio-code/resources/app/out/vs/workbench/workbench.desktop.main.js:586:28247
