2025-10-19 16:07:19.230 [info] Reading sessions from keychain...
2025-10-19 16:07:19.230 [info] Getting sessions for all scopes...
2025-10-19 16:07:19.230 [info] Got 0 sessions for ...
2025-10-19 16:07:19.230 [info] Getting sessions for all scopes...
2025-10-19 16:07:19.230 [info] Got 0 sessions for ...
2025-10-19 16:07:19.230 [info] Getting sessions for all scopes...
2025-10-19 16:07:19.230 [info] Got 0 sessions for ...
2025-10-19 16:07:19.230 [info] Getting sessions for all scopes...
2025-10-19 16:07:19.230 [info] Got 0 sessions for ...
2025-10-19 16:07:19.230 [info] Getting sessions for all scopes...
2025-10-19 16:07:19.230 [info] Got 0 sessions for ...
2025-10-19 16:07:19.230 [info] Getting sessions for all scopes...
2025-10-19 16:07:19.230 [info] Got 0 sessions for ...
2025-10-19 16:07:19.230 [info] Getting sessions for all scopes...
2025-10-19 16:07:19.230 [info] Got 0 sessions for ...
2025-10-19 16:07:19.230 [info] Getting sessions for all scopes...
2025-10-19 16:07:19.230 [info] Got 0 sessions for ...
2025-10-19 16:07:19.230 [info] Getting sessions for all scopes...
2025-10-19 16:07:19.230 [info] Got 0 sessions for ...
2025-10-19 16:07:19.231 [info] Getting sessions for all scopes...
2025-10-19 16:07:19.231 [info] Got 0 sessions for ...
2025-10-19 16:07:19.232 [info] Getting sessions for all scopes...
2025-10-19 16:07:19.232 [info] Got 0 sessions for ...
2025-10-19 16:07:19.232 [info] Getting sessions for all scopes...
2025-10-19 16:07:19.232 [info] Got 0 sessions for ...
2025-10-19 16:07:19.232 [info] Getting sessions for all scopes...
2025-10-19 16:07:19.232 [info] Got 0 sessions for ...
2025-10-19 16:07:19.232 [info] Getting sessions for all scopes...
2025-10-19 16:07:19.232 [info] Got 0 sessions for ...
2025-10-19 16:07:19.232 [info] Getting sessions for all scopes...
2025-10-19 16:07:19.232 [info] Got 0 sessions for ...
2025-10-19 16:07:20.806 [info] Getting sessions for all scopes...
2025-10-19 16:07:20.806 [info] Got 0 sessions for ...
2025-10-19 16:07:20.806 [info] Getting sessions for all scopes...
2025-10-19 16:07:20.806 [info] Got 0 sessions for ...
2025-10-19 16:07:20.817 [info] Getting sessions for all scopes...
2025-10-19 16:07:20.817 [info] Got 0 sessions for ...
2025-10-19 16:07:39.099 [info] Reading sessions from keychain...
2025-10-19 16:07:39.099 [info] Getting sessions for all scopes...
2025-10-19 16:07:39.099 [info] Got 0 sessions for ...
2025-10-19 16:07:39.099 [info] Getting sessions for all scopes...
2025-10-19 16:07:39.099 [info] Got 0 sessions for ...
2025-10-19 16:07:39.099 [info] Getting sessions for all scopes...
2025-10-19 16:07:39.099 [info] Got 0 sessions for ...
2025-10-19 16:07:39.100 [info] Getting sessions for all scopes...
2025-10-19 16:07:39.100 [info] Got 0 sessions for ...
2025-10-19 16:07:39.101 [info] Getting sessions for all scopes...
2025-10-19 16:07:39.101 [info] Got 0 sessions for ...
2025-10-19 16:07:39.101 [info] Getting sessions for all scopes...
2025-10-19 16:07:39.101 [info] Got 0 sessions for ...
2025-10-19 16:07:39.101 [info] Getting sessions for all scopes...
2025-10-19 16:07:39.101 [info] Got 0 sessions for ...
2025-10-19 16:07:39.101 [info] Getting sessions for all scopes...
2025-10-19 16:07:39.101 [info] Got 0 sessions for ...
2025-10-19 16:07:39.106 [info] Getting sessions for all scopes...
2025-10-19 16:07:39.106 [info] Got 0 sessions for ...
2025-10-19 16:07:39.124 [info] Getting sessions for all scopes...
2025-10-19 16:07:39.124 [info] Got 0 sessions for ...
2025-10-19 16:07:39.125 [info] Getting sessions for all scopes...
2025-10-19 16:07:39.125 [info] Got 0 sessions for ...
2025-10-19 16:07:39.125 [info] Getting sessions for all scopes...
2025-10-19 16:07:39.125 [info] Got 0 sessions for ...
2025-10-19 16:07:39.125 [info] Getting sessions for all scopes...
2025-10-19 16:07:39.125 [info] Got 0 sessions for ...
2025-10-19 16:07:39.126 [info] Getting sessions for all scopes...
2025-10-19 16:07:39.126 [info] Got 0 sessions for ...
2025-10-19 16:07:39.349 [info] Getting sessions for all scopes...
2025-10-19 16:07:39.349 [info] Got 0 sessions for ...
2025-10-19 16:07:41.133 [info] Getting sessions for all scopes...
2025-10-19 16:07:41.133 [info] Got 0 sessions for ...
2025-10-19 16:07:41.133 [info] Getting sessions for all scopes...
2025-10-19 16:07:41.133 [info] Got 0 sessions for ...
2025-10-19 16:07:41.134 [info] Getting sessions for all scopes...
2025-10-19 16:07:41.134 [info] Got 0 sessions for ...
2025-10-19 16:07:41.608 [info] Getting sessions for read:user,repo,user:email,workflow...
2025-10-19 16:07:41.608 [info] Got 0 sessions for read:user,repo,user:email,workflow...
