2025-10-16 19:03:58.692 [info] [main] Log level: Info
2025-10-16 19:03:58.693 [info] [main] Validating found git in: "git"
2025-10-16 19:03:58.693 [info] [main] Using git "2.51.0" from "git"
2025-10-16 19:03:58.693 [info] [Model][doInitialScan] Initial repository scan started
2025-10-16 19:03:58.693 [info] > git rev-parse --show-toplevel [7ms]
2025-10-16 19:03:58.693 [info] fatal: not a git repository (or any parent up to mount point /)
Stopping at filesystem boundary (GIT_DISCOVERY_ACROSS_FILESYSTEM not set).
2025-10-16 19:03:58.693 [info] > git rev-parse --show-toplevel [6ms]
2025-10-16 19:03:58.693 [info] fatal: not a git repository (or any parent up to mount point /)
Stopping at filesystem boundary (GIT_DISCOVERY_ACROSS_FILESYSTEM not set).
2025-10-16 19:03:58.693 [info] > git rev-parse --show-toplevel [1ms]
2025-10-16 19:03:58.693 [info] fatal: not a git repository (or any parent up to mount point /)
Stopping at filesystem boundary (GIT_DISCOVERY_ACROSS_FILESYSTEM not set).
2025-10-16 19:03:58.693 [info] > git rev-parse --show-toplevel [2ms]
2025-10-16 19:03:58.693 [info] fatal: not a git repository (or any parent up to mount point /)
Stopping at filesystem boundary (GIT_DISCOVERY_ACROSS_FILESYSTEM not set).
2025-10-16 19:03:58.693 [info] > git rev-parse --show-toplevel [2ms]
2025-10-16 19:03:58.693 [info] fatal: not a git repository (or any parent up to mount point /)
Stopping at filesystem boundary (GIT_DISCOVERY_ACROSS_FILESYSTEM not set).
2025-10-16 19:03:58.693 [info] > git rev-parse --show-toplevel [2ms]
2025-10-16 19:03:58.693 [info] fatal: not a git repository (or any parent up to mount point /)
Stopping at filesystem boundary (GIT_DISCOVERY_ACROSS_FILESYSTEM not set).
2025-10-16 19:03:58.693 [info] > git rev-parse --show-toplevel [3ms]
2025-10-16 19:03:58.693 [info] fatal: not a git repository (or any parent up to mount point /)
Stopping at filesystem boundary (GIT_DISCOVERY_ACROSS_FILESYSTEM not set).
2025-10-16 19:03:58.693 [info] > git rev-parse --show-toplevel [1ms]
2025-10-16 19:03:58.693 [info] fatal: not a git repository (or any parent up to mount point /)
Stopping at filesystem boundary (GIT_DISCOVERY_ACROSS_FILESYSTEM not set).
2025-10-16 19:03:58.693 [info] > git rev-parse --show-toplevel [2ms]
2025-10-16 19:03:58.693 [info] fatal: not a git repository (or any parent up to mount point /)
Stopping at filesystem boundary (GIT_DISCOVERY_ACROSS_FILESYSTEM not set).
2025-10-16 19:03:58.693 [info] > git rev-parse --show-toplevel [12ms]
2025-10-16 19:03:58.693 [info] fatal: not a git repository (or any parent up to mount point /)
Stopping at filesystem boundary (GIT_DISCOVERY_ACROSS_FILESYSTEM not set).
2025-10-16 19:03:58.693 [info] > git rev-parse --show-toplevel [3ms]
2025-10-16 19:03:58.693 [info] fatal: not a git repository (or any parent up to mount point /)
Stopping at filesystem boundary (GIT_DISCOVERY_ACROSS_FILESYSTEM not set).
2025-10-16 19:03:58.693 [info] > git rev-parse --show-toplevel [2ms]
2025-10-16 19:03:58.693 [info] fatal: not a git repository (or any parent up to mount point /)
Stopping at filesystem boundary (GIT_DISCOVERY_ACROSS_FILESYSTEM not set).
2025-10-16 19:03:58.693 [info] [Model][doInitialScan] Initial repository scan completed - repositories (0), closed repositories (0), parent repositories (0), unsafe repositories (0)
2025-10-16 19:03:58.788 [info] > git rev-parse --show-toplevel [3ms]
2025-10-16 19:03:58.788 [info] fatal: not a git repository (or any parent up to mount point /)
Stopping at filesystem boundary (GIT_DISCOVERY_ACROSS_FILESYSTEM not set).
2025-10-16 19:03:59.304 [info] > git rev-parse --show-toplevel [2ms]
2025-10-16 19:03:59.304 [info] fatal: not a git repository (or any parent up to mount point /)
Stopping at filesystem boundary (GIT_DISCOVERY_ACROSS_FILESYSTEM not set).
2025-10-16 19:03:59.806 [info] > git rev-parse --show-toplevel [26ms]
2025-10-16 19:03:59.806 [info] fatal: not a git repository (or any parent up to mount point /)
Stopping at filesystem boundary (GIT_DISCOVERY_ACROSS_FILESYSTEM not set).
2025-10-16 19:04:00.094 [info] > git rev-parse --show-toplevel [2ms]
2025-10-16 19:04:00.094 [info] fatal: not a git repository (or any parent up to mount point /)
Stopping at filesystem boundary (GIT_DISCOVERY_ACROSS_FILESYSTEM not set).
2025-10-16 19:04:00.213 [info] > git rev-parse --show-toplevel [2ms]
2025-10-16 19:04:00.213 [info] fatal: not a git repository (or any parent up to mount point /)
Stopping at filesystem boundary (GIT_DISCOVERY_ACROSS_FILESYSTEM not set).
2025-10-16 19:04:09.968 [info] [main] Log level: Info
2025-10-16 19:04:09.968 [info] [main] Validating found git in: "git"
2025-10-16 19:04:09.968 [info] [main] Using git "2.51.0" from "git"
2025-10-16 19:04:09.968 [info] [Model][doInitialScan] Initial repository scan started
2025-10-16 19:04:09.968 [info] [Model][doInitialScan] Initial repository scan completed - repositories (0), closed repositories (0), parent repositories (0), unsafe repositories (0)
