2025-10-16 19:03:57.289 [info] Extension host with pid 92761 started
2025-10-16 19:03:57.289 [info] Skipping acquiring lock for /home/cgar/.config/Code/User/workspaceStorage/f4f157463ceb2b73a6b30acc7e721977.
2025-10-16 19:03:57.954 [info] ExtensionService#_doActivateExtension vscode.github-authentication, startup: false, activationEvent: 'onAuthenticationRequest:github'
2025-10-16 19:03:58.000 [info] ExtensionService#_doActivateExtension vscode.emmet, startup: false, activationEvent: 'onLanguage'
2025-10-16 19:03:58.294 [info] ExtensionService#_doActivateExtension vscode.git-base, startup: true, activationEvent: '*', root cause: vscode.git
2025-10-16 19:03:58.309 [info] ExtensionService#_doActivateExtension vscode.git, startup: true, activationEvent: '*'
2025-10-16 19:03:58.418 [info] ExtensionService#_doActivateExtension vscode.github, startup: true, activationEvent: '*'
2025-10-16 19:03:58.770 [info] Eager extensions activated
2025-10-16 19:03:58.826 [info] ExtensionService#_doActivateExtension vscode.debug-auto-launch, startup: false, activationEvent: 'onStartupFinished'
2025-10-16 19:03:58.832 [info] ExtensionService#_doActivateExtension vscode.merge-conflict, startup: false, activationEvent: 'onStartupFinished'
2025-10-16 19:03:58.885 [info] ExtensionService#_doActivateExtension monokai.theme-monokai-pro-vscode, startup: false, activationEvent: 'onStartupFinished'
2025-10-16 19:03:59.371 [info] ExtensionService#_doActivateExtension vscode.configuration-editing, startup: false, activationEvent: 'onLanguage:jsonc'
2025-10-16 19:03:59.393 [info] ExtensionService#_doActivateExtension vscode.json-language-features, startup: false, activationEvent: 'onLanguage:jsonc'
2025-10-16 19:03:59.535 [info] ExtensionService#_doActivateExtension vscode.typescript-language-features, startup: false, activationEvent: 'onLanguage:jsonc'
2025-10-16 19:04:08.532 [info] Extension host terminating: renderer closed the MessagePort
2025-10-16 19:04:08.547 [info] Extension host with pid 92761 exiting with code 0
2025-10-16 19:04:09.686 [info] Extension host with pid 92874 started
2025-10-16 19:04:09.707 [info] ExtensionService#_doActivateExtension vscode.github-authentication, startup: false, activationEvent: 'onAuthenticationRequest:github'
2025-10-16 19:04:09.792 [info] ExtensionService#_doActivateExtension vscode.git-base, startup: true, activationEvent: '*', root cause: vscode.git
2025-10-16 19:04:09.800 [info] ExtensionService#_doActivateExtension vscode.git, startup: true, activationEvent: '*'
2025-10-16 19:04:09.876 [info] ExtensionService#_doActivateExtension vscode.github, startup: true, activationEvent: '*'
2025-10-16 19:04:10.059 [info] Eager extensions activated
2025-10-16 19:04:10.061 [info] ExtensionService#_doActivateExtension vscode.debug-auto-launch, startup: false, activationEvent: 'onStartupFinished'
2025-10-16 19:04:10.064 [info] ExtensionService#_doActivateExtension vscode.merge-conflict, startup: false, activationEvent: 'onStartupFinished'
2025-10-16 19:04:10.091 [info] ExtensionService#_doActivateExtension monokai.theme-monokai-pro-vscode, startup: false, activationEvent: 'onStartupFinished'
2025-10-16 19:04:15.058 [info] ExtensionService#_doActivateExtension vscode.emmet, startup: false, activationEvent: 'onLanguage'
2025-10-16 19:04:27.778 [info] ExtensionService#_doActivateExtension espressif.esp-idf-extension, startup: false, activationEvent: 'onWalkthrough:espIdf.walkthrough.basic-usage'
2025-10-16 19:04:28.062 [info] ExtensionService#_doActivateExtension vscode.configuration-editing, startup: false, activationEvent: 'onLanguage:jsonc'
2025-10-16 19:04:28.078 [info] ExtensionService#_doActivateExtension vscode.json-language-features, startup: false, activationEvent: 'onLanguage:jsonc'
2025-10-16 19:04:28.200 [info] ExtensionService#_doActivateExtension vscode.typescript-language-features, startup: false, activationEvent: 'onLanguage:jsonc'
2025-10-16 19:10:22.986 [info] Extension host terminating: renderer closed the MessagePort
2025-10-16 19:10:23.005 [info] Extension host with pid 92874 exiting with code 0
