[Flash]
Flash Done ⚡️
Flash has finished. You can monitor your device with 'ESP-IDF: Monitor command'
[/Flash]
[Build]
Project build complete. To flash, run:
ESP-IDF: Flash your project in the ESP-IDF Visual Studio Code Extension
or in a ESP-IDF Terminal:
idf.py flash
or
idf.py -p PORT flash
or
python -m esptool --chip esp32 -b 460800 --before default_reset --after hard_reset  --port /dev/ttyUSB0 write_flash --flash_mode dio --flash_size 2MB --flash_freq 40m 0x1000 bootloader/bootloader.bin 0x10000 ESC_Charles.bin 0x8000 partition_table/partition-table.bin 
or from the "/home/cgar/Session_5/ObjetConnecte/ESC_Charles/build" directory
python -m esptool --chip esp32 -b 460800 --before default_reset --after hard_reset write_flash "@flash_args"
[/Build]
[Flash]
Flash Done ⚡️
[/Flash]
[Build]
Project build complete. To flash, run:
ESP-IDF: Flash your project in the ESP-IDF Visual Studio Code Extension
or in a ESP-IDF Terminal:
idf.py flash
or
idf.py -p PORT flash
or
python -m esptool --chip esp32 -b 460800 --before default_reset --after hard_reset  --port /dev/ttyUSB0 write_flash --flash_mode dio --flash_size 2MB --flash_freq 40m 0x1000 bootloader/bootloader.bin 0x10000 ESC_Charles.bin 0x8000 partition_table/partition-table.bin 
or from the "/home/cgar/Session_5/ObjetConnecte/ESC_Charles/build" directory
python -m esptool --chip esp32 -b 460800 --before default_reset --after hard_reset write_flash "@flash_args"
[/Build]
[Flash]
Flash Done ⚡️
[/Flash]
[Build]
Project build complete. To flash, run:
ESP-IDF: Flash your project in the ESP-IDF Visual Studio Code Extension
or in a ESP-IDF Terminal:
idf.py flash
or
idf.py -p PORT flash
or
python -m esptool --chip esp32 -b 460800 --before default_reset --after hard_reset  --port /dev/ttyUSB0 write_flash --flash_mode dio --flash_size 2MB --flash_freq 40m 0x1000 bootloader/bootloader.bin 0x10000 ESC_Charles.bin 0x8000 partition_table/partition-table.bin 
or from the "/home/cgar/Session_5/ObjetConnecte/ESC_Charles/build" directory
python -m esptool --chip esp32 -b 460800 --before default_reset --after hard_reset write_flash "@flash_args"
[/Build]
[Flash]
Flash Done ⚡️
[/Flash]
[Build]
Project build complete. To flash, run:
ESP-IDF: Flash your project in the ESP-IDF Visual Studio Code Extension
or in a ESP-IDF Terminal:
idf.py flash
or
idf.py -p PORT flash
or
python -m esptool --chip esp32 -b 460800 --before default_reset --after hard_reset  --port /dev/ttyUSB0 write_flash --flash_mode dio --flash_size 2MB --flash_freq 40m 0x1000 bootloader/bootloader.bin 0x10000 ESC_Charles.bin 0x8000 partition_table/partition-table.bin 
or from the "/home/cgar/Session_5/ObjetConnecte/ESC_Charles/build" directory
python -m esptool --chip esp32 -b 460800 --before default_reset --after hard_reset write_flash "@flash_args"
[/Build]
[Flash]
Flash Done ⚡️
[/Flash]
[Build]
Project build complete. To flash, run:
ESP-IDF: Flash your project in the ESP-IDF Visual Studio Code Extension
or in a ESP-IDF Terminal:
idf.py flash
or
idf.py -p PORT flash
or
python -m esptool --chip esp32 -b 460800 --before default_reset --after hard_reset  --port /dev/ttyUSB0 write_flash --flash_mode dio --flash_size 2MB --flash_freq 40m 0x1000 bootloader/bootloader.bin 0x10000 ESC_Charles.bin 0x8000 partition_table/partition-table.bin 
or from the "/home/cgar/Session_5/ObjetConnecte/ESC_Charles/build" directory
python -m esptool --chip esp32 -b 460800 --before default_reset --after hard_reset write_flash "@flash_args"
[/Build]
[Flash]
Flash Done ⚡️
[/Flash]
[Build]
Project build complete. To flash, run:
ESP-IDF: Flash your project in the ESP-IDF Visual Studio Code Extension
or in a ESP-IDF Terminal:
idf.py flash
or
idf.py -p PORT flash
or
python -m esptool --chip esp32 -b 460800 --before default_reset --after hard_reset  --port /dev/ttyUSB0 write_flash --flash_mode dio --flash_size 2MB --flash_freq 40m 0x1000 bootloader/bootloader.bin 0x10000 ESC_Charles.bin 0x8000 partition_table/partition-table.bin 
or from the "/home/cgar/Session_5/ObjetConnecte/ESC_Charles/build" directory
python -m esptool --chip esp32 -b 460800 --before default_reset --after hard_reset write_flash "@flash_args"
[/Build]
[Flash]
Flash Done ⚡️
[/Flash]
[Build]
Project build complete. To flash, run:
ESP-IDF: Flash your project in the ESP-IDF Visual Studio Code Extension
or in a ESP-IDF Terminal:
idf.py flash
or
idf.py -p PORT flash
or
python -m esptool --chip esp32 -b 460800 --before default_reset --after hard_reset  --port /dev/ttyUSB0 write_flash --flash_mode dio --flash_size 2MB --flash_freq 40m 0x1000 bootloader/bootloader.bin 0x10000 ESC_Charles.bin 0x8000 partition_table/partition-table.bin 
or from the "/home/cgar/Session_5/ObjetConnecte/ESC_Charles/build" directory
python -m esptool --chip esp32 -b 460800 --before default_reset --after hard_reset write_flash "@flash_args"
[/Build]
[Flash]
Flash Done ⚡️
[/Flash]
[Build]
Project build complete. To flash, run:
ESP-IDF: Flash your project in the ESP-IDF Visual Studio Code Extension
or in a ESP-IDF Terminal:
idf.py flash
or
idf.py -p PORT flash
or
python -m esptool --chip esp32 -b 460800 --before default_reset --after hard_reset  --port /dev/ttyUSB0 write_flash --flash_mode dio --flash_size 2MB --flash_freq 40m 0x1000 bootloader/bootloader.bin 0x10000 ESC_Charles.bin 0x8000 partition_table/partition-table.bin 
or from the "/home/cgar/Session_5/ObjetConnecte/ESC_Charles/build" directory
python -m esptool --chip esp32 -b 460800 --before default_reset --after hard_reset write_flash "@flash_args"
[/Build]
[Flash]
Flash Done ⚡️
Wait for ESP-IDF task to finish
[/Flash]
[Build]
Project build complete. To flash, run:
ESP-IDF: Flash your project in the ESP-IDF Visual Studio Code Extension
or in a ESP-IDF Terminal:
idf.py flash
or
idf.py -p PORT flash
or
python -m esptool --chip esp32 -b 460800 --before default_reset --after hard_reset  --port /dev/ttyUSB0 write_flash --flash_mode dio --flash_size 2MB --flash_freq 40m 0x1000 bootloader/bootloader.bin 0x10000 ESC_Charles.bin 0x8000 partition_table/partition-table.bin 
or from the "/home/cgar/Session_5/ObjetConnecte/ESC_Charles/build" directory
python -m esptool --chip esp32 -b 460800 --before default_reset --after hard_reset write_flash "@flash_args"
Project build complete. To flash, run:
ESP-IDF: Flash your project in the ESP-IDF Visual Studio Code Extension
or in a ESP-IDF Terminal:
idf.py flash
or
idf.py -p PORT flash
or
python -m esptool --chip esp32 -b 460800 --before default_reset --after hard_reset  --port /dev/ttyUSB0 write_flash --flash_mode dio --flash_size 2MB --flash_freq 40m 0x1000 bootloader/bootloader.bin 0x10000 ESC_Charles.bin 0x8000 partition_table/partition-table.bin 
or from the "/home/cgar/Session_5/ObjetConnecte/ESC_Charles/build" directory
python -m esptool --chip esp32 -b 460800 --before default_reset --after hard_reset write_flash "@flash_args"
Project build complete. To flash, run:
ESP-IDF: Flash your project in the ESP-IDF Visual Studio Code Extension
or in a ESP-IDF Terminal:
idf.py flash
or
idf.py -p PORT flash
or
python -m esptool --chip esp32 -b 460800 --before default_reset --after hard_reset  --port /dev/ttyUSB0 write_flash --flash_mode dio --flash_size 2MB --flash_freq 40m 0x1000 bootloader/bootloader.bin 0x10000 ESC_Charles.bin 0x8000 partition_table/partition-table.bin 
or from the "/home/cgar/Session_5/ObjetConnecte/ESC_Charles/build" directory
python -m esptool --chip esp32 -b 460800 --before default_reset --after hard_reset write_flash "@flash_args"
[/Build]
[Flash]
Flash Done ⚡️
[/Flash]
[Build]
Project build complete. To flash, run:
ESP-IDF: Flash your project in the ESP-IDF Visual Studio Code Extension
or in a ESP-IDF Terminal:
idf.py flash
or
idf.py -p PORT flash
or
python -m esptool --chip esp32 -b 460800 --before default_reset --after hard_reset  --port /dev/ttyUSB0 write_flash --flash_mode dio --flash_size 2MB --flash_freq 40m 0x1000 bootloader/bootloader.bin 0x10000 ESC_Charles.bin 0x8000 partition_table/partition-table.bin 
or from the "/home/cgar/Session_5/ObjetConnecte/ESC_Charles/build" directory
python -m esptool --chip esp32 -b 460800 --before default_reset --after hard_reset write_flash "@flash_args"
[/Build]
[Flash]
Flash Done ⚡️
[/Flash]
[Build]
Project build complete. To flash, run:
ESP-IDF: Flash your project in the ESP-IDF Visual Studio Code Extension
or in a ESP-IDF Terminal:
idf.py flash
or
idf.py -p PORT flash
or
python -m esptool --chip esp32 -b 460800 --before default_reset --after hard_reset  --port /dev/ttyUSB0 write_flash --flash_mode dio --flash_size 2MB --flash_freq 40m 0x1000 bootloader/bootloader.bin 0x10000 ESC_Charles.bin 0x8000 partition_table/partition-table.bin 
or from the "/home/cgar/Session_5/ObjetConnecte/ESC_Charles/build" directory
python -m esptool --chip esp32 -b 460800 --before default_reset --after hard_reset write_flash "@flash_args"
[/Build]
[Flash]
Flash Done ⚡️
[/Flash]
[Build]
Project build complete. To flash, run:
ESP-IDF: Flash your project in the ESP-IDF Visual Studio Code Extension
or in a ESP-IDF Terminal:
idf.py flash
or
idf.py -p PORT flash
or
python -m esptool --chip esp32 -b 460800 --before default_reset --after hard_reset  --port /dev/ttyUSB0 write_flash --flash_mode dio --flash_size 2MB --flash_freq 40m 0x1000 bootloader/bootloader.bin 0x10000 ESC_Charles.bin 0x8000 partition_table/partition-table.bin 
or from the "/home/cgar/Session_5/ObjetConnecte/ESC_Charles/build" directory
python -m esptool --chip esp32 -b 460800 --before default_reset --after hard_reset write_flash "@flash_args"
[/Build]
[Flash]
Flash Done ⚡️
[/Flash]
[Build]
Project build complete. To flash, run:
ESP-IDF: Flash your project in the ESP-IDF Visual Studio Code Extension
or in a ESP-IDF Terminal:
idf.py flash
or
idf.py -p PORT flash
or
python -m esptool --chip esp32 -b 460800 --before default_reset --after hard_reset  --port /dev/ttyUSB0 write_flash --flash_mode dio --flash_size 2MB --flash_freq 40m 0x1000 bootloader/bootloader.bin 0x10000 ESC_Charles.bin 0x8000 partition_table/partition-table.bin 
or from the "/home/cgar/Session_5/ObjetConnecte/ESC_Charles/build" directory
python -m esptool --chip esp32 -b 460800 --before default_reset --after hard_reset write_flash "@flash_args"
[/Build]
[Flash]
Flash Done ⚡️
[/Flash]
[Build]
Project build complete. To flash, run:
ESP-IDF: Flash your project in the ESP-IDF Visual Studio Code Extension
or in a ESP-IDF Terminal:
idf.py flash
or
idf.py -p PORT flash
or
python -m esptool --chip esp32 -b 460800 --before default_reset --after hard_reset  --port /dev/ttyUSB0 write_flash --flash_mode dio --flash_size 2MB --flash_freq 40m 0x1000 bootloader/bootloader.bin 0x10000 ESC_Charles.bin 0x8000 partition_table/partition-table.bin 
or from the "/home/cgar/Session_5/ObjetConnecte/ESC_Charles/build" directory
python -m esptool --chip esp32 -b 460800 --before default_reset --after hard_reset write_flash "@flash_args"
[/Build]
[Flash]
Flash Done ⚡️
[/Flash]
[Build]
Project build complete. To flash, run:
ESP-IDF: Flash your project in the ESP-IDF Visual Studio Code Extension
or in a ESP-IDF Terminal:
idf.py flash
or
idf.py -p PORT flash
or
python -m esptool --chip esp32 -b 460800 --before default_reset --after hard_reset  --port /dev/ttyUSB0 write_flash --flash_mode dio --flash_size 2MB --flash_freq 40m 0x1000 bootloader/bootloader.bin 0x10000 ESC_Charles.bin 0x8000 partition_table/partition-table.bin 
or from the "/home/cgar/Session_5/ObjetConnecte/ESC_Charles/build" directory
python -m esptool --chip esp32 -b 460800 --before default_reset --after hard_reset write_flash "@flash_args"
[/Build]
[Flash]
Flash Done ⚡️
[/Flash]
[Build]
Project build complete. To flash, run:
ESP-IDF: Flash your project in the ESP-IDF Visual Studio Code Extension
or in a ESP-IDF Terminal:
idf.py flash
or
idf.py -p PORT flash
or
python -m esptool --chip esp32 -b 460800 --before default_reset --after hard_reset  --port /dev/ttyUSB0 write_flash --flash_mode dio --flash_size 2MB --flash_freq 40m 0x1000 bootloader/bootloader.bin 0x10000 ESC_Charles.bin 0x8000 partition_table/partition-table.bin 
or from the "/home/cgar/Session_5/ObjetConnecte/ESC_Charles/build" directory
python -m esptool --chip esp32 -b 460800 --before default_reset --after hard_reset write_flash "@flash_args"
[/Build]
[Flash]
Flash Done ⚡️
[/Flash]
[Build]
Project build complete. To flash, run:
ESP-IDF: Flash your project in the ESP-IDF Visual Studio Code Extension
or in a ESP-IDF Terminal:
idf.py flash
or
idf.py -p PORT flash
or
python -m esptool --chip esp32 -b 460800 --before default_reset --after hard_reset  --port /dev/ttyUSB0 write_flash --flash_mode dio --flash_size 2MB --flash_freq 40m 0x1000 bootloader/bootloader.bin 0x10000 ESC_Charles.bin 0x8000 partition_table/partition-table.bin 
or from the "/home/cgar/Session_5/ObjetConnecte/ESC_Charles/build" directory
python -m esptool --chip esp32 -b 460800 --before default_reset --after hard_reset write_flash "@flash_args"
[/Build]
[Flash]
Flash Done ⚡️
[/Flash]
[Build]
Project build complete. To flash, run:
ESP-IDF: Flash your project in the ESP-IDF Visual Studio Code Extension
or in a ESP-IDF Terminal:
idf.py flash
or
idf.py -p PORT flash
or
python -m esptool --chip esp32 -b 460800 --before default_reset --after hard_reset  --port /dev/ttyUSB0 write_flash --flash_mode dio --flash_size 2MB --flash_freq 40m 0x1000 bootloader/bootloader.bin 0x10000 ESC_Charles.bin 0x8000 partition_table/partition-table.bin 
or from the "/home/cgar/Session_5/ObjetConnecte/ESC_Charles/build" directory
python -m esptool --chip esp32 -b 460800 --before default_reset --after hard_reset write_flash "@flash_args"
[/Build]
[Flash]
Flash Done ⚡️
[/Flash]
[Build]
Project build complete. To flash, run:
ESP-IDF: Flash your project in the ESP-IDF Visual Studio Code Extension
or in a ESP-IDF Terminal:
idf.py flash
or
idf.py -p PORT flash
or
python -m esptool --chip esp32 -b 460800 --before default_reset --after hard_reset  --port /dev/ttyUSB0 write_flash --flash_mode dio --flash_size 2MB --flash_freq 40m 0x1000 bootloader/bootloader.bin 0x10000 ESC_Charles.bin 0x8000 partition_table/partition-table.bin 
or from the "/home/cgar/Session_5/ObjetConnecte/ESC_Charles/build" directory
python -m esptool --chip esp32 -b 460800 --before default_reset --after hard_reset write_flash "@flash_args"
[/Build]
[Flash]
Flash Done ⚡️
[/Flash]
[Build]
Project build complete. To flash, run:
ESP-IDF: Flash your project in the ESP-IDF Visual Studio Code Extension
or in a ESP-IDF Terminal:
idf.py flash
or
idf.py -p PORT flash
or
python -m esptool --chip esp32 -b 460800 --before default_reset --after hard_reset  --port /dev/ttyUSB0 write_flash --flash_mode dio --flash_size 2MB --flash_freq 40m 0x1000 bootloader/bootloader.bin 0x10000 ESC_Charles.bin 0x8000 partition_table/partition-table.bin 
or from the "/home/cgar/Session_5/ObjetConnecte/ESC_Charles/build" directory
python -m esptool --chip esp32 -b 460800 --before default_reset --after hard_reset write_flash "@flash_args"
[/Build]
[Flash]
Flash Done ⚡️
[/Flash]
[Build]
Project build complete. To flash, run:
ESP-IDF: Flash your project in the ESP-IDF Visual Studio Code Extension
or in a ESP-IDF Terminal:
idf.py flash
or
idf.py -p PORT flash
or
python -m esptool --chip esp32 -b 460800 --before default_reset --after hard_reset  --port /dev/ttyUSB0 write_flash --flash_mode dio --flash_size 2MB --flash_freq 40m 0x1000 bootloader/bootloader.bin 0x10000 ESC_Charles.bin 0x8000 partition_table/partition-table.bin 
or from the "/home/cgar/Session_5/ObjetConnecte/ESC_Charles/build" directory
python -m esptool --chip esp32 -b 460800 --before default_reset --after hard_reset write_flash "@flash_args"
[/Build]
[Flash]
Flash Done ⚡️
[/Flash]
[Build]
Project build complete. To flash, run:
ESP-IDF: Flash your project in the ESP-IDF Visual Studio Code Extension
or in a ESP-IDF Terminal:
idf.py flash
or
idf.py -p PORT flash
or
python -m esptool --chip esp32 -b 460800 --before default_reset --after hard_reset  --port /dev/ttyUSB0 write_flash --flash_mode dio --flash_size 2MB --flash_freq 40m 0x1000 bootloader/bootloader.bin 0x10000 ESC_Charles.bin 0x8000 partition_table/partition-table.bin 
or from the "/home/cgar/Session_5/ObjetConnecte/ESC_Charles/build" directory
python -m esptool --chip esp32 -b 460800 --before default_reset --after hard_reset write_flash "@flash_args"
[/Build]
[Flash]
Flash Done ⚡️
[/Flash]
[Build]
Project build complete. To flash, run:
ESP-IDF: Flash your project in the ESP-IDF Visual Studio Code Extension
or in a ESP-IDF Terminal:
idf.py flash
or
idf.py -p PORT flash
or
python -m esptool --chip esp32 -b 460800 --before default_reset --after hard_reset  --port /dev/ttyUSB0 write_flash --flash_mode dio --flash_size 2MB --flash_freq 40m 0x1000 bootloader/bootloader.bin 0x10000 ESC_Charles.bin 0x8000 partition_table/partition-table.bin 
or from the "/home/cgar/Session_5/ObjetConnecte/ESC_Charles/build" directory
python -m esptool --chip esp32 -b 460800 --before default_reset --after hard_reset write_flash "@flash_args"
[/Build]
[Flash]
Flash Done ⚡️
[/Flash]
[Build]
Project build complete. To flash, run:
ESP-IDF: Flash your project in the ESP-IDF Visual Studio Code Extension
or in a ESP-IDF Terminal:
idf.py flash
or
idf.py -p PORT flash
or
python -m esptool --chip esp32 -b 460800 --before default_reset --after hard_reset  --port /dev/ttyUSB0 write_flash --flash_mode dio --flash_size 2MB --flash_freq 40m 0x1000 bootloader/bootloader.bin 0x10000 ESC_Charles.bin 0x8000 partition_table/partition-table.bin 
or from the "/home/cgar/Session_5/ObjetConnecte/ESC_Charles/build" directory
python -m esptool --chip esp32 -b 460800 --before default_reset --after hard_reset write_flash "@flash_args"
[/Build]
[Flash]
Flash Done ⚡️
[/Flash]
[Build]
Project build complete. To flash, run:
ESP-IDF: Flash your project in the ESP-IDF Visual Studio Code Extension
or in a ESP-IDF Terminal:
idf.py flash
or
idf.py -p PORT flash
or
python -m esptool --chip esp32 -b 460800 --before default_reset --after hard_reset  --port /dev/ttyUSB0 write_flash --flash_mode dio --flash_size 2MB --flash_freq 40m 0x1000 bootloader/bootloader.bin 0x10000 ESC_Charles.bin 0x8000 partition_table/partition-table.bin 
or from the "/home/cgar/Session_5/ObjetConnecte/ESC_Charles/build" directory
python -m esptool --chip esp32 -b 460800 --before default_reset --after hard_reset write_flash "@flash_args"
[/Build]
[Flash]
Flash Done ⚡️
[/Flash]
[Build]
Project build complete. To flash, run:
ESP-IDF: Flash your project in the ESP-IDF Visual Studio Code Extension
or in a ESP-IDF Terminal:
idf.py flash
or
idf.py -p PORT flash
or
python -m esptool --chip esp32 -b 460800 --before default_reset --after hard_reset  --port /dev/ttyUSB0 write_flash --flash_mode dio --flash_size 2MB --flash_freq 40m 0x1000 bootloader/bootloader.bin 0x10000 ESC_Charles.bin 0x8000 partition_table/partition-table.bin 
or from the "/home/cgar/Session_5/ObjetConnecte/ESC_Charles/build" directory
python -m esptool --chip esp32 -b 460800 --before default_reset --after hard_reset write_flash "@flash_args"
[/Build]
[Flash]
Flash Done ⚡️
