2025-10-16 19:46:01.935 [info] [main] Log level: Info
2025-10-16 19:46:01.935 [info] [main] Validating found git in: "git"
2025-10-16 19:46:01.935 [info] [main] Using git "2.51.0" from "git"
2025-10-16 19:46:01.935 [info] [Model][doInitialScan] Initial repository scan started
2025-10-16 19:46:01.935 [info] > git rev-parse --show-toplevel [134ms]
2025-10-16 19:46:01.935 [info] fatal: not a git repository (or any parent up to mount point /)
Stopping at filesystem boundary (GIT_DISCOVERY_ACROSS_FILESYSTEM not set).
2025-10-16 19:46:01.935 [info] > git rev-parse --show-toplevel [36ms]
2025-10-16 19:46:01.935 [info] fatal: not a git repository (or any parent up to mount point /)
Stopping at filesystem boundary (GIT_DISCOVERY_ACROSS_FILESYSTEM not set).
2025-10-16 19:46:01.943 [info] > git rev-parse --show-toplevel [5ms]
2025-10-16 19:46:01.943 [info] fatal: not a git repository (or any parent up to mount point /)
Stopping at filesystem boundary (GIT_DISCOVERY_ACROSS_FILESYSTEM not set).
2025-10-16 19:46:01.951 [info] > git rev-parse --show-toplevel [2ms]
2025-10-16 19:46:01.951 [info] fatal: not a git repository (or any parent up to mount point /)
Stopping at filesystem boundary (GIT_DISCOVERY_ACROSS_FILESYSTEM not set).
2025-10-16 19:46:01.957 [info] > git rev-parse --show-toplevel [1ms]
2025-10-16 19:46:01.957 [info] fatal: not a git repository (or any parent up to mount point /)
Stopping at filesystem boundary (GIT_DISCOVERY_ACROSS_FILESYSTEM not set).
2025-10-16 19:46:01.964 [info] > git rev-parse --show-toplevel [1ms]
2025-10-16 19:46:01.964 [info] fatal: not a git repository (or any parent up to mount point /)
Stopping at filesystem boundary (GIT_DISCOVERY_ACROSS_FILESYSTEM not set).
2025-10-16 19:46:01.972 [info] > git rev-parse --show-toplevel [4ms]
2025-10-16 19:46:01.972 [info] fatal: not a git repository (or any parent up to mount point /)
Stopping at filesystem boundary (GIT_DISCOVERY_ACROSS_FILESYSTEM not set).
2025-10-16 19:46:01.974 [info] [Model][doInitialScan] Initial repository scan completed - repositories (0), closed repositories (0), parent repositories (0), unsafe repositories (0)
2025-10-16 19:46:02.443 [info] > git rev-parse --show-toplevel [3ms]
2025-10-16 19:46:02.443 [info] fatal: not a git repository (or any parent up to mount point /)
Stopping at filesystem boundary (GIT_DISCOVERY_ACROSS_FILESYSTEM not set).
2025-10-16 19:46:07.894 [info] > git rev-parse --show-toplevel [3ms]
2025-10-16 19:46:07.894 [info] fatal: not a git repository (or any parent up to mount point /)
Stopping at filesystem boundary (GIT_DISCOVERY_ACROSS_FILESYSTEM not set).
2025-10-16 19:46:08.291 [info] > git rev-parse --show-toplevel [2ms]
2025-10-16 19:46:08.291 [info] fatal: not a git repository (or any parent up to mount point /)
Stopping at filesystem boundary (GIT_DISCOVERY_ACROSS_FILESYSTEM not set).
2025-10-16 19:46:08.522 [info] > git rev-parse --show-toplevel [3ms]
2025-10-16 19:46:08.522 [info] fatal: not a git repository (or any parent up to mount point /)
Stopping at filesystem boundary (GIT_DISCOVERY_ACROSS_FILESYSTEM not set).
2025-10-16 19:46:08.691 [info] > git rev-parse --show-toplevel [3ms]
2025-10-16 19:46:08.691 [info] fatal: not a git repository (or any parent up to mount point /)
Stopping at filesystem boundary (GIT_DISCOVERY_ACROSS_FILESYSTEM not set).
2025-10-16 19:46:15.052 [info] > git rev-parse --show-toplevel [1ms]
2025-10-16 19:46:15.052 [info] fatal: not a git repository (or any parent up to mount point /)
Stopping at filesystem boundary (GIT_DISCOVERY_ACROSS_FILESYSTEM not set).
2025-10-16 19:46:16.227 [info] > git rev-parse --show-toplevel [5ms]
2025-10-16 19:46:16.227 [info] fatal: not a git repository (or any parent up to mount point /)
Stopping at filesystem boundary (GIT_DISCOVERY_ACROSS_FILESYSTEM not set).
2025-10-16 19:46:18.414 [info] > git rev-parse --show-toplevel [2ms]
2025-10-16 19:46:18.414 [info] fatal: not a git repository (or any parent up to mount point /)
Stopping at filesystem boundary (GIT_DISCOVERY_ACROSS_FILESYSTEM not set).
2025-10-16 19:46:18.440 [info] > git rev-parse --show-toplevel [1ms]
2025-10-16 19:46:18.440 [info] fatal: not a git repository (or any parent up to mount point /)
Stopping at filesystem boundary (GIT_DISCOVERY_ACROSS_FILESYSTEM not set).
2025-10-16 19:46:29.107 [info] > git rev-parse --show-toplevel [1ms]
2025-10-16 19:46:29.107 [info] fatal: not a git repository (or any parent up to mount point /)
Stopping at filesystem boundary (GIT_DISCOVERY_ACROSS_FILESYSTEM not set).
2025-10-16 19:46:34.649 [info] > git rev-parse --show-toplevel [1ms]
2025-10-16 19:46:34.649 [info] fatal: not a git repository (or any parent up to mount point /)
Stopping at filesystem boundary (GIT_DISCOVERY_ACROSS_FILESYSTEM not set).
2025-10-16 20:11:36.077 [info] > git rev-parse --show-toplevel [1ms]
2025-10-16 20:11:36.077 [info] fatal: not a git repository (or any parent up to mount point /)
Stopping at filesystem boundary (GIT_DISCOVERY_ACROSS_FILESYSTEM not set).
2025-10-16 20:12:45.897 [info] > git rev-parse --show-toplevel [1ms]
2025-10-16 20:12:45.897 [info] fatal: not a git repository (or any parent up to mount point /)
Stopping at filesystem boundary (GIT_DISCOVERY_ACROSS_FILESYSTEM not set).
2025-10-16 20:12:56.038 [info] > git rev-parse --show-toplevel [0ms]
2025-10-16 20:12:56.038 [info] fatal: not a git repository (or any parent up to mount point /)
Stopping at filesystem boundary (GIT_DISCOVERY_ACROSS_FILESYSTEM not set).
2025-10-16 20:13:23.387 [info] > git rev-parse --show-toplevel [1ms]
2025-10-16 20:13:23.387 [info] fatal: not a git repository (or any parent up to mount point /)
Stopping at filesystem boundary (GIT_DISCOVERY_ACROSS_FILESYSTEM not set).
2025-10-16 20:13:31.983 [info] > git rev-parse --show-toplevel [2ms]
2025-10-16 20:13:31.983 [info] fatal: not a git repository (or any parent up to mount point /)
Stopping at filesystem boundary (GIT_DISCOVERY_ACROSS_FILESYSTEM not set).
2025-10-16 20:14:14.106 [info] > git rev-parse --show-toplevel [1ms]
2025-10-16 20:14:14.106 [info] fatal: not a git repository (or any parent up to mount point /)
Stopping at filesystem boundary (GIT_DISCOVERY_ACROSS_FILESYSTEM not set).
2025-10-16 20:20:09.061 [info] > git rev-parse --show-toplevel [0ms]
2025-10-16 20:20:09.061 [info] fatal: not a git repository (or any parent up to mount point /)
Stopping at filesystem boundary (GIT_DISCOVERY_ACROSS_FILESYSTEM not set).
2025-10-16 20:20:15.282 [info] > git rev-parse --show-toplevel [1ms]
2025-10-16 20:20:15.282 [info] fatal: not a git repository (or any parent up to mount point /)
Stopping at filesystem boundary (GIT_DISCOVERY_ACROSS_FILESYSTEM not set).
2025-10-16 20:20:18.796 [info] > git rev-parse --show-toplevel [1ms]
2025-10-16 20:20:18.796 [info] fatal: not a git repository (or any parent up to mount point /)
Stopping at filesystem boundary (GIT_DISCOVERY_ACROSS_FILESYSTEM not set).
2025-10-16 20:20:28.456 [info] > git rev-parse --show-toplevel [0ms]
2025-10-16 20:20:28.456 [info] fatal: not a git repository (or any parent up to mount point /)
Stopping at filesystem boundary (GIT_DISCOVERY_ACROSS_FILESYSTEM not set).
2025-10-16 20:20:59.809 [info] > git rev-parse --show-toplevel [1ms]
2025-10-16 20:20:59.809 [info] fatal: not a git repository (or any parent up to mount point /)
Stopping at filesystem boundary (GIT_DISCOVERY_ACROSS_FILESYSTEM not set).
2025-10-16 20:20:59.945 [info] > git rev-parse --show-toplevel [1ms]
2025-10-16 20:20:59.945 [info] fatal: not a git repository (or any parent up to mount point /)
Stopping at filesystem boundary (GIT_DISCOVERY_ACROSS_FILESYSTEM not set).
2025-10-16 20:21:26.958 [info] > git rev-parse --show-toplevel [1ms]
2025-10-16 20:21:26.958 [info] fatal: not a git repository (or any parent up to mount point /)
Stopping at filesystem boundary (GIT_DISCOVERY_ACROSS_FILESYSTEM not set).
2025-10-16 20:24:13.433 [info] > git rev-parse --show-toplevel [1ms]
2025-10-16 20:24:13.433 [info] fatal: not a git repository (or any parent up to mount point /)
Stopping at filesystem boundary (GIT_DISCOVERY_ACROSS_FILESYSTEM not set).
2025-10-16 20:24:13.550 [info] > git rev-parse --show-toplevel [0ms]
2025-10-16 20:24:13.550 [info] fatal: not a git repository (or any parent up to mount point /)
Stopping at filesystem boundary (GIT_DISCOVERY_ACROSS_FILESYSTEM not set).
2025-10-16 20:26:56.414 [info] > git rev-parse --show-toplevel [1ms]
2025-10-16 20:26:56.414 [info] fatal: not a git repository (or any parent up to mount point /)
Stopping at filesystem boundary (GIT_DISCOVERY_ACROSS_FILESYSTEM not set).
2025-10-16 20:26:56.543 [info] > git rev-parse --show-toplevel [1ms]
2025-10-16 20:26:56.543 [info] fatal: not a git repository (or any parent up to mount point /)
Stopping at filesystem boundary (GIT_DISCOVERY_ACROSS_FILESYSTEM not set).
2025-10-16 20:31:05.809 [info] > git rev-parse --show-toplevel [0ms]
2025-10-16 20:31:05.809 [info] fatal: not a git repository (or any parent up to mount point /)
Stopping at filesystem boundary (GIT_DISCOVERY_ACROSS_FILESYSTEM not set).
2025-10-16 20:31:05.954 [info] > git rev-parse --show-toplevel [0ms]
2025-10-16 20:31:05.954 [info] fatal: not a git repository (or any parent up to mount point /)
Stopping at filesystem boundary (GIT_DISCOVERY_ACROSS_FILESYSTEM not set).
2025-10-16 20:32:12.453 [info] > git rev-parse --show-toplevel [1ms]
2025-10-16 20:32:12.453 [info] fatal: not a git repository (or any parent up to mount point /)
Stopping at filesystem boundary (GIT_DISCOVERY_ACROSS_FILESYSTEM not set).
2025-10-16 20:32:12.578 [info] > git rev-parse --show-toplevel [0ms]
2025-10-16 20:32:12.578 [info] fatal: not a git repository (or any parent up to mount point /)
Stopping at filesystem boundary (GIT_DISCOVERY_ACROSS_FILESYSTEM not set).
2025-10-16 20:33:25.476 [info] > git rev-parse --show-toplevel [1ms]
2025-10-16 20:33:25.476 [info] fatal: not a git repository (or any parent up to mount point /)
Stopping at filesystem boundary (GIT_DISCOVERY_ACROSS_FILESYSTEM not set).
2025-10-16 20:33:25.608 [info] > git rev-parse --show-toplevel [1ms]
2025-10-16 20:33:25.608 [info] fatal: not a git repository (or any parent up to mount point /)
Stopping at filesystem boundary (GIT_DISCOVERY_ACROSS_FILESYSTEM not set).
2025-10-16 20:46:06.724 [info] > git rev-parse --show-toplevel [1ms]
2025-10-16 20:46:06.724 [info] fatal: not a git repository (or any parent up to mount point /)
Stopping at filesystem boundary (GIT_DISCOVERY_ACROSS_FILESYSTEM not set).
2025-10-16 20:46:06.854 [info] > git rev-parse --show-toplevel [1ms]
2025-10-16 20:46:06.854 [info] fatal: not a git repository (or any parent up to mount point /)
Stopping at filesystem boundary (GIT_DISCOVERY_ACROSS_FILESYSTEM not set).
2025-10-16 20:55:04.618 [info] > git rev-parse --show-toplevel [1ms]
2025-10-16 20:55:04.618 [info] fatal: not a git repository (or any parent up to mount point /)
Stopping at filesystem boundary (GIT_DISCOVERY_ACROSS_FILESYSTEM not set).
2025-10-16 20:55:04.748 [info] > git rev-parse --show-toplevel [1ms]
2025-10-16 20:55:04.748 [info] fatal: not a git repository (or any parent up to mount point /)
Stopping at filesystem boundary (GIT_DISCOVERY_ACROSS_FILESYSTEM not set).
2025-10-16 21:00:11.409 [info] > git rev-parse --show-toplevel [1ms]
2025-10-16 21:00:11.409 [info] fatal: not a git repository (or any parent up to mount point /)
Stopping at filesystem boundary (GIT_DISCOVERY_ACROSS_FILESYSTEM not set).
2025-10-16 21:00:36.545 [info] > git rev-parse --show-toplevel [1ms]
2025-10-16 21:00:36.545 [info] fatal: not a git repository (or any parent up to mount point /)
Stopping at filesystem boundary (GIT_DISCOVERY_ACROSS_FILESYSTEM not set).
2025-10-16 21:04:00.737 [info] > git rev-parse --show-toplevel [1ms]
2025-10-16 21:04:00.737 [info] fatal: not a git repository (or any parent up to mount point /)
Stopping at filesystem boundary (GIT_DISCOVERY_ACROSS_FILESYSTEM not set).
2025-10-16 21:04:04.932 [info] > git rev-parse --show-toplevel [0ms]
2025-10-16 21:04:04.932 [info] fatal: not a git repository (or any parent up to mount point /)
Stopping at filesystem boundary (GIT_DISCOVERY_ACROSS_FILESYSTEM not set).
2025-10-16 21:04:05.483 [info] > git rev-parse --show-toplevel [1ms]
2025-10-16 21:04:05.483 [info] fatal: not a git repository (or any parent up to mount point /)
Stopping at filesystem boundary (GIT_DISCOVERY_ACROSS_FILESYSTEM not set).
2025-10-18 10:16:08.189 [info] > git rev-parse --show-toplevel [1ms]
2025-10-18 10:16:08.189 [info] fatal: not a git repository (or any parent up to mount point /)
Stopping at filesystem boundary (GIT_DISCOVERY_ACROSS_FILESYSTEM not set).
2025-10-18 10:16:23.264 [info] > git rev-parse --show-toplevel [2ms]
2025-10-18 10:16:23.264 [info] fatal: not a git repository (or any parent up to mount point /)
Stopping at filesystem boundary (GIT_DISCOVERY_ACROSS_FILESYSTEM not set).
2025-10-18 10:16:50.013 [info] > git rev-parse --show-toplevel [2ms]
2025-10-18 10:16:50.013 [info] fatal: not a git repository (or any parent up to mount point /)
Stopping at filesystem boundary (GIT_DISCOVERY_ACROSS_FILESYSTEM not set).
2025-10-18 10:22:14.436 [info] > git rev-parse --show-toplevel [1ms]
2025-10-18 10:22:14.436 [info] fatal: not a git repository (or any parent up to mount point /)
Stopping at filesystem boundary (GIT_DISCOVERY_ACROSS_FILESYSTEM not set).
2025-10-18 10:22:24.178 [info] > git rev-parse --show-toplevel [1ms]
2025-10-18 10:22:24.178 [info] fatal: not a git repository (or any parent up to mount point /)
Stopping at filesystem boundary (GIT_DISCOVERY_ACROSS_FILESYSTEM not set).
2025-10-18 10:22:38.457 [info] > git rev-parse --show-toplevel [2ms]
2025-10-18 10:22:38.457 [info] fatal: not a git repository (or any parent up to mount point /)
Stopping at filesystem boundary (GIT_DISCOVERY_ACROSS_FILESYSTEM not set).
2025-10-18 10:22:57.765 [info] > git rev-parse --show-toplevel [1ms]
2025-10-18 10:22:57.765 [info] fatal: not a git repository (or any parent up to mount point /)
Stopping at filesystem boundary (GIT_DISCOVERY_ACROSS_FILESYSTEM not set).
2025-10-18 10:22:59.191 [info] > git rev-parse --show-toplevel [1ms]
2025-10-18 10:22:59.191 [info] fatal: not a git repository (or any parent up to mount point /)
Stopping at filesystem boundary (GIT_DISCOVERY_ACROSS_FILESYSTEM not set).
2025-10-18 10:27:49.513 [info] > git rev-parse --show-toplevel [1ms]
2025-10-18 10:27:49.513 [info] fatal: not a git repository (or any parent up to mount point /)
Stopping at filesystem boundary (GIT_DISCOVERY_ACROSS_FILESYSTEM not set).
2025-10-18 10:27:52.354 [info] > git rev-parse --show-toplevel [1ms]
2025-10-18 10:27:52.354 [info] fatal: not a git repository (or any parent up to mount point /)
Stopping at filesystem boundary (GIT_DISCOVERY_ACROSS_FILESYSTEM not set).
2025-10-18 10:28:00.139 [info] > git rev-parse --show-toplevel [1ms]
2025-10-18 10:28:00.139 [info] fatal: not a git repository (or any parent up to mount point /)
Stopping at filesystem boundary (GIT_DISCOVERY_ACROSS_FILESYSTEM not set).
2025-10-18 10:28:41.741 [info] > git rev-parse --show-toplevel [1ms]
2025-10-18 10:28:41.741 [info] fatal: not a git repository (or any parent up to mount point /)
Stopping at filesystem boundary (GIT_DISCOVERY_ACROSS_FILESYSTEM not set).
2025-10-18 10:29:12.272 [info] > git rev-parse --show-toplevel [2ms]
2025-10-18 10:29:12.272 [info] fatal: not a git repository (or any parent up to mount point /)
Stopping at filesystem boundary (GIT_DISCOVERY_ACROSS_FILESYSTEM not set).
2025-10-18 10:29:17.036 [info] > git rev-parse --show-toplevel [1ms]
2025-10-18 10:29:17.036 [info] fatal: not a git repository (or any parent up to mount point /)
Stopping at filesystem boundary (GIT_DISCOVERY_ACROSS_FILESYSTEM not set).
2025-10-19 13:49:41.680 [info] > git rev-parse --show-toplevel [1ms]
2025-10-19 13:49:41.680 [info] fatal: not a git repository (or any parent up to mount point /)
Stopping at filesystem boundary (GIT_DISCOVERY_ACROSS_FILESYSTEM not set).
2025-10-19 13:49:43.632 [info] > git rev-parse --show-toplevel [1ms]
2025-10-19 13:49:43.633 [info] fatal: not a git repository (or any parent up to mount point /)
Stopping at filesystem boundary (GIT_DISCOVERY_ACROSS_FILESYSTEM not set).
2025-10-19 13:49:50.168 [info] > git rev-parse --show-toplevel [1ms]
2025-10-19 13:49:50.168 [info] fatal: not a git repository (or any parent up to mount point /)
Stopping at filesystem boundary (GIT_DISCOVERY_ACROSS_FILESYSTEM not set).
2025-10-19 13:49:52.507 [info] > git rev-parse --show-toplevel [2ms]
2025-10-19 13:49:52.507 [info] fatal: not a git repository (or any parent up to mount point /)
Stopping at filesystem boundary (GIT_DISCOVERY_ACROSS_FILESYSTEM not set).
2025-10-19 13:50:06.873 [info] > git rev-parse --show-toplevel [1ms]
2025-10-19 13:50:06.873 [info] fatal: not a git repository (or any parent up to mount point /)
Stopping at filesystem boundary (GIT_DISCOVERY_ACROSS_FILESYSTEM not set).
2025-10-19 13:50:07.576 [info] > git rev-parse --show-toplevel [1ms]
2025-10-19 13:50:07.576 [info] fatal: not a git repository (or any parent up to mount point /)
Stopping at filesystem boundary (GIT_DISCOVERY_ACROSS_FILESYSTEM not set).
2025-10-19 13:50:08.957 [info] > git rev-parse --show-toplevel [1ms]
2025-10-19 13:50:08.957 [info] fatal: not a git repository (or any parent up to mount point /)
Stopping at filesystem boundary (GIT_DISCOVERY_ACROSS_FILESYSTEM not set).
2025-10-19 13:50:09.918 [info] > git rev-parse --show-toplevel [2ms]
2025-10-19 13:50:09.918 [info] fatal: not a git repository (or any parent up to mount point /)
Stopping at filesystem boundary (GIT_DISCOVERY_ACROSS_FILESYSTEM not set).
2025-10-19 13:50:13.614 [info] > git rev-parse --show-toplevel [1ms]
2025-10-19 13:50:13.614 [info] fatal: not a git repository (or any parent up to mount point /)
Stopping at filesystem boundary (GIT_DISCOVERY_ACROSS_FILESYSTEM not set).
2025-10-19 13:50:48.113 [info] > git rev-parse --show-toplevel [5ms]
2025-10-19 13:50:48.113 [info] fatal: not a git repository (or any parent up to mount point /)
Stopping at filesystem boundary (GIT_DISCOVERY_ACROSS_FILESYSTEM not set).
2025-10-19 13:51:10.088 [info] > git rev-parse --show-toplevel [2ms]
2025-10-19 13:51:10.088 [info] fatal: not a git repository (or any parent up to mount point /)
Stopping at filesystem boundary (GIT_DISCOVERY_ACROSS_FILESYSTEM not set).
2025-10-19 13:51:10.391 [info] > git rev-parse --show-toplevel [1ms]
2025-10-19 13:51:10.391 [info] fatal: not a git repository (or any parent up to mount point /)
Stopping at filesystem boundary (GIT_DISCOVERY_ACROSS_FILESYSTEM not set).
2025-10-19 13:51:22.673 [info] > git rev-parse --show-toplevel [1ms]
2025-10-19 13:51:22.673 [info] fatal: not a git repository (or any parent up to mount point /)
Stopping at filesystem boundary (GIT_DISCOVERY_ACROSS_FILESYSTEM not set).
2025-10-19 13:52:00.907 [info] > git rev-parse --show-toplevel [1ms]
2025-10-19 13:52:00.907 [info] fatal: not a git repository (or any parent up to mount point /)
Stopping at filesystem boundary (GIT_DISCOVERY_ACROSS_FILESYSTEM not set).
2025-10-19 13:52:26.113 [info] > git rev-parse --show-toplevel [1ms]
2025-10-19 13:52:26.113 [info] fatal: not a git repository (or any parent up to mount point /)
Stopping at filesystem boundary (GIT_DISCOVERY_ACROSS_FILESYSTEM not set).
2025-10-19 13:52:32.283 [info] > git rev-parse --show-toplevel [1ms]
2025-10-19 13:52:32.283 [info] fatal: not a git repository (or any parent up to mount point /)
Stopping at filesystem boundary (GIT_DISCOVERY_ACROSS_FILESYSTEM not set).
2025-10-19 13:52:35.889 [info] > git rev-parse --show-toplevel [1ms]
2025-10-19 13:52:35.889 [info] fatal: not a git repository (or any parent up to mount point /)
Stopping at filesystem boundary (GIT_DISCOVERY_ACROSS_FILESYSTEM not set).
2025-10-19 13:52:37.181 [info] > git rev-parse --show-toplevel [1ms]
2025-10-19 13:52:37.181 [info] fatal: not a git repository (or any parent up to mount point /)
Stopping at filesystem boundary (GIT_DISCOVERY_ACROSS_FILESYSTEM not set).
2025-10-19 13:52:48.270 [info] > git rev-parse --show-toplevel [1ms]
2025-10-19 13:52:48.270 [info] fatal: not a git repository (or any parent up to mount point /)
Stopping at filesystem boundary (GIT_DISCOVERY_ACROSS_FILESYSTEM not set).
2025-10-19 13:52:50.741 [info] > git rev-parse --show-toplevel [0ms]
2025-10-19 13:52:50.741 [info] fatal: not a git repository (or any parent up to mount point /)
Stopping at filesystem boundary (GIT_DISCOVERY_ACROSS_FILESYSTEM not set).
2025-10-19 13:52:57.197 [info] > git rev-parse --show-toplevel [1ms]
2025-10-19 13:52:57.197 [info] fatal: not a git repository (or any parent up to mount point /)
Stopping at filesystem boundary (GIT_DISCOVERY_ACROSS_FILESYSTEM not set).
2025-10-19 13:53:22.789 [info] > git rev-parse --show-toplevel [2ms]
2025-10-19 13:53:22.789 [info] fatal: not a git repository (or any parent up to mount point /)
Stopping at filesystem boundary (GIT_DISCOVERY_ACROSS_FILESYSTEM not set).
2025-10-19 13:55:04.880 [info] > git rev-parse --show-toplevel [1ms]
2025-10-19 13:55:04.880 [info] fatal: not a git repository (or any parent up to mount point /)
Stopping at filesystem boundary (GIT_DISCOVERY_ACROSS_FILESYSTEM not set).
2025-10-19 13:55:08.146 [info] > git rev-parse --show-toplevel [1ms]
2025-10-19 13:55:08.146 [info] fatal: not a git repository (or any parent up to mount point /)
Stopping at filesystem boundary (GIT_DISCOVERY_ACROSS_FILESYSTEM not set).
2025-10-19 13:55:15.687 [info] > git rev-parse --show-toplevel [1ms]
2025-10-19 13:55:15.687 [info] fatal: not a git repository (or any parent up to mount point /)
Stopping at filesystem boundary (GIT_DISCOVERY_ACROSS_FILESYSTEM not set).
2025-10-19 13:55:27.565 [info] > git rev-parse --show-toplevel [0ms]
2025-10-19 13:55:27.565 [info] fatal: not a git repository (or any parent up to mount point /)
Stopping at filesystem boundary (GIT_DISCOVERY_ACROSS_FILESYSTEM not set).
2025-10-19 13:56:22.632 [info] > git rev-parse --show-toplevel [1ms]
2025-10-19 13:56:22.633 [info] fatal: not a git repository (or any parent up to mount point /)
Stopping at filesystem boundary (GIT_DISCOVERY_ACROSS_FILESYSTEM not set).
2025-10-19 14:01:03.902 [info] > git rev-parse --show-toplevel [1ms]
2025-10-19 14:01:03.902 [info] fatal: not a git repository (or any parent up to mount point /)
Stopping at filesystem boundary (GIT_DISCOVERY_ACROSS_FILESYSTEM not set).
2025-10-19 14:01:40.779 [info] > git rev-parse --show-toplevel [1ms]
2025-10-19 14:01:40.779 [info] fatal: not a git repository (or any parent up to mount point /)
Stopping at filesystem boundary (GIT_DISCOVERY_ACROSS_FILESYSTEM not set).
2025-10-19 14:01:49.070 [info] > git rev-parse --show-toplevel [2ms]
2025-10-19 14:01:49.070 [info] fatal: not a git repository (or any parent up to mount point /)
Stopping at filesystem boundary (GIT_DISCOVERY_ACROSS_FILESYSTEM not set).
2025-10-19 14:02:22.218 [info] > git rev-parse --show-toplevel [0ms]
2025-10-19 14:02:22.218 [info] fatal: not a git repository (or any parent up to mount point /)
Stopping at filesystem boundary (GIT_DISCOVERY_ACROSS_FILESYSTEM not set).
2025-10-19 14:02:25.832 [info] > git rev-parse --show-toplevel [1ms]
2025-10-19 14:02:25.832 [info] fatal: not a git repository (or any parent up to mount point /)
Stopping at filesystem boundary (GIT_DISCOVERY_ACROSS_FILESYSTEM not set).
2025-10-19 14:02:34.147 [info] > git rev-parse --show-toplevel [1ms]
2025-10-19 14:02:34.147 [info] fatal: not a git repository (or any parent up to mount point /)
Stopping at filesystem boundary (GIT_DISCOVERY_ACROSS_FILESYSTEM not set).
2025-10-19 14:02:35.748 [info] > git rev-parse --show-toplevel [1ms]
2025-10-19 14:02:35.748 [info] fatal: not a git repository (or any parent up to mount point /)
Stopping at filesystem boundary (GIT_DISCOVERY_ACROSS_FILESYSTEM not set).
2025-10-19 14:02:38.373 [info] > git rev-parse --show-toplevel [0ms]
2025-10-19 14:02:38.373 [info] fatal: not a git repository (or any parent up to mount point /)
Stopping at filesystem boundary (GIT_DISCOVERY_ACROSS_FILESYSTEM not set).
2025-10-19 14:02:40.673 [info] > git rev-parse --show-toplevel [1ms]
2025-10-19 14:02:40.673 [info] fatal: not a git repository (or any parent up to mount point /)
Stopping at filesystem boundary (GIT_DISCOVERY_ACROSS_FILESYSTEM not set).
2025-10-19 14:02:47.877 [info] > git rev-parse --show-toplevel [1ms]
2025-10-19 14:02:47.877 [info] fatal: not a git repository (or any parent up to mount point /)
Stopping at filesystem boundary (GIT_DISCOVERY_ACROSS_FILESYSTEM not set).
2025-10-19 14:03:52.410 [info] > git rev-parse --show-toplevel [1ms]
2025-10-19 14:03:52.411 [info] fatal: not a git repository (or any parent up to mount point /)
Stopping at filesystem boundary (GIT_DISCOVERY_ACROSS_FILESYSTEM not set).
2025-10-19 14:04:09.927 [info] > git rev-parse --show-toplevel [1ms]
2025-10-19 14:04:09.927 [info] fatal: not a git repository (or any parent up to mount point /)
Stopping at filesystem boundary (GIT_DISCOVERY_ACROSS_FILESYSTEM not set).
2025-10-19 14:04:18.441 [info] > git rev-parse --show-toplevel [1ms]
2025-10-19 14:04:18.441 [info] fatal: not a git repository (or any parent up to mount point /)
Stopping at filesystem boundary (GIT_DISCOVERY_ACROSS_FILESYSTEM not set).
2025-10-19 14:04:27.019 [info] > git rev-parse --show-toplevel [1ms]
2025-10-19 14:04:27.019 [info] fatal: not a git repository (or any parent up to mount point /)
Stopping at filesystem boundary (GIT_DISCOVERY_ACROSS_FILESYSTEM not set).
2025-10-19 14:04:50.932 [info] > git rev-parse --show-toplevel [1ms]
2025-10-19 14:04:50.932 [info] fatal: not a git repository (or any parent up to mount point /)
Stopping at filesystem boundary (GIT_DISCOVERY_ACROSS_FILESYSTEM not set).
2025-10-19 14:06:06.073 [info] > git rev-parse --show-toplevel [1ms]
2025-10-19 14:06:06.073 [info] fatal: not a git repository (or any parent up to mount point /)
Stopping at filesystem boundary (GIT_DISCOVERY_ACROSS_FILESYSTEM not set).
2025-10-19 14:07:03.800 [info] > git rev-parse --show-toplevel [1ms]
2025-10-19 14:07:03.800 [info] fatal: not a git repository (or any parent up to mount point /)
Stopping at filesystem boundary (GIT_DISCOVERY_ACROSS_FILESYSTEM not set).
2025-10-19 14:08:47.155 [info] > git rev-parse --show-toplevel [2ms]
2025-10-19 14:08:47.155 [info] fatal: not a git repository (or any parent up to mount point /)
Stopping at filesystem boundary (GIT_DISCOVERY_ACROSS_FILESYSTEM not set).
2025-10-19 14:10:10.218 [info] > git rev-parse --show-toplevel [1ms]
2025-10-19 14:10:10.218 [info] fatal: not a git repository (or any parent up to mount point /)
Stopping at filesystem boundary (GIT_DISCOVERY_ACROSS_FILESYSTEM not set).
2025-10-19 14:10:23.735 [info] > git rev-parse --show-toplevel [1ms]
2025-10-19 14:10:23.735 [info] fatal: not a git repository (or any parent up to mount point /)
Stopping at filesystem boundary (GIT_DISCOVERY_ACROSS_FILESYSTEM not set).
2025-10-19 14:10:45.550 [info] > git rev-parse --show-toplevel [0ms]
2025-10-19 14:10:45.550 [info] fatal: not a git repository (or any parent up to mount point /)
Stopping at filesystem boundary (GIT_DISCOVERY_ACROSS_FILESYSTEM not set).
2025-10-19 14:10:47.156 [info] > git rev-parse --show-toplevel [1ms]
2025-10-19 14:10:47.156 [info] fatal: not a git repository (or any parent up to mount point /)
Stopping at filesystem boundary (GIT_DISCOVERY_ACROSS_FILESYSTEM not set).
2025-10-19 14:10:49.445 [info] > git rev-parse --show-toplevel [1ms]
2025-10-19 14:10:49.445 [info] fatal: not a git repository (or any parent up to mount point /)
Stopping at filesystem boundary (GIT_DISCOVERY_ACROSS_FILESYSTEM not set).
2025-10-19 14:11:12.158 [info] > git rev-parse --show-toplevel [1ms]
2025-10-19 14:11:12.158 [info] fatal: not a git repository (or any parent up to mount point /)
Stopping at filesystem boundary (GIT_DISCOVERY_ACROSS_FILESYSTEM not set).
2025-10-19 14:11:20.751 [info] > git rev-parse --show-toplevel [2ms]
2025-10-19 14:11:20.751 [info] fatal: not a git repository (or any parent up to mount point /)
Stopping at filesystem boundary (GIT_DISCOVERY_ACROSS_FILESYSTEM not set).
2025-10-19 14:11:40.551 [info] > git rev-parse --show-toplevel [0ms]
2025-10-19 14:11:40.551 [info] fatal: not a git repository (or any parent up to mount point /)
Stopping at filesystem boundary (GIT_DISCOVERY_ACROSS_FILESYSTEM not set).
2025-10-19 14:11:43.020 [info] > git rev-parse --show-toplevel [1ms]
2025-10-19 14:11:43.020 [info] fatal: not a git repository (or any parent up to mount point /)
Stopping at filesystem boundary (GIT_DISCOVERY_ACROSS_FILESYSTEM not set).
2025-10-19 14:12:04.865 [info] > git rev-parse --show-toplevel [1ms]
2025-10-19 14:12:04.865 [info] fatal: not a git repository (or any parent up to mount point /)
Stopping at filesystem boundary (GIT_DISCOVERY_ACROSS_FILESYSTEM not set).
2025-10-19 14:12:07.449 [info] > git rev-parse --show-toplevel [1ms]
2025-10-19 14:12:07.449 [info] fatal: not a git repository (or any parent up to mount point /)
Stopping at filesystem boundary (GIT_DISCOVERY_ACROSS_FILESYSTEM not set).
2025-10-19 14:12:10.287 [info] > git rev-parse --show-toplevel [1ms]
2025-10-19 14:12:10.287 [info] fatal: not a git repository (or any parent up to mount point /)
Stopping at filesystem boundary (GIT_DISCOVERY_ACROSS_FILESYSTEM not set).
2025-10-19 14:12:15.648 [info] > git rev-parse --show-toplevel [1ms]
2025-10-19 14:12:15.648 [info] fatal: not a git repository (or any parent up to mount point /)
Stopping at filesystem boundary (GIT_DISCOVERY_ACROSS_FILESYSTEM not set).
2025-10-19 14:12:17.313 [info] > git rev-parse --show-toplevel [0ms]
2025-10-19 14:12:17.313 [info] fatal: not a git repository (or any parent up to mount point /)
Stopping at filesystem boundary (GIT_DISCOVERY_ACROSS_FILESYSTEM not set).
2025-10-19 14:13:16.072 [info] > git rev-parse --show-toplevel [1ms]
2025-10-19 14:13:16.072 [info] fatal: not a git repository (or any parent up to mount point /)
Stopping at filesystem boundary (GIT_DISCOVERY_ACROSS_FILESYSTEM not set).
2025-10-19 14:13:18.205 [info] > git rev-parse --show-toplevel [1ms]
2025-10-19 14:13:18.205 [info] fatal: not a git repository (or any parent up to mount point /)
Stopping at filesystem boundary (GIT_DISCOVERY_ACROSS_FILESYSTEM not set).
2025-10-19 14:13:22.897 [info] > git rev-parse --show-toplevel [1ms]
2025-10-19 14:13:22.897 [info] fatal: not a git repository (or any parent up to mount point /)
Stopping at filesystem boundary (GIT_DISCOVERY_ACROSS_FILESYSTEM not set).
2025-10-19 14:13:52.702 [info] > git rev-parse --show-toplevel [1ms]
2025-10-19 14:13:52.702 [info] fatal: not a git repository (or any parent up to mount point /)
Stopping at filesystem boundary (GIT_DISCOVERY_ACROSS_FILESYSTEM not set).
2025-10-19 14:16:13.715 [info] > git rev-parse --show-toplevel [3ms]
2025-10-19 14:16:13.715 [info] fatal: not a git repository (or any parent up to mount point /)
Stopping at filesystem boundary (GIT_DISCOVERY_ACROSS_FILESYSTEM not set).
2025-10-19 14:16:13.886 [info] > git rev-parse --show-toplevel [1ms]
2025-10-19 14:16:13.886 [info] fatal: not a git repository (or any parent up to mount point /)
Stopping at filesystem boundary (GIT_DISCOVERY_ACROSS_FILESYSTEM not set).
2025-10-19 14:16:41.324 [info] > git rev-parse --show-toplevel [1ms]
2025-10-19 14:16:41.324 [info] fatal: not a git repository (or any parent up to mount point /)
Stopping at filesystem boundary (GIT_DISCOVERY_ACROSS_FILESYSTEM not set).
2025-10-19 14:22:17.398 [info] > git rev-parse --show-toplevel [1ms]
2025-10-19 14:22:17.398 [info] fatal: not a git repository (or any parent up to mount point /)
Stopping at filesystem boundary (GIT_DISCOVERY_ACROSS_FILESYSTEM not set).
2025-10-19 14:22:17.525 [info] > git rev-parse --show-toplevel [0ms]
2025-10-19 14:22:17.525 [info] fatal: not a git repository (or any parent up to mount point /)
Stopping at filesystem boundary (GIT_DISCOVERY_ACROSS_FILESYSTEM not set).
2025-10-19 14:27:00.333 [info] > git rev-parse --show-toplevel [0ms]
2025-10-19 14:27:00.334 [info] fatal: not a git repository (or any parent up to mount point /)
Stopping at filesystem boundary (GIT_DISCOVERY_ACROSS_FILESYSTEM not set).
2025-10-19 14:32:06.131 [info] > git rev-parse --show-toplevel [1ms]
2025-10-19 14:32:06.132 [info] fatal: not a git repository (or any parent up to mount point /)
Stopping at filesystem boundary (GIT_DISCOVERY_ACROSS_FILESYSTEM not set).
2025-10-19 14:40:14.716 [info] > git rev-parse --show-toplevel [1ms]
2025-10-19 14:40:14.716 [info] fatal: not a git repository (or any parent up to mount point /)
Stopping at filesystem boundary (GIT_DISCOVERY_ACROSS_FILESYSTEM not set).
2025-10-19 14:40:14.842 [info] > git rev-parse --show-toplevel [1ms]
2025-10-19 14:40:14.842 [info] fatal: not a git repository (or any parent up to mount point /)
Stopping at filesystem boundary (GIT_DISCOVERY_ACROSS_FILESYSTEM not set).
2025-10-19 14:41:52.132 [info] > git rev-parse --show-toplevel [1ms]
2025-10-19 14:41:52.132 [info] fatal: not a git repository (or any parent up to mount point /)
Stopping at filesystem boundary (GIT_DISCOVERY_ACROSS_FILESYSTEM not set).
2025-10-19 14:41:52.257 [info] > git rev-parse --show-toplevel [0ms]
2025-10-19 14:41:52.257 [info] fatal: not a git repository (or any parent up to mount point /)
Stopping at filesystem boundary (GIT_DISCOVERY_ACROSS_FILESYSTEM not set).
2025-10-19 14:44:02.508 [info] > git rev-parse --show-toplevel [1ms]
2025-10-19 14:44:02.508 [info] fatal: not a git repository (or any parent up to mount point /)
Stopping at filesystem boundary (GIT_DISCOVERY_ACROSS_FILESYSTEM not set).
2025-10-19 14:44:02.633 [info] > git rev-parse --show-toplevel [0ms]
2025-10-19 14:44:02.633 [info] fatal: not a git repository (or any parent up to mount point /)
Stopping at filesystem boundary (GIT_DISCOVERY_ACROSS_FILESYSTEM not set).
2025-10-19 14:46:17.319 [info] > git rev-parse --show-toplevel [1ms]
2025-10-19 14:46:17.319 [info] fatal: not a git repository (or any parent up to mount point /)
Stopping at filesystem boundary (GIT_DISCOVERY_ACROSS_FILESYSTEM not set).
2025-10-19 14:46:34.554 [info] > git rev-parse --show-toplevel [0ms]
2025-10-19 14:46:34.554 [info] fatal: not a git repository (or any parent up to mount point /)
Stopping at filesystem boundary (GIT_DISCOVERY_ACROSS_FILESYSTEM not set).
2025-10-19 14:46:39.735 [info] > git rev-parse --show-toplevel [1ms]
2025-10-19 14:46:39.735 [info] fatal: not a git repository (or any parent up to mount point /)
Stopping at filesystem boundary (GIT_DISCOVERY_ACROSS_FILESYSTEM not set).
2025-10-19 14:49:59.207 [info] > git rev-parse --show-toplevel [1ms]
2025-10-19 14:49:59.207 [info] fatal: not a git repository (or any parent up to mount point /)
Stopping at filesystem boundary (GIT_DISCOVERY_ACROSS_FILESYSTEM not set).
2025-10-19 14:49:59.340 [info] > git rev-parse --show-toplevel [1ms]
2025-10-19 14:49:59.340 [info] fatal: not a git repository (or any parent up to mount point /)
Stopping at filesystem boundary (GIT_DISCOVERY_ACROSS_FILESYSTEM not set).
2025-10-19 14:50:46.361 [info] > git rev-parse --show-toplevel [1ms]
2025-10-19 14:50:46.361 [info] fatal: not a git repository (or any parent up to mount point /)
Stopping at filesystem boundary (GIT_DISCOVERY_ACROSS_FILESYSTEM not set).
2025-10-19 14:50:49.048 [info] > git rev-parse --show-toplevel [0ms]
2025-10-19 14:50:49.048 [info] fatal: not a git repository (or any parent up to mount point /)
Stopping at filesystem boundary (GIT_DISCOVERY_ACROSS_FILESYSTEM not set).
2025-10-19 14:52:58.363 [info] > git rev-parse --show-toplevel [1ms]
2025-10-19 14:52:58.363 [info] fatal: not a git repository (or any parent up to mount point /)
Stopping at filesystem boundary (GIT_DISCOVERY_ACROSS_FILESYSTEM not set).
2025-10-19 14:52:58.488 [info] > git rev-parse --show-toplevel [1ms]
2025-10-19 14:52:58.488 [info] fatal: not a git repository (or any parent up to mount point /)
Stopping at filesystem boundary (GIT_DISCOVERY_ACROSS_FILESYSTEM not set).
2025-10-19 14:54:25.349 [info] > git rev-parse --show-toplevel [1ms]
2025-10-19 14:54:25.349 [info] fatal: not a git repository (or any parent up to mount point /)
Stopping at filesystem boundary (GIT_DISCOVERY_ACROSS_FILESYSTEM not set).
2025-10-19 14:55:21.587 [info] > git rev-parse --show-toplevel [1ms]
2025-10-19 14:55:21.587 [info] fatal: not a git repository (or any parent up to mount point /)
Stopping at filesystem boundary (GIT_DISCOVERY_ACROSS_FILESYSTEM not set).
2025-10-19 14:55:21.711 [info] > git rev-parse --show-toplevel [1ms]
2025-10-19 14:55:21.711 [info] fatal: not a git repository (or any parent up to mount point /)
Stopping at filesystem boundary (GIT_DISCOVERY_ACROSS_FILESYSTEM not set).
2025-10-19 14:55:55.603 [info] > git rev-parse --show-toplevel [1ms]
2025-10-19 14:55:55.603 [info] fatal: not a git repository (or any parent up to mount point /)
Stopping at filesystem boundary (GIT_DISCOVERY_ACROSS_FILESYSTEM not set).
2025-10-19 14:57:24.095 [info] > git rev-parse --show-toplevel [0ms]
2025-10-19 14:57:24.095 [info] fatal: not a git repository (or any parent up to mount point /)
Stopping at filesystem boundary (GIT_DISCOVERY_ACROSS_FILESYSTEM not set).
2025-10-19 14:58:42.826 [info] > git rev-parse --show-toplevel [0ms]
2025-10-19 14:58:42.826 [info] fatal: not a git repository (or any parent up to mount point /)
Stopping at filesystem boundary (GIT_DISCOVERY_ACROSS_FILESYSTEM not set).
2025-10-19 14:59:07.793 [info] > git rev-parse --show-toplevel [1ms]
2025-10-19 14:59:07.793 [info] fatal: not a git repository (or any parent up to mount point /)
Stopping at filesystem boundary (GIT_DISCOVERY_ACROSS_FILESYSTEM not set).
2025-10-19 14:59:40.387 [info] > git rev-parse --show-toplevel [1ms]
2025-10-19 14:59:40.387 [info] fatal: not a git repository (or any parent up to mount point /)
Stopping at filesystem boundary (GIT_DISCOVERY_ACROSS_FILESYSTEM not set).
2025-10-19 15:00:19.482 [info] > git rev-parse --show-toplevel [1ms]
2025-10-19 15:00:19.482 [info] fatal: not a git repository (or any parent up to mount point /)
Stopping at filesystem boundary (GIT_DISCOVERY_ACROSS_FILESYSTEM not set).
2025-10-19 15:00:25.463 [info] > git rev-parse --show-toplevel [0ms]
2025-10-19 15:00:25.463 [info] fatal: not a git repository (or any parent up to mount point /)
Stopping at filesystem boundary (GIT_DISCOVERY_ACROSS_FILESYSTEM not set).
2025-10-19 15:00:27.284 [info] > git rev-parse --show-toplevel [1ms]
2025-10-19 15:00:27.284 [info] fatal: not a git repository (or any parent up to mount point /)
Stopping at filesystem boundary (GIT_DISCOVERY_ACROSS_FILESYSTEM not set).
2025-10-19 15:00:30.854 [info] > git rev-parse --show-toplevel [1ms]
2025-10-19 15:00:30.854 [info] fatal: not a git repository (or any parent up to mount point /)
Stopping at filesystem boundary (GIT_DISCOVERY_ACROSS_FILESYSTEM not set).
2025-10-19 15:01:42.278 [info] > git rev-parse --show-toplevel [0ms]
2025-10-19 15:01:42.278 [info] fatal: not a git repository (or any parent up to mount point /)
Stopping at filesystem boundary (GIT_DISCOVERY_ACROSS_FILESYSTEM not set).
2025-10-19 15:02:23.734 [info] > git rev-parse --show-toplevel [1ms]
2025-10-19 15:02:23.734 [info] fatal: not a git repository (or any parent up to mount point /)
Stopping at filesystem boundary (GIT_DISCOVERY_ACROSS_FILESYSTEM not set).
2025-10-19 15:02:36.793 [info] > git rev-parse --show-toplevel [0ms]
2025-10-19 15:02:36.793 [info] fatal: not a git repository (or any parent up to mount point /)
Stopping at filesystem boundary (GIT_DISCOVERY_ACROSS_FILESYSTEM not set).
2025-10-19 15:02:41.273 [info] > git rev-parse --show-toplevel [0ms]
2025-10-19 15:02:41.273 [info] fatal: not a git repository (or any parent up to mount point /)
Stopping at filesystem boundary (GIT_DISCOVERY_ACROSS_FILESYSTEM not set).
2025-10-19 15:02:46.890 [info] > git rev-parse --show-toplevel [2ms]
2025-10-19 15:02:46.890 [info] fatal: not a git repository (or any parent up to mount point /)
Stopping at filesystem boundary (GIT_DISCOVERY_ACROSS_FILESYSTEM not set).
2025-10-19 15:02:51.944 [info] > git rev-parse --show-toplevel [1ms]
2025-10-19 15:02:51.944 [info] fatal: not a git repository (or any parent up to mount point /)
Stopping at filesystem boundary (GIT_DISCOVERY_ACROSS_FILESYSTEM not set).
2025-10-19 15:04:58.113 [info] > git rev-parse --show-toplevel [1ms]
2025-10-19 15:04:58.113 [info] fatal: not a git repository (or any parent up to mount point /)
Stopping at filesystem boundary (GIT_DISCOVERY_ACROSS_FILESYSTEM not set).
2025-10-19 15:04:58.241 [info] > git rev-parse --show-toplevel [0ms]
2025-10-19 15:04:58.241 [info] fatal: not a git repository (or any parent up to mount point /)
Stopping at filesystem boundary (GIT_DISCOVERY_ACROSS_FILESYSTEM not set).
2025-10-19 15:05:14.123 [info] > git rev-parse --show-toplevel [1ms]
2025-10-19 15:05:14.123 [info] fatal: not a git repository (or any parent up to mount point /)
Stopping at filesystem boundary (GIT_DISCOVERY_ACROSS_FILESYSTEM not set).
2025-10-19 15:05:43.446 [info] > git rev-parse --show-toplevel [1ms]
2025-10-19 15:05:43.446 [info] fatal: not a git repository (or any parent up to mount point /)
Stopping at filesystem boundary (GIT_DISCOVERY_ACROSS_FILESYSTEM not set).
2025-10-19 15:05:43.571 [info] > git rev-parse --show-toplevel [0ms]
2025-10-19 15:05:43.571 [info] fatal: not a git repository (or any parent up to mount point /)
Stopping at filesystem boundary (GIT_DISCOVERY_ACROSS_FILESYSTEM not set).
2025-10-19 15:06:30.963 [info] > git rev-parse --show-toplevel [0ms]
2025-10-19 15:06:30.963 [info] fatal: not a git repository (or any parent up to mount point /)
Stopping at filesystem boundary (GIT_DISCOVERY_ACROSS_FILESYSTEM not set).
2025-10-19 15:06:54.170 [info] > git rev-parse --show-toplevel [0ms]
2025-10-19 15:06:54.170 [info] fatal: not a git repository (or any parent up to mount point /)
Stopping at filesystem boundary (GIT_DISCOVERY_ACROSS_FILESYSTEM not set).
2025-10-19 15:06:55.600 [info] > git rev-parse --show-toplevel [1ms]
2025-10-19 15:06:55.600 [info] fatal: not a git repository (or any parent up to mount point /)
Stopping at filesystem boundary (GIT_DISCOVERY_ACROSS_FILESYSTEM not set).
2025-10-19 15:07:18.194 [info] > git rev-parse --show-toplevel [1ms]
2025-10-19 15:07:18.194 [info] fatal: not a git repository (or any parent up to mount point /)
Stopping at filesystem boundary (GIT_DISCOVERY_ACROSS_FILESYSTEM not set).
2025-10-19 15:07:25.729 [info] > git rev-parse --show-toplevel [0ms]
2025-10-19 15:07:25.729 [info] fatal: not a git repository (or any parent up to mount point /)
Stopping at filesystem boundary (GIT_DISCOVERY_ACROSS_FILESYSTEM not set).
2025-10-19 15:07:26.753 [info] > git rev-parse --show-toplevel [0ms]
2025-10-19 15:07:26.754 [info] fatal: not a git repository (or any parent up to mount point /)
Stopping at filesystem boundary (GIT_DISCOVERY_ACROSS_FILESYSTEM not set).
2025-10-19 15:09:06.033 [info] > git rev-parse --show-toplevel [1ms]
2025-10-19 15:09:06.033 [info] fatal: not a git repository (or any parent up to mount point /)
Stopping at filesystem boundary (GIT_DISCOVERY_ACROSS_FILESYSTEM not set).
2025-10-19 15:09:38.463 [info] > git rev-parse --show-toplevel [1ms]
2025-10-19 15:09:38.463 [info] fatal: not a git repository (or any parent up to mount point /)
Stopping at filesystem boundary (GIT_DISCOVERY_ACROSS_FILESYSTEM not set).
2025-10-19 15:09:38.588 [info] > git rev-parse --show-toplevel [1ms]
2025-10-19 15:09:38.588 [info] fatal: not a git repository (or any parent up to mount point /)
Stopping at filesystem boundary (GIT_DISCOVERY_ACROSS_FILESYSTEM not set).
2025-10-19 15:12:00.751 [info] > git rev-parse --show-toplevel [1ms]
2025-10-19 15:12:00.751 [info] fatal: not a git repository (or any parent up to mount point /)
Stopping at filesystem boundary (GIT_DISCOVERY_ACROSS_FILESYSTEM not set).
2025-10-19 15:12:28.808 [info] > git rev-parse --show-toplevel [0ms]
2025-10-19 15:12:28.808 [info] fatal: not a git repository (or any parent up to mount point /)
Stopping at filesystem boundary (GIT_DISCOVERY_ACROSS_FILESYSTEM not set).
2025-10-19 15:13:42.550 [info] > git rev-parse --show-toplevel [0ms]
2025-10-19 15:13:42.550 [info] fatal: not a git repository (or any parent up to mount point /)
Stopping at filesystem boundary (GIT_DISCOVERY_ACROSS_FILESYSTEM not set).
2025-10-19 15:14:00.224 [info] > git rev-parse --show-toplevel [1ms]
2025-10-19 15:14:00.224 [info] fatal: not a git repository (or any parent up to mount point /)
Stopping at filesystem boundary (GIT_DISCOVERY_ACROSS_FILESYSTEM not set).
2025-10-19 15:14:00.353 [info] > git rev-parse --show-toplevel [0ms]
2025-10-19 15:14:00.354 [info] fatal: not a git repository (or any parent up to mount point /)
Stopping at filesystem boundary (GIT_DISCOVERY_ACROSS_FILESYSTEM not set).
2025-10-19 15:14:28.922 [info] > git rev-parse --show-toplevel [1ms]
2025-10-19 15:14:28.922 [info] fatal: not a git repository (or any parent up to mount point /)
Stopping at filesystem boundary (GIT_DISCOVERY_ACROSS_FILESYSTEM not set).
2025-10-19 15:14:59.270 [info] > git rev-parse --show-toplevel [1ms]
2025-10-19 15:14:59.270 [info] fatal: not a git repository (or any parent up to mount point /)
Stopping at filesystem boundary (GIT_DISCOVERY_ACROSS_FILESYSTEM not set).
2025-10-19 15:14:59.403 [info] > git rev-parse --show-toplevel [0ms]
2025-10-19 15:14:59.403 [info] fatal: not a git repository (or any parent up to mount point /)
Stopping at filesystem boundary (GIT_DISCOVERY_ACROSS_FILESYSTEM not set).
2025-10-19 15:15:40.432 [info] > git rev-parse --show-toplevel [1ms]
2025-10-19 15:15:40.432 [info] fatal: not a git repository (or any parent up to mount point /)
Stopping at filesystem boundary (GIT_DISCOVERY_ACROSS_FILESYSTEM not set).
2025-10-19 15:15:40.558 [info] > git rev-parse --show-toplevel [0ms]
2025-10-19 15:15:40.558 [info] fatal: not a git repository (or any parent up to mount point /)
Stopping at filesystem boundary (GIT_DISCOVERY_ACROSS_FILESYSTEM not set).
2025-10-19 15:16:15.705 [info] > git rev-parse --show-toplevel [1ms]
2025-10-19 15:16:15.705 [info] fatal: not a git repository (or any parent up to mount point /)
Stopping at filesystem boundary (GIT_DISCOVERY_ACROSS_FILESYSTEM not set).
2025-10-19 15:16:15.837 [info] > git rev-parse --show-toplevel [0ms]
2025-10-19 15:16:15.837 [info] fatal: not a git repository (or any parent up to mount point /)
Stopping at filesystem boundary (GIT_DISCOVERY_ACROSS_FILESYSTEM not set).
2025-10-19 15:16:38.887 [info] > git rev-parse --show-toplevel [1ms]
2025-10-19 15:16:38.887 [info] fatal: not a git repository (or any parent up to mount point /)
Stopping at filesystem boundary (GIT_DISCOVERY_ACROSS_FILESYSTEM not set).
2025-10-19 15:16:39.014 [info] > git rev-parse --show-toplevel [1ms]
2025-10-19 15:16:39.014 [info] fatal: not a git repository (or any parent up to mount point /)
Stopping at filesystem boundary (GIT_DISCOVERY_ACROSS_FILESYSTEM not set).
2025-10-19 15:17:18.326 [info] > git rev-parse --show-toplevel [1ms]
2025-10-19 15:17:18.326 [info] fatal: not a git repository (or any parent up to mount point /)
Stopping at filesystem boundary (GIT_DISCOVERY_ACROSS_FILESYSTEM not set).
2025-10-19 15:17:20.125 [info] > git rev-parse --show-toplevel [1ms]
2025-10-19 15:17:20.125 [info] fatal: not a git repository (or any parent up to mount point /)
Stopping at filesystem boundary (GIT_DISCOVERY_ACROSS_FILESYSTEM not set).
2025-10-19 15:18:51.873 [info] > git rev-parse --show-toplevel [1ms]
2025-10-19 15:18:51.873 [info] fatal: not a git repository (or any parent up to mount point /)
Stopping at filesystem boundary (GIT_DISCOVERY_ACROSS_FILESYSTEM not set).
2025-10-19 15:19:05.598 [info] > git rev-parse --show-toplevel [0ms]
2025-10-19 15:19:05.598 [info] fatal: not a git repository (or any parent up to mount point /)
Stopping at filesystem boundary (GIT_DISCOVERY_ACROSS_FILESYSTEM not set).
2025-10-19 15:19:49.635 [info] > git rev-parse --show-toplevel [1ms]
2025-10-19 15:19:49.635 [info] fatal: not a git repository (or any parent up to mount point /)
Stopping at filesystem boundary (GIT_DISCOVERY_ACROSS_FILESYSTEM not set).
2025-10-19 15:19:49.763 [info] > git rev-parse --show-toplevel [1ms]
2025-10-19 15:19:49.763 [info] fatal: not a git repository (or any parent up to mount point /)
Stopping at filesystem boundary (GIT_DISCOVERY_ACROSS_FILESYSTEM not set).
2025-10-19 15:30:21.260 [info] > git rev-parse --show-toplevel [1ms]
2025-10-19 15:30:21.260 [info] fatal: not a git repository (or any parent up to mount point /)
Stopping at filesystem boundary (GIT_DISCOVERY_ACROSS_FILESYSTEM not set).
2025-10-19 15:30:21.385 [info] > git rev-parse --show-toplevel [0ms]
2025-10-19 15:30:21.385 [info] fatal: not a git repository (or any parent up to mount point /)
Stopping at filesystem boundary (GIT_DISCOVERY_ACROSS_FILESYSTEM not set).
2025-10-19 15:58:40.650 [info] > git rev-parse --show-toplevel [2ms]
2025-10-19 15:58:40.656 [info] > git rev-parse --git-dir --git-common-dir --show-superproject-working-tree [2ms]
2025-10-19 15:58:40.666 [info] [Model][openRepository] Opened repository (path): /home/cgar/Session_5/ObjetConnecte/ESC_Charles
2025-10-19 15:58:40.666 [info] [Model][openRepository] Opened repository (real path): /home/cgar/Session_5/ObjetConnecte/ESC_Charles
2025-10-19 15:58:40.666 [info] [Model][openRepository] Opened repository (kind): repository
2025-10-19 15:58:40.677 [info] [Git][getRemotes] No remotes found in the git config file
2025-10-19 15:58:40.678 [info] > git for-each-ref --format=%(refname)%00%(upstream:short)%00%(objectname)%00%(upstream:track)%00%(upstream:remotename)%00%(upstream:remoteref) refs/heads/master refs/remotes/master [1ms]
2025-10-19 15:58:40.678 [warning] [Git][getBranch] No such branch: master
2025-10-19 15:58:40.678 [info] > git config --get commit.template [6ms]
2025-10-19 15:58:40.688 [info] > git for-each-ref --sort -committerdate --format %(refname)%00%(objectname)%00%(*objectname) [2ms]
2025-10-19 15:58:40.689 [info] > git status -z -uall [7ms]
2025-10-19 15:58:40.715 [info] > git for-each-ref --format=%(refname)%00%(upstream:short)%00%(objectname)%00%(upstream:track)%00%(upstream:remotename)%00%(upstream:remoteref) refs/heads/master refs/remotes/master [5ms]
2025-10-19 15:58:40.715 [warning] [Git][getBranch] No such branch: master
2025-10-19 15:58:40.716 [error] [GitHistoryProvider][resolveHEADMergeBase] Failed to resolve merge base for master: Error: No such branch: master.
2025-10-19 15:58:40.724 [info] > git config --get commit.template [9ms]
2025-10-19 15:58:40.735 [info] [Git][getRemotes] No remotes found in the git config file
2025-10-19 15:58:40.736 [info] > git for-each-ref --format=%(refname)%00%(upstream:short)%00%(objectname)%00%(upstream:track)%00%(upstream:remotename)%00%(upstream:remoteref) refs/heads/master refs/remotes/master [1ms]
2025-10-19 15:58:40.736 [warning] [Git][getBranch] No such branch: master
2025-10-19 15:58:40.759 [info] > git for-each-ref --sort -committerdate --format %(refname)%00%(objectname)%00%(*objectname) [6ms]
2025-10-19 15:58:40.885 [info] > git status -z -uall [143ms]
2025-10-19 15:58:41.224 [info] > git check-ignore -v -z --stdin [2ms]
2025-10-19 15:59:00.842 [info] > git check-ignore -v -z --stdin [1ms]
2025-10-19 15:59:11.457 [info] > git log --format=%H%n%aN%n%aE%n%at%n%ct%n%P%n%D%n%B -z --shortstat --diff-merges=first-parent -n50 --skip=0 --topo-order --decorate=full --stdin [1ms]
2025-10-19 15:59:11.457 [info] fatal: bad revision 'refs/heads/master'
2025-10-19 15:59:11.458 [error] [GitHistoryProvider][provideHistoryItems] Failed to get history items with options '{"historyItemRefs":["refs/heads/master"],"limit":50,"skip":0}': Failed to execute git {
  "exitCode": 128,
  "gitCommand": "log",
  "stdout": "",
  "stderr": "fatal: bad revision 'refs/heads/master'\n"
}
2025-10-19 15:59:12.083 [info] > git check-ignore -v -z --stdin [1ms]
2025-10-19 15:59:25.055 [info] > git add -A -- . [1051ms]
2025-10-19 15:59:25.440 [info] > git show --textconv :.git/COMMIT_EDITMSG [4ms]
2025-10-19 15:59:25.443 [info] > git ls-files --stage -- .git/COMMIT_EDITMSG [4ms]
2025-10-19 15:59:25.447 [info] > git hash-object -t tree /dev/null [4ms]
2025-10-19 15:59:25.447 [warning] [GitFileSystemProvider][readFile] File not found - git:/home/cgar/Session_5/ObjetConnecte/ESC_Charles/.git/COMMIT_EDITMSG.git?%7B%22path%22%3A%22%2Fhome%2Fcgar%2FSession_5%2FObjetConnecte%2FESC_Charles%2F.git%2FCOMMIT_EDITMSG%22%2C%22ref%22%3A%22%22%7D
2025-10-19 15:59:25.448 [info] > git hash-object -t tree /dev/null [2ms]
2025-10-19 15:59:25.448 [warning] [GitFileSystemProvider][stat] File not found - git:/home/cgar/Session_5/ObjetConnecte/ESC_Charles/.git/COMMIT_EDITMSG.git?%7B%22path%22%3A%22%2Fhome%2Fcgar%2FSession_5%2FObjetConnecte%2FESC_Charles%2F.git%2FCOMMIT_EDITMSG%22%2C%22ref%22%3A%22%22%7D
2025-10-19 15:59:25.772 [info] > git check-ignore -v -z --stdin [2ms]
2025-10-19 15:59:56.286 [info] > git log --format=%H%n%aN%n%aE%n%at%n%ct%n%P%n%D%n%B -z --shortstat --diff-merges=first-parent -n50 --skip=0 --topo-order --decorate=full --stdin [0ms]
2025-10-19 15:59:56.286 [info] fatal: bad revision 'refs/heads/master'
2025-10-19 15:59:56.286 [error] [GitHistoryProvider][provideHistoryItems] Failed to get history items with options '{"historyItemRefs":["refs/heads/master"],"limit":50,"skip":0}': Failed to execute git {
  "exitCode": 128,
  "gitCommand": "log",
  "stdout": "",
  "stderr": "fatal: bad revision 'refs/heads/master'\n"
}
